{"/home/sean/newsreduce/crawler/src/data.ts": {"path":"/home/sean/newsreduce/crawler/src/data.ts","statementMap":{"0":{"start":{"line":1,"column":0},"end":{"line":1,"column":39}},"1":{"start":{"line":2,"column":0},"end":{"line":2,"column":24}},"2":{"start":{"line":3,"column":0},"end":{"line":3,"column":47}},"3":{"start":{"line":4,"column":0},"end":{"line":4,"column":90}},"4":{"start":{"line":5,"column":0},"end":{"line":5,"column":48}},"5":{"start":{"line":6,"column":0},"end":{"line":6,"column":56}},"6":{"start":{"line":7,"column":0},"end":{"line":7,"column":38}},"7":{"start":{"line":10,"column":4},"end":{"line":21,"column":7}},"8":{"start":{"line":11,"column":28},"end":{"line":19,"column":10}},"9":{"start":{"line":12,"column":12},"end":{"line":18,"column":null}},"10":{"start":{"line":13,"column":16},"end":{"line":13,"column":35}},"11":{"start":{"line":14,"column":16},"end":{"line":14,"column":25}},"12":{"start":{"line":16,"column":16},"end":{"line":17,"column":35}},"13":{"start":{"line":16,"column":28},"end":{"line":16,"column":50}},"14":{"start":{"line":17,"column":21},"end":{"line":17,"column":35}},"15":{"start":{"line":20,"column":8},"end":{"line":20,"column":29}},"16":{"start":{"line":25,"column":4},"end":{"line":25,"column":39}},"17":{"start":{"line":25,"column":32},"end":{"line":25,"column":39}},"18":{"start":{"line":26,"column":18},"end":{"line":26,"column":54}},"19":{"start":{"line":27,"column":19},"end":{"line":27,"column":30}},"20":{"start":{"line":28,"column":4},"end":{"line":28,"column":44}},"21":{"start":{"line":24,"column":0},"end":{"line":24,"column":16}},"22":{"start":{"line":32,"column":18},"end":{"line":32,"column":56}},"23":{"start":{"line":33,"column":4},"end":{"line":33,"column":59}},"24":{"start":{"line":31,"column":0},"end":{"line":31,"column":16}},"25":{"start":{"line":36,"column":4},"end":{"line":36,"column":41}},"26":{"start":{"line":36,"column":34},"end":{"line":36,"column":41}},"27":{"start":{"line":37,"column":18},"end":{"line":37,"column":49}},"28":{"start":{"line":38,"column":19},"end":{"line":38,"column":48}},"29":{"start":{"line":38,"column":42},"end":{"line":38,"column":46}},"30":{"start":{"line":39,"column":4},"end":{"line":39,"column":44}},"31":{"start":{"line":35,"column":0},"end":{"line":35,"column":16}},"32":{"start":{"line":43,"column":17},"end":{"line":43,"column":33}},"33":{"start":{"line":44,"column":18},"end":{"line":44,"column":61}},"34":{"start":{"line":46,"column":19},"end":{"line":46,"column":31}},"35":{"start":{"line":47,"column":4},"end":{"line":48,"column":55}},"36":{"start":{"line":48,"column":8},"end":{"line":48,"column":53}},"37":{"start":{"line":48,"column":24},"end":{"line":48,"column":52}},"38":{"start":{"line":42,"column":0},"end":{"line":42,"column":16}},"39":{"start":{"line":51,"column":21},"end":{"line":51,"column":23}},"40":{"start":{"line":52,"column":4},"end":{"line":58,"column":null}},"41":{"start":{"line":53,"column":28},"end":{"line":53,"column":48}},"42":{"start":{"line":54,"column":8},"end":{"line":57,"column":46}},"43":{"start":{"line":55,"column":12},"end":{"line":57,"column":46}},"44":{"start":{"line":56,"column":16},"end":{"line":57,"column":43}},"45":{"start":{"line":57,"column":20},"end":{"line":57,"column":42}},"46":{"start":{"line":60,"column":4},"end":{"line":60,"column":32}},"47":{"start":{"line":50,"column":0},"end":{"line":50,"column":7}},"48":{"start":{"line":63,"column":18},"end":{"line":63,"column":52}},"49":{"start":{"line":64,"column":4},"end":{"line":64,"column":59}},"50":{"start":{"line":62,"column":0},"end":{"line":62,"column":16}},"51":{"start":{"line":67,"column":17},"end":{"line":67,"column":20}},"52":{"start":{"line":69,"column":4},"end":{"line":70,"column":85}},"53":{"start":{"line":70,"column":8},"end":{"line":70,"column":83}},"54":{"start":{"line":70,"column":56},"end":{"line":70,"column":82}},"55":{"start":{"line":68,"column":0},"end":{"line":68,"column":16}},"56":{"start":{"line":74,"column":18},"end":{"line":75,"column":94}},"57":{"start":{"line":75,"column":8},"end":{"line":75,"column":93}},"58":{"start":{"line":75,"column":68},"end":{"line":75,"column":92}},"59":{"start":{"line":77,"column":4},"end":{"line":77,"column":29}},"60":{"start":{"line":73,"column":0},"end":{"line":73,"column":7}},"61":{"start":{"line":81,"column":4},"end":{"line":81,"column":78}},"62":{"start":{"line":80,"column":0},"end":{"line":80,"column":16}},"63":{"start":{"line":85,"column":24},"end":{"line":87,"column":81}},"64":{"start":{"line":86,"column":8},"end":{"line":87,"column":80}},"65":{"start":{"line":87,"column":12},"end":{"line":87,"column":79}},"66":{"start":{"line":88,"column":4},"end":{"line":88,"column":46}},"67":{"start":{"line":88,"column":13},"end":{"line":88,"column":46}},"68":{"start":{"line":90,"column":4},"end":{"line":90,"column":15}},"69":{"start":{"line":84,"column":0},"end":{"line":84,"column":7}}},"fnMap":{"0":{"name":"genericSQLPromise","decl":{"start":{"line":9,"column":9},"end":{"line":9,"column":26}},"loc":{"start":{"line":9,"column":91},"end":{"line":22,"column":1}}},"1":{"name":"(anonymous_2)","decl":{"start":{"line":10,"column":27},"end":{"line":10,"column":32}},"loc":{"start":{"line":10,"column":46},"end":{"line":21,"column":5}}},"2":{"name":"(anonymous_3)","decl":{"start":{"line":11,"column":62},"end":{"line":11,"column":63}},"loc":{"start":{"line":11,"column":80},"end":{"line":19,"column":9}}},"3":{"name":"processWikiCategories","decl":{"start":{"line":24,"column":16},"end":{"line":24,"column":37}},"loc":{"start":{"line":24,"column":67},"end":{"line":29,"column":1}}},"4":{"name":"deleteLegacyWikiCategories","decl":{"start":{"line":31,"column":16},"end":{"line":31,"column":42}},"loc":{"start":{"line":31,"column":80},"end":{"line":34,"column":1}}},"5":{"name":"processWikiPages","decl":{"start":{"line":35,"column":16},"end":{"line":35,"column":32}},"loc":{"start":{"line":35,"column":54},"end":{"line":40,"column":1}}},"6":{"name":"(anonymous_7)","decl":{"start":{"line":38,"column":36},"end":{"line":38,"column":38}},"loc":{"start":{"line":38,"column":42},"end":{"line":38,"column":46}}},"7":{"name":"selectPreSchedule","decl":{"start":{"line":42,"column":16},"end":{"line":42,"column":33}},"loc":{"start":{"line":42,"column":33},"end":{"line":49,"column":1}}},"8":{"name":"(anonymous_9)","decl":{"start":{"line":47,"column":44},"end":{"line":47,"column":45}},"loc":{"start":{"line":48,"column":8},"end":{"line":48,"column":53}}},"9":{"name":"(anonymous_10)","decl":{"start":{"line":48,"column":17},"end":{"line":48,"column":20}},"loc":{"start":{"line":48,"column":24},"end":{"line":48,"column":52}}},"10":{"name":"schedule","decl":{"start":{"line":50,"column":22},"end":{"line":50,"column":30}},"loc":{"start":{"line":50,"column":45},"end":{"line":61,"column":1}}},"11":{"name":"(anonymous_12)","decl":{"start":{"line":55,"column":38},"end":{"line":55,"column":39}},"loc":{"start":{"line":56,"column":16},"end":{"line":57,"column":43}}},"12":{"name":"(anonymous_13)","decl":{"start":{"line":56,"column":94},"end":{"line":56,"column":97}},"loc":{"start":{"line":57,"column":20},"end":{"line":57,"column":42}}},"13":{"name":"processResourceLinks","decl":{"start":{"line":62,"column":16},"end":{"line":62,"column":36}},"loc":{"start":{"line":62,"column":84},"end":{"line":65,"column":1}}},"14":{"name":"getRedisKeys","decl":{"start":{"line":68,"column":16},"end":{"line":68,"column":28}},"loc":{"start":{"line":68,"column":65},"end":{"line":71,"column":1}}},"15":{"name":"(anonymous_16)","decl":{"start":{"line":69,"column":33},"end":{"line":69,"column":34}},"loc":{"start":{"line":70,"column":8},"end":{"line":70,"column":83}}},"16":{"name":"(anonymous_17)","decl":{"start":{"line":70,"column":41},"end":{"line":70,"column":42}},"loc":{"start":{"line":70,"column":56},"end":{"line":70,"column":82}}},"17":{"name":"crawlAllowed","decl":{"start":{"line":73,"column":22},"end":{"line":73,"column":34}},"loc":{"start":{"line":73,"column":47},"end":{"line":78,"column":1}}},"18":{"name":"(anonymous_19)","decl":{"start":{"line":74,"column":44},"end":{"line":74,"column":45}},"loc":{"start":{"line":75,"column":8},"end":{"line":75,"column":93}}},"19":{"name":"(anonymous_20)","decl":{"start":{"line":75,"column":52},"end":{"line":75,"column":53}},"loc":{"start":{"line":75,"column":68},"end":{"line":75,"column":92}}},"20":{"name":"throttle","decl":{"start":{"line":80,"column":16},"end":{"line":80,"column":24}},"loc":{"start":{"line":80,"column":49},"end":{"line":82,"column":1}}},"21":{"name":"popURL","decl":{"start":{"line":84,"column":22},"end":{"line":84,"column":28}},"loc":{"start":{"line":84,"column":41},"end":{"line":91,"column":1}}},"22":{"name":"(anonymous_23)","decl":{"start":{"line":85,"column":47},"end":{"line":85,"column":48}},"loc":{"start":{"line":86,"column":8},"end":{"line":87,"column":80}}},"23":{"name":"(anonymous_24)","decl":{"start":{"line":86,"column":66},"end":{"line":86,"column":67}},"loc":{"start":{"line":87,"column":12},"end":{"line":87,"column":79}}}},"branchMap":{"0":{"loc":{"start":{"line":12,"column":12},"end":{"line":18,"column":null}},"type":"if","locations":[{"start":{"line":12,"column":12},"end":{"line":18,"column":null}},{"start":{"line":12,"column":12},"end":{"line":18,"column":null}}]},"1":{"loc":{"start":{"line":16,"column":16},"end":{"line":17,"column":35}},"type":"if","locations":[{"start":{"line":16,"column":16},"end":{"line":17,"column":35}},{"start":{"line":16,"column":16},"end":{"line":17,"column":35}}]},"2":{"loc":{"start":{"line":25,"column":4},"end":{"line":25,"column":39}},"type":"if","locations":[{"start":{"line":25,"column":4},"end":{"line":25,"column":39}},{"start":{"line":25,"column":4},"end":{"line":25,"column":39}}]},"3":{"loc":{"start":{"line":36,"column":4},"end":{"line":36,"column":41}},"type":"if","locations":[{"start":{"line":36,"column":4},"end":{"line":36,"column":41}},{"start":{"line":36,"column":4},"end":{"line":36,"column":41}}]},"4":{"loc":{"start":{"line":54,"column":8},"end":{"line":57,"column":46}},"type":"if","locations":[{"start":{"line":54,"column":8},"end":{"line":57,"column":46}},{"start":{"line":54,"column":8},"end":{"line":57,"column":46}}]},"5":{"loc":{"start":{"line":57,"column":26},"end":{"line":57,"column":34}},"type":"cond-expr","locations":[{"start":{"line":57,"column":26},"end":{"line":57,"column":34}},{"start":{"line":57,"column":37},"end":{"line":57,"column":42}}]},"6":{"loc":{"start":{"line":70,"column":62},"end":{"line":70,"column":70}},"type":"cond-expr","locations":[{"start":{"line":70,"column":62},"end":{"line":70,"column":70}},{"start":{"line":70,"column":73},"end":{"line":70,"column":82}}]},"7":{"loc":{"start":{"line":75,"column":74},"end":{"line":75,"column":79}},"type":"cond-expr","locations":[{"start":{"line":75,"column":74},"end":{"line":75,"column":79}},{"start":{"line":75,"column":82},"end":{"line":75,"column":92}}]},"8":{"loc":{"start":{"line":87,"column":18},"end":{"line":87,"column":26}},"type":"cond-expr","locations":[{"start":{"line":87,"column":18},"end":{"line":87,"column":26}},{"start":{"line":87,"column":29},"end":{"line":87,"column":79}}]},"9":{"loc":{"start":{"line":87,"column":63},"end":{"line":87,"column":71}},"type":"cond-expr","locations":[{"start":{"line":87,"column":63},"end":{"line":87,"column":71}},{"start":{"line":87,"column":74},"end":{"line":87,"column":78}}]},"10":{"loc":{"start":{"line":87,"column":33},"end":{"line":87,"column":38}},"type":"binary-expr","locations":[{"start":{"line":87,"column":33},"end":{"line":87,"column":38}},{"start":{"line":87,"column":42},"end":{"line":87,"column":60}}]},"11":{"loc":{"start":{"line":88,"column":4},"end":{"line":88,"column":46}},"type":"if","locations":[{"start":{"line":88,"column":4},"end":{"line":88,"column":46}},{"start":{"line":88,"column":4},"end":{"line":88,"column":46}}]}},"s":{"0":3,"1":3,"2":3,"3":3,"4":3,"5":3,"6":3,"7":1,"8":1,"9":1,"10":0,"11":0,"12":1,"13":1,"14":0,"15":1,"16":0,"17":0,"18":0,"19":0,"20":0,"21":3,"22":0,"23":0,"24":3,"25":0,"26":0,"27":0,"28":0,"29":0,"30":0,"31":3,"32":1,"33":1,"34":1,"35":1,"36":1,"37":0,"38":3,"39":2,"40":2,"41":2,"42":2,"43":2,"44":2,"45":2,"46":2,"47":3,"48":0,"49":0,"50":3,"51":3,"52":2,"53":2,"54":2,"55":3,"56":4,"57":4,"58":4,"59":4,"60":3,"61":2,"62":3,"63":2,"64":2,"65":2,"66":2,"67":2,"68":2,"69":3},"f":{"0":1,"1":1,"2":1,"3":0,"4":0,"5":0,"6":0,"7":1,"8":1,"9":0,"10":2,"11":2,"12":2,"13":0,"14":2,"15":2,"16":2,"17":4,"18":4,"19":4,"20":2,"21":2,"22":2,"23":2},"b":{"0":[0,1],"1":[1,0],"2":[0,0],"3":[0,0],"4":[2,0],"5":[0,2],"6":[0,2],"7":[0,4],"8":[0,2],"9":[2,0],"10":[2,2],"11":[2,0]}}
,"/home/sean/newsreduce/crawler/src/file.ts": {"path":"/home/sean/newsreduce/crawler/src/file.ts","statementMap":{"0":{"start":{"line":1,"column":0},"end":{"line":1,"column":20}},"1":{"start":{"line":2,"column":0},"end":{"line":2,"column":24}},"2":{"start":{"line":3,"column":0},"end":{"line":3,"column":80}},"3":{"start":{"line":4,"column":0},"end":{"line":4,"column":39}},"4":{"start":{"line":5,"column":0},"end":{"line":5,"column":38}},"5":{"start":{"line":6,"column":0},"end":{"line":6,"column":84}},"6":{"start":{"line":7,"column":0},"end":{"line":7,"column":52}},"7":{"start":{"line":9,"column":15},"end":{"line":9,"column":23}},"8":{"start":{"line":10,"column":14},"end":{"line":10,"column":21}},"9":{"start":{"line":11,"column":22},"end":{"line":11,"column":28}},"10":{"start":{"line":12,"column":35},"end":{"line":12,"column":41}},"11":{"start":{"line":13,"column":34},"end":{"line":13,"column":38}},"12":{"start":{"line":16,"column":22},"end":{"line":16,"column":75}},"13":{"start":{"line":17,"column":18},"end":{"line":17,"column":43}},"14":{"start":{"line":18,"column":4},"end":{"line":22,"column":21}},"15":{"start":{"line":19,"column":21},"end":{"line":19,"column":51}},"16":{"start":{"line":20,"column":25},"end":{"line":20,"column":30}},"17":{"start":{"line":21,"column":22},"end":{"line":21,"column":30}},"18":{"start":{"line":15,"column":0},"end":{"line":15,"column":7}},"19":{"start":{"line":39,"column":21},"end":{"line":39,"column":56}},"20":{"start":{"line":40,"column":18},"end":{"line":40,"column":100}},"21":{"start":{"line":40,"column":46},"end":{"line":40,"column":99}},"22":{"start":{"line":41,"column":4},"end":{"line":41,"column":25}},"23":{"start":{"line":41,"column":15},"end":{"line":41,"column":25}},"24":{"start":{"line":42,"column":16},"end":{"line":42,"column":97}},"25":{"start":{"line":43,"column":4},"end":{"line":43,"column":25}},"26":{"start":{"line":44,"column":20},"end":{"line":44,"column":56}},"27":{"start":{"line":45,"column":4},"end":{"line":45,"column":31}},"28":{"start":{"line":46,"column":16},"end":{"line":46,"column":45}},"29":{"start":{"line":48,"column":4},"end":{"line":59,"column":null}},"30":{"start":{"line":49,"column":8},"end":{"line":49,"column":52}},"31":{"start":{"line":50,"column":8},"end":{"line":50,"column":39}},"32":{"start":{"line":52,"column":8},"end":{"line":52,"column":34}},"33":{"start":{"line":54,"column":8},"end":{"line":58,"column":11}},"34":{"start":{"line":55,"column":12},"end":{"line":55,"column":43}},"35":{"start":{"line":55,"column":33},"end":{"line":55,"column":41}},"36":{"start":{"line":56,"column":12},"end":{"line":56,"column":56}},"37":{"start":{"line":56,"column":33},"end":{"line":56,"column":54}},"38":{"start":{"line":57,"column":12},"end":{"line":57,"column":26}},"39":{"start":{"line":61,"column":4},"end":{"line":61,"column":24}},"40":{"start":{"line":32,"column":0},"end":{"line":32,"column":7}},"41":{"start":{"line":64,"column":13},"end":{"line":72,"column":3}},"42":{"start":{"line":64,"column":66},"end":{"line":72,"column":2}},"43":{"start":{"line":65,"column":17},"end":{"line":65,"column":22}},"44":{"start":{"line":66,"column":17},"end":{"line":66,"column":22}},"45":{"start":{"line":67,"column":16},"end":{"line":67,"column":27}},"46":{"start":{"line":68,"column":4},"end":{"line":68,"column":30}},"47":{"start":{"line":68,"column":19},"end":{"line":68,"column":30}},"48":{"start":{"line":69,"column":21},"end":{"line":69,"column":26}},"49":{"start":{"line":70,"column":21},"end":{"line":70,"column":26}},"50":{"start":{"line":71,"column":4},"end":{"line":71,"column":31}},"51":{"start":{"line":74,"column":20},"end":{"line":74,"column":42}},"52":{"start":{"line":75,"column":26},"end":{"line":75,"column":84}},"53":{"start":{"line":76,"column":4},"end":{"line":76,"column":49}},"54":{"start":{"line":76,"column":39},"end":{"line":76,"column":49}},"55":{"start":{"line":77,"column":19},"end":{"line":77,"column":49}},"56":{"start":{"line":78,"column":21},"end":{"line":78,"column":23}},"57":{"start":{"line":79,"column":16},"end":{"line":79,"column":18}},"58":{"start":{"line":80,"column":4},"end":{"line":95,"column":7}},"59":{"start":{"line":81,"column":22},"end":{"line":81,"column":40}},"60":{"start":{"line":82,"column":8},"end":{"line":82,"column":43}},"61":{"start":{"line":82,"column":33},"end":{"line":82,"column":41}},"62":{"start":{"line":83,"column":8},"end":{"line":92,"column":11}},"63":{"start":{"line":84,"column":12},"end":{"line":91,"column":39}},"64":{"start":{"line":87,"column":29},"end":{"line":87,"column":58}},"65":{"start":{"line":88,"column":32},"end":{"line":88,"column":56}},"66":{"start":{"line":89,"column":29},"end":{"line":89,"column":47}},"67":{"start":{"line":90,"column":28},"end":{"line":90,"column":72}},"68":{"start":{"line":91,"column":16},"end":{"line":91,"column":39}},"69":{"start":{"line":93,"column":8},"end":{"line":93,"column":66}},"70":{"start":{"line":93,"column":50},"end":{"line":93,"column":64}},"71":{"start":{"line":94,"column":8},"end":{"line":94,"column":98}},"72":{"start":{"line":94,"column":34},"end":{"line":94,"column":96}},"73":{"start":{"line":73,"column":0},"end":{"line":73,"column":7}},"74":{"start":{"line":99,"column":20},"end":{"line":99,"column":42}},"75":{"start":{"line":100,"column":26},"end":{"line":100,"column":84}},"76":{"start":{"line":101,"column":20},"end":{"line":101,"column":84}},"77":{"start":{"line":102,"column":4},"end":{"line":110,"column":7}},"78":{"start":{"line":104,"column":12},"end":{"line":104,"column":103}},"79":{"start":{"line":105,"column":24},"end":{"line":105,"column":26}},"80":{"start":{"line":106,"column":8},"end":{"line":106,"column":71}},"81":{"start":{"line":106,"column":51},"end":{"line":106,"column":69}},"82":{"start":{"line":107,"column":24},"end":{"line":107,"column":26}},"83":{"start":{"line":108,"column":8},"end":{"line":108,"column":71}},"84":{"start":{"line":108,"column":51},"end":{"line":108,"column":69}},"85":{"start":{"line":109,"column":8},"end":{"line":109,"column":107}},"86":{"start":{"line":109,"column":35},"end":{"line":109,"column":105}},"87":{"start":{"line":98,"column":0},"end":{"line":98,"column":7}},"88":{"start":{"line":113,"column":21},"end":{"line":113,"column":56}},"89":{"start":{"line":114,"column":19},"end":{"line":114,"column":75}},"90":{"start":{"line":114,"column":46},"end":{"line":114,"column":67}},"91":{"start":{"line":115,"column":4},"end":{"line":119,"column":null}},"92":{"start":{"line":115,"column":35},"end":{"line":115,"column":45}},"93":{"start":{"line":117,"column":24},"end":{"line":117,"column":49}},"94":{"start":{"line":118,"column":8},"end":{"line":118,"column":20}},"95":{"start":{"line":112,"column":0},"end":{"line":112,"column":7}},"96":{"start":{"line":122,"column":26},"end":{"line":122,"column":75}},"97":{"start":{"line":123,"column":4},"end":{"line":123,"column":42}},"98":{"start":{"line":123,"column":30},"end":{"line":123,"column":42}},"99":{"start":{"line":124,"column":4},"end":{"line":124,"column":63}},"100":{"start":{"line":121,"column":0},"end":{"line":121,"column":7}}},"fnMap":{"0":{"name":"entityIDs","decl":{"start":{"line":15,"column":22},"end":{"line":15,"column":31}},"loc":{"start":{"line":15,"column":46},"end":{"line":23,"column":1}}},"1":{"name":"(anonymous_2)","decl":{"start":{"line":19,"column":13},"end":{"line":19,"column":17}},"loc":{"start":{"line":19,"column":21},"end":{"line":19,"column":51}}},"2":{"name":"(anonymous_3)","decl":{"start":{"line":20,"column":16},"end":{"line":20,"column":21}},"loc":{"start":{"line":20,"column":25},"end":{"line":20,"column":30}}},"3":{"name":"(anonymous_4)","decl":{"start":{"line":21,"column":13},"end":{"line":21,"column":18}},"loc":{"start":{"line":21,"column":22},"end":{"line":21,"column":30}}},"4":{"name":"write","decl":{"start":{"line":32,"column":22},"end":{"line":32,"column":27}},"loc":{"start":{"line":37,"column":48},"end":{"line":62,"column":1}}},"5":{"name":"(anonymous_6)","decl":{"start":{"line":40,"column":32},"end":{"line":40,"column":42}},"loc":{"start":{"line":40,"column":46},"end":{"line":40,"column":99}}},"6":{"name":"(anonymous_7)","decl":{"start":{"line":54,"column":49},"end":{"line":54,"column":54}},"loc":{"start":{"line":54,"column":68},"end":{"line":58,"column":9}}},"7":{"name":"(anonymous_8)","decl":{"start":{"line":55,"column":26},"end":{"line":55,"column":29}},"loc":{"start":{"line":55,"column":33},"end":{"line":55,"column":41}}},"8":{"name":"(anonymous_9)","decl":{"start":{"line":56,"column":27},"end":{"line":56,"column":30}},"loc":{"start":{"line":56,"column":33},"end":{"line":56,"column":54}}},"9":{"name":"(anonymous_10)","decl":{"start":{"line":64,"column":28},"end":{"line":64,"column":29}},"loc":{"start":{"line":64,"column":66},"end":{"line":72,"column":2}}},"10":{"name":"(anonymous_11)","decl":{"start":{"line":64,"column":80},"end":{"line":64,"column":81}},"loc":{"start":{"line":64,"column":91},"end":{"line":72,"column":1}}},"11":{"name":"getVersions","decl":{"start":{"line":73,"column":22},"end":{"line":73,"column":33}},"loc":{"start":{"line":73,"column":66},"end":{"line":96,"column":1}}},"12":{"name":"(anonymous_13)","decl":{"start":{"line":80,"column":53},"end":{"line":80,"column":58}},"loc":{"start":{"line":80,"column":72},"end":{"line":95,"column":5}}},"13":{"name":"(anonymous_14)","decl":{"start":{"line":82,"column":26},"end":{"line":82,"column":29}},"loc":{"start":{"line":82,"column":33},"end":{"line":82,"column":41}}},"14":{"name":"(anonymous_15)","decl":{"start":{"line":83,"column":32},"end":{"line":83,"column":33}},"loc":{"start":{"line":83,"column":49},"end":{"line":92,"column":9}}},"15":{"name":"(anonymous_16)","decl":{"start":{"line":87,"column":21},"end":{"line":87,"column":25}},"loc":{"start":{"line":87,"column":29},"end":{"line":87,"column":58}}},"16":{"name":"(anonymous_17)","decl":{"start":{"line":88,"column":24},"end":{"line":88,"column":28}},"loc":{"start":{"line":88,"column":32},"end":{"line":88,"column":56}}},"17":{"name":"(anonymous_18)","decl":{"start":{"line":89,"column":21},"end":{"line":89,"column":25}},"loc":{"start":{"line":89,"column":29},"end":{"line":89,"column":47}}},"18":{"name":"(anonymous_19)","decl":{"start":{"line":90,"column":21},"end":{"line":90,"column":24}},"loc":{"start":{"line":90,"column":28},"end":{"line":90,"column":72}}},"19":{"name":"(anonymous_20)","decl":{"start":{"line":93,"column":32},"end":{"line":93,"column":33}},"loc":{"start":{"line":93,"column":50},"end":{"line":93,"column":64}}},"20":{"name":"(anonymous_21)","decl":{"start":{"line":94,"column":26},"end":{"line":94,"column":30}},"loc":{"start":{"line":94,"column":34},"end":{"line":94,"column":96}}},"21":{"name":"read","decl":{"start":{"line":98,"column":22},"end":{"line":98,"column":26}},"loc":{"start":{"line":98,"column":96},"end":{"line":111,"column":1}}},"22":{"name":"(anonymous_23)","decl":{"start":{"line":102,"column":37},"end":{"line":102,"column":38}},"loc":{"start":{"line":102,"column":50},"end":{"line":110,"column":5}}},"23":{"name":"(anonymous_24)","decl":{"start":{"line":106,"column":33},"end":{"line":106,"column":34}},"loc":{"start":{"line":106,"column":51},"end":{"line":106,"column":69}}},"24":{"name":"(anonymous_25)","decl":{"start":{"line":108,"column":33},"end":{"line":108,"column":34}},"loc":{"start":{"line":108,"column":51},"end":{"line":108,"column":69}}},"25":{"name":"(anonymous_26)","decl":{"start":{"line":109,"column":27},"end":{"line":109,"column":31}},"loc":{"start":{"line":109,"column":35},"end":{"line":109,"column":105}}},"26":{"name":"findLatestVersion","decl":{"start":{"line":112,"column":22},"end":{"line":112,"column":39}},"loc":{"start":{"line":112,"column":92},"end":{"line":120,"column":1}}},"27":{"name":"(anonymous_28)","decl":{"start":{"line":114,"column":35},"end":{"line":114,"column":42}},"loc":{"start":{"line":114,"column":46},"end":{"line":114,"column":67}}},"28":{"name":"readLatestVersion","decl":{"start":{"line":121,"column":22},"end":{"line":121,"column":39}},"loc":{"start":{"line":121,"column":92},"end":{"line":125,"column":1}}}},"branchMap":{"0":{"loc":{"start":{"line":40,"column":46},"end":{"line":40,"column":71}},"type":"binary-expr","locations":[{"start":{"line":40,"column":46},"end":{"line":40,"column":71}},{"start":{"line":40,"column":75},"end":{"line":40,"column":99}}]},"1":{"loc":{"start":{"line":41,"column":4},"end":{"line":41,"column":25}},"type":"if","locations":[{"start":{"line":41,"column":4},"end":{"line":41,"column":25}},{"start":{"line":41,"column":4},"end":{"line":41,"column":25}}]},"2":{"loc":{"start":{"line":48,"column":4},"end":{"line":59,"column":null}},"type":"if","locations":[{"start":{"line":48,"column":4},"end":{"line":59,"column":null}},{"start":{"line":48,"column":4},"end":{"line":59,"column":null}}]},"3":{"loc":{"start":{"line":48,"column":8},"end":{"line":48,"column":31}},"type":"binary-expr","locations":[{"start":{"line":48,"column":8},"end":{"line":48,"column":31}},{"start":{"line":48,"column":35},"end":{"line":48,"column":56}}]},"4":{"loc":{"start":{"line":68,"column":4},"end":{"line":68,"column":30}},"type":"if","locations":[{"start":{"line":68,"column":4},"end":{"line":68,"column":30}},{"start":{"line":68,"column":4},"end":{"line":68,"column":30}}]},"5":{"loc":{"start":{"line":76,"column":4},"end":{"line":76,"column":49}},"type":"if","locations":[{"start":{"line":76,"column":4},"end":{"line":76,"column":49}},{"start":{"line":76,"column":4},"end":{"line":76,"column":49}}]},"6":{"loc":{"start":{"line":94,"column":47},"end":{"line":94,"column":74}},"type":"cond-expr","locations":[{"start":{"line":94,"column":47},"end":{"line":94,"column":74}},{"start":{"line":94,"column":77},"end":{"line":94,"column":96}}]},"7":{"loc":{"start":{"line":109,"column":48},"end":{"line":109,"column":75}},"type":"cond-expr","locations":[{"start":{"line":109,"column":48},"end":{"line":109,"column":75}},{"start":{"line":109,"column":78},"end":{"line":109,"column":105}}]},"8":{"loc":{"start":{"line":115,"column":4},"end":{"line":119,"column":null}},"type":"if","locations":[{"start":{"line":115,"column":4},"end":{"line":119,"column":null}},{"start":{"line":115,"column":4},"end":{"line":119,"column":null}}]},"9":{"loc":{"start":{"line":115,"column":8},"end":{"line":115,"column":15}},"type":"binary-expr","locations":[{"start":{"line":115,"column":8},"end":{"line":115,"column":15}},{"start":{"line":115,"column":19},"end":{"line":115,"column":33}}]},"10":{"loc":{"start":{"line":123,"column":4},"end":{"line":123,"column":42}},"type":"if","locations":[{"start":{"line":123,"column":4},"end":{"line":123,"column":42}},{"start":{"line":123,"column":4},"end":{"line":123,"column":42}}]}},"s":{"0":8,"1":8,"2":8,"3":8,"4":8,"5":8,"6":8,"7":8,"8":8,"9":8,"10":8,"11":8,"12":0,"13":0,"14":0,"15":0,"16":0,"17":0,"18":8,"19":8,"20":8,"21":1413,"22":8,"23":2,"24":6,"25":6,"26":6,"27":6,"28":6,"29":6,"30":4,"31":4,"32":4,"33":2,"34":2,"35":0,"36":2,"37":2,"38":2,"39":6,"40":8,"41":8,"42":9,"43":6525,"44":6525,"45":6525,"46":6525,"47":5812,"48":713,"49":713,"50":713,"51":11,"52":11,"53":11,"54":2,"55":9,"56":9,"57":9,"58":9,"59":9,"60":9,"61":0,"62":9,"63":227,"64":2367,"65":2367,"66":1420,"67":1420,"68":1420,"69":9,"70":0,"71":9,"72":9,"73":8,"74":2,"75":2,"76":2,"77":2,"78":2,"79":2,"80":2,"81":2,"82":2,"83":2,"84":0,"85":2,"86":2,"87":8,"88":2,"89":2,"90":4,"91":2,"92":0,"93":2,"94":2,"95":8,"96":2,"97":2,"98":0,"99":2,"100":8},"f":{"0":0,"1":0,"2":0,"3":0,"4":8,"5":1413,"6":2,"7":0,"8":2,"9":9,"10":6525,"11":11,"12":9,"13":0,"14":227,"15":2367,"16":2367,"17":1420,"18":1420,"19":0,"20":9,"21":2,"22":2,"23":2,"24":0,"25":2,"26":2,"27":4,"28":2},"b":{"0":[1413,3],"1":[2,6],"2":[4,2],"3":[6,2],"4":[5812,713],"5":[2,9],"6":[9,0],"7":[2,0],"8":[0,2],"9":[2,2],"10":[0,2]}}
,"/home/sean/newsreduce/crawler/src/sql.ts": {"path":"/home/sean/newsreduce/crawler/src/sql.ts","statementMap":{"0":{"start":{"line":1,"column":0},"end":{"line":64,"column":2}}},"fnMap":{},"branchMap":{},"s":{"0":3},"f":{},"b":{}}
,"/home/sean/newsreduce/crawler/src/common/config.ts": {"path":"/home/sean/newsreduce/crawler/src/common/config.ts","statementMap":{"0":{"start":{"line":1,"column":11},"end":{"line":1,"column":45}},"1":{"start":{"line":3,"column":0},"end":{"line":3,"column":20}},"2":{"start":{"line":4,"column":0},"end":{"line":4,"column":24}},"3":{"start":{"line":6,"column":13},"end":{"line":6,"column":25}},"4":{"start":{"line":9,"column":19},"end":{"line":9,"column":81}},"5":{"start":{"line":10,"column":4},"end":{"line":10,"column":28}},"6":{"start":{"line":12,"column":4},"end":{"line":12,"column":18}},"7":{"start":{"line":8,"column":0},"end":{"line":8,"column":7}},"8":{"start":{"line":15,"column":23},"end":{"line":15,"column":65}},"9":{"start":{"line":16,"column":19},"end":{"line":16,"column":44}},"10":{"start":{"line":17,"column":4},"end":{"line":17,"column":51}},"11":{"start":{"line":17,"column":17},"end":{"line":17,"column":51}},"12":{"start":{"line":19,"column":4},"end":{"line":19,"column":22}},"13":{"start":{"line":14,"column":0},"end":{"line":14,"column":7}},"14":{"start":{"line":23,"column":4},"end":{"line":23,"column":63}},"15":{"start":{"line":22,"column":0},"end":{"line":22,"column":7}},"16":{"start":{"line":27,"column":4},"end":{"line":32,"column":7}},"17":{"start":{"line":28,"column":20},"end":{"line":28,"column":59}},"18":{"start":{"line":29,"column":23},"end":{"line":29,"column":41}},"19":{"start":{"line":30,"column":8},"end":{"line":31,"column":61}},"20":{"start":{"line":30,"column":20},"end":{"line":30,"column":29}},"21":{"start":{"line":31,"column":13},"end":{"line":31,"column":61}},"22":{"start":{"line":31,"column":34},"end":{"line":31,"column":59}},"23":{"start":{"line":26,"column":0},"end":{"line":26,"column":16}},"24":{"start":{"line":35,"column":4},"end":{"line":35,"column":37}},"25":{"start":{"line":34,"column":0},"end":{"line":34,"column":16}},"26":{"start":{"line":38,"column":4},"end":{"line":38,"column":38}},"27":{"start":{"line":37,"column":0},"end":{"line":37,"column":16}},"28":{"start":{"line":41,"column":4},"end":{"line":41,"column":39}},"29":{"start":{"line":40,"column":0},"end":{"line":40,"column":16}},"30":{"start":{"line":44,"column":21},"end":{"line":44,"column":48}},"31":{"start":{"line":45,"column":4},"end":{"line":45,"column":65}},"32":{"start":{"line":43,"column":0},"end":{"line":43,"column":7}},"33":{"start":{"line":49,"column":4},"end":{"line":49,"column":23}},"34":{"start":{"line":48,"column":0},"end":{"line":48,"column":7}}},"fnMap":{"0":{"name":"varDirPromise","decl":{"start":{"line":8,"column":22},"end":{"line":8,"column":35}},"loc":{"start":{"line":8,"column":35},"end":{"line":13,"column":1}}},"1":{"name":"safetyFilePromise","decl":{"start":{"line":14,"column":22},"end":{"line":14,"column":39}},"loc":{"start":{"line":14,"column":39},"end":{"line":20,"column":1}}},"2":{"name":"safeMkdir","decl":{"start":{"line":22,"column":22},"end":{"line":22,"column":31}},"loc":{"start":{"line":22,"column":43},"end":{"line":24,"column":1}}},"3":{"name":"varDirChildPromise","decl":{"start":{"line":26,"column":16},"end":{"line":26,"column":34}},"loc":{"start":{"line":26,"column":48},"end":{"line":33,"column":1}}},"4":{"name":"(anonymous_5)","decl":{"start":{"line":27,"column":31},"end":{"line":27,"column":36}},"loc":{"start":{"line":27,"column":50},"end":{"line":32,"column":5}}},"5":{"name":"(anonymous_6)","decl":{"start":{"line":31,"column":27},"end":{"line":31,"column":30}},"loc":{"start":{"line":31,"column":34},"end":{"line":31,"column":59}}},"6":{"name":"tmpDirPromise","decl":{"start":{"line":34,"column":16},"end":{"line":34,"column":29}},"loc":{"start":{"line":34,"column":29},"end":{"line":36,"column":1}}},"7":{"name":"nullDirPromise","decl":{"start":{"line":37,"column":16},"end":{"line":37,"column":30}},"loc":{"start":{"line":37,"column":30},"end":{"line":39,"column":1}}},"8":{"name":"blobDirPromise","decl":{"start":{"line":40,"column":16},"end":{"line":40,"column":30}},"loc":{"start":{"line":40,"column":30},"end":{"line":42,"column":1}}},"9":{"name":"nullFilePromise","decl":{"start":{"line":43,"column":22},"end":{"line":43,"column":37}},"loc":{"start":{"line":43,"column":50},"end":{"line":46,"column":1}}},"10":{"name":"myIP","decl":{"start":{"line":48,"column":22},"end":{"line":48,"column":26}},"loc":{"start":{"line":48,"column":26},"end":{"line":50,"column":1}}}},"branchMap":{"0":{"loc":{"start":{"line":9,"column":39},"end":{"line":9,"column":56}},"type":"cond-expr","locations":[{"start":{"line":9,"column":39},"end":{"line":9,"column":56}},{"start":{"line":9,"column":59},"end":{"line":9,"column":81}}]},"1":{"loc":{"start":{"line":17,"column":4},"end":{"line":17,"column":51}},"type":"if","locations":[{"start":{"line":17,"column":4},"end":{"line":17,"column":51}},{"start":{"line":17,"column":4},"end":{"line":17,"column":51}}]},"2":{"loc":{"start":{"line":30,"column":8},"end":{"line":31,"column":61}},"type":"if","locations":[{"start":{"line":30,"column":8},"end":{"line":31,"column":61}},{"start":{"line":30,"column":8},"end":{"line":31,"column":61}}]},"3":{"loc":{"start":{"line":31,"column":40},"end":{"line":31,"column":48}},"type":"cond-expr","locations":[{"start":{"line":31,"column":40},"end":{"line":31,"column":48}},{"start":{"line":31,"column":51},"end":{"line":31,"column":59}}]}},"s":{"0":15,"1":15,"2":15,"3":15,"4":91,"5":91,"6":91,"7":15,"8":4,"9":4,"10":4,"11":0,"12":4,"13":15,"14":97,"15":15,"16":23,"17":23,"18":23,"19":23,"20":23,"21":0,"22":0,"23":15,"24":7,"25":15,"26":3,"27":15,"28":13,"29":15,"30":3,"31":3,"32":15,"33":0,"34":15},"f":{"0":91,"1":4,"2":97,"3":23,"4":23,"5":0,"6":7,"7":3,"8":13,"9":3,"10":0},"b":{"0":[1,90],"1":[0,4],"2":[23,0],"3":[0,0]}}
,"/home/sean/newsreduce/crawler/src/common/connections.ts": {"path":"/home/sean/newsreduce/crawler/src/common/connections.ts","statementMap":{"0":{"start":{"line":1,"column":0},"end":{"line":1,"column":53}},"1":{"start":{"line":2,"column":0},"end":{"line":2,"column":43}},"2":{"start":{"line":3,"column":0},"end":{"line":3,"column":31}},"3":{"start":{"line":4,"column":0},"end":{"line":4,"column":32}},"4":{"start":{"line":5,"column":0},"end":{"line":5,"column":31}},"5":{"start":{"line":7,"column":18},"end":{"line":7,"column":34}},"6":{"start":{"line":8,"column":18},"end":{"line":8,"column":29}},"7":{"start":{"line":9,"column":27},"end":{"line":9,"column":31}},"8":{"start":{"line":10,"column":25},"end":{"line":10,"column":26}},"9":{"start":{"line":18,"column":13},"end":{"line":59,"column":2}},"10":{"start":{"line":60,"column":0},"end":{"line":60,"column":61}},"11":{"start":{"line":60,"column":32},"end":{"line":60,"column":61}},"12":{"start":{"line":62,"column":13},"end":{"line":62,"column":59}},"13":{"start":{"line":64,"column":27},"end":{"line":64,"column":53}},"14":{"start":{"line":66,"column":19},"end":{"line":71,"column":2}},"15":{"start":{"line":76,"column":21},"end":{"line":76,"column":25}},"16":{"start":{"line":78,"column":4},"end":{"line":81,"column":null}},"17":{"start":{"line":79,"column":32},"end":{"line":79,"column":68}},"18":{"start":{"line":80,"column":8},"end":{"line":80,"column":98}},"19":{"start":{"line":80,"column":86},"end":{"line":80,"column":96}},"20":{"start":{"line":83,"column":4},"end":{"line":83,"column":18}},"21":{"start":{"line":77,"column":0},"end":{"line":77,"column":7}},"22":{"start":{"line":86,"column":27},"end":{"line":86,"column":31}},"23":{"start":{"line":88,"column":4},"end":{"line":93,"column":null}},"24":{"start":{"line":89,"column":8},"end":{"line":89,"column":36}},"25":{"start":{"line":90,"column":25},"end":{"line":90,"column":48}},"26":{"start":{"line":91,"column":8},"end":{"line":91,"column":35}},"27":{"start":{"line":92,"column":8},"end":{"line":92,"column":65}},"28":{"start":{"line":95,"column":4},"end":{"line":95,"column":20}},"29":{"start":{"line":87,"column":0},"end":{"line":87,"column":7}},"30":{"start":{"line":102,"column":13},"end":{"line":102,"column":84}},"31":{"start":{"line":104,"column":25},"end":{"line":104,"column":94}},"32":{"start":{"line":105,"column":21},"end":{"line":105,"column":45}},"33":{"start":{"line":106,"column":4},"end":{"line":109,"column":null}},"34":{"start":{"line":107,"column":8},"end":{"line":107,"column":44}},"35":{"start":{"line":108,"column":8},"end":{"line":108,"column":46}},"36":{"start":{"line":111,"column":4},"end":{"line":111,"column":22}},"37":{"start":{"line":103,"column":0},"end":{"line":103,"column":16}},"38":{"start":{"line":114,"column":13},"end":{"line":119,"column":3}},"39":{"start":{"line":114,"column":52},"end":{"line":119,"column":2}},"40":{"start":{"line":121,"column":25},"end":{"line":121,"column":94}},"41":{"start":{"line":122,"column":4},"end":{"line":123,"column":71}},"42":{"start":{"line":123,"column":8},"end":{"line":123,"column":71}},"43":{"start":{"line":124,"column":19},"end":{"line":124,"column":37}},"44":{"start":{"line":126,"column":4},"end":{"line":130,"column":44}},"45":{"start":{"line":120,"column":0},"end":{"line":120,"column":16}}},"fnMap":{"0":{"name":"getParams","decl":{"start":{"line":77,"column":22},"end":{"line":77,"column":31}},"loc":{"start":{"line":77,"column":31},"end":{"line":84,"column":1}}},"1":{"name":"(anonymous_2)","decl":{"start":{"line":80,"column":79},"end":{"line":80,"column":82}},"loc":{"start":{"line":80,"column":86},"end":{"line":80,"column":96}}},"2":{"name":"db","decl":{"start":{"line":87,"column":22},"end":{"line":87,"column":24}},"loc":{"start":{"line":87,"column":24},"end":{"line":96,"column":1}}},"3":{"name":"renewRedis","decl":{"start":{"line":103,"column":16},"end":{"line":103,"column":26}},"loc":{"start":{"line":103,"column":70},"end":{"line":112,"column":1}}},"4":{"name":"(anonymous_5)","decl":{"start":{"line":114,"column":33},"end":{"line":114,"column":34}},"loc":{"start":{"line":114,"column":52},"end":{"line":119,"column":2}}},"5":{"name":"newRedis","decl":{"start":{"line":120,"column":16},"end":{"line":120,"column":24}},"loc":{"start":{"line":120,"column":68},"end":{"line":131,"column":1}}}},"branchMap":{"0":{"loc":{"start":{"line":78,"column":4},"end":{"line":81,"column":null}},"type":"if","locations":[{"start":{"line":78,"column":4},"end":{"line":81,"column":null}},{"start":{"line":78,"column":4},"end":{"line":81,"column":null}}]},"1":{"loc":{"start":{"line":88,"column":4},"end":{"line":93,"column":null}},"type":"if","locations":[{"start":{"line":88,"column":4},"end":{"line":93,"column":null}},{"start":{"line":88,"column":4},"end":{"line":93,"column":null}}]},"2":{"loc":{"start":{"line":104,"column":62},"end":{"line":104,"column":74}},"type":"cond-expr","locations":[{"start":{"line":104,"column":62},"end":{"line":104,"column":74}},{"start":{"line":104,"column":77},"end":{"line":104,"column":94}}]},"3":{"loc":{"start":{"line":106,"column":4},"end":{"line":109,"column":null}},"type":"if","locations":[{"start":{"line":106,"column":4},"end":{"line":109,"column":null}},{"start":{"line":106,"column":4},"end":{"line":109,"column":null}}]},"4":{"loc":{"start":{"line":121,"column":62},"end":{"line":121,"column":74}},"type":"cond-expr","locations":[{"start":{"line":121,"column":62},"end":{"line":121,"column":74}},{"start":{"line":121,"column":77},"end":{"line":121,"column":94}}]},"5":{"loc":{"start":{"line":122,"column":4},"end":{"line":123,"column":71}},"type":"if","locations":[{"start":{"line":122,"column":4},"end":{"line":123,"column":71}},{"start":{"line":122,"column":4},"end":{"line":123,"column":71}}]},"6":{"loc":{"start":{"line":127,"column":34},"end":{"line":127,"column":45}},"type":"cond-expr","locations":[{"start":{"line":127,"column":34},"end":{"line":127,"column":45}},{"start":{"line":127,"column":48},"end":{"line":127,"column":57}}]},"7":{"loc":{"start":{"line":128,"column":34},"end":{"line":128,"column":45}},"type":"cond-expr","locations":[{"start":{"line":128,"column":34},"end":{"line":128,"column":45}},{"start":{"line":128,"column":48},"end":{"line":128,"column":52}}]}},"s":{"0":15,"1":15,"2":15,"3":15,"4":15,"5":15,"6":15,"7":15,"8":15,"9":15,"10":15,"11":120,"12":15,"13":15,"14":15,"15":15,"16":13,"17":13,"18":13,"19":13,"20":13,"21":15,"22":15,"23":15,"24":12,"25":12,"26":12,"27":12,"28":15,"29":15,"30":15,"31":369,"32":369,"33":369,"34":12,"35":12,"36":369,"37":15,"38":15,"39":1,"40":29,"41":29,"42":1,"43":29,"44":29,"45":15},"f":{"0":13,"1":13,"2":15,"3":369,"4":1,"5":29},"b":{"0":[13,0],"1":[12,3],"2":[2,367],"3":[12,357],"4":[15,14],"5":[1,28],"6":[0,29],"7":[0,29]}}
,"/home/sean/newsreduce/crawler/src/common/events.ts": {"path":"/home/sean/newsreduce/crawler/src/common/events.ts","statementMap":{"0":{"start":{"line":1,"column":13},"end":{"line":1,"column":37}},"1":{"start":{"line":2,"column":13},"end":{"line":2,"column":53}},"2":{"start":{"line":3,"column":13},"end":{"line":3,"column":53}},"3":{"start":{"line":4,"column":13},"end":{"line":4,"column":45}},"4":{"start":{"line":6,"column":13},"end":{"line":6,"column":53}},"5":{"start":{"line":7,"column":13},"end":{"line":7,"column":57}},"6":{"start":{"line":8,"column":13},"end":{"line":8,"column":61}},"7":{"start":{"line":9,"column":13},"end":{"line":9,"column":61}},"8":{"start":{"line":10,"column":13},"end":{"line":10,"column":47}},"9":{"start":{"line":11,"column":13},"end":{"line":11,"column":53}},"10":{"start":{"line":12,"column":13},"end":{"line":12,"column":41}},"11":{"start":{"line":13,"column":13},"end":{"line":13,"column":41}}},"fnMap":{},"branchMap":{},"s":{"0":3,"1":3,"2":3,"3":3,"4":3,"5":3,"6":3,"7":3,"8":3,"9":3,"10":3,"11":3},"f":{},"b":{}}
,"/home/sean/newsreduce/crawler/src/common/fs.ts": {"path":"/home/sean/newsreduce/crawler/src/common/fs.ts","statementMap":{"0":{"start":{"line":1,"column":0},"end":{"line":1,"column":20}},"1":{"start":{"line":2,"column":0},"end":{"line":2,"column":37}},"2":{"start":{"line":3,"column":0},"end":{"line":3,"column":32}},"3":{"start":{"line":6,"column":19},"end":{"line":6,"column":38}},"4":{"start":{"line":7,"column":4},"end":{"line":14,"column":null}},"5":{"start":{"line":8,"column":24},"end":{"line":8,"column":45}},"6":{"start":{"line":9,"column":31},"end":{"line":9,"column":59}},"7":{"start":{"line":10,"column":8},"end":{"line":13,"column":113}},"8":{"start":{"line":11,"column":12},"end":{"line":11,"column":32}},"9":{"start":{"line":13,"column":12},"end":{"line":13,"column":113}},"10":{"start":{"line":5,"column":0},"end":{"line":5,"column":16}}},"fnMap":{"0":{"name":"deleteIfChecksumMatches","decl":{"start":{"line":5,"column":16},"end":{"line":5,"column":39}},"loc":{"start":{"line":5,"column":78},"end":{"line":15,"column":1}}}},"branchMap":{"0":{"loc":{"start":{"line":7,"column":4},"end":{"line":14,"column":null}},"type":"if","locations":[{"start":{"line":7,"column":4},"end":{"line":14,"column":null}},{"start":{"line":7,"column":4},"end":{"line":14,"column":null}}]},"1":{"loc":{"start":{"line":10,"column":8},"end":{"line":13,"column":113}},"type":"if","locations":[{"start":{"line":10,"column":8},"end":{"line":13,"column":113}},{"start":{"line":10,"column":8},"end":{"line":13,"column":113}}]}},"s":{"0":1,"1":1,"2":1,"3":1,"4":1,"5":1,"6":1,"7":1,"8":1,"9":0,"10":1},"f":{"0":1},"b":{"0":[1,0],"1":[1,0]}}
,"/home/sean/newsreduce/crawler/src/common/functional.ts": {"path":"/home/sean/newsreduce/crawler/src/common/functional.ts","statementMap":{"0":{"start":{"line":1,"column":13},"end":{"line":1,"column":63}},"1":{"start":{"line":1,"column":40},"end":{"line":1,"column":62}},"2":{"start":{"line":1,"column":46},"end":{"line":1,"column":62}},"3":{"start":{"line":2,"column":13},"end":{"line":4,"column":2}},"4":{"start":{"line":3,"column":4},"end":{"line":3,"column":32}},"5":{"start":{"line":3,"column":13},"end":{"line":3,"column":32}}},"fnMap":{"0":{"name":"(anonymous_0)","decl":{"start":{"line":1,"column":23},"end":{"line":1,"column":24}},"loc":{"start":{"line":1,"column":40},"end":{"line":1,"column":62}}},"1":{"name":"(anonymous_1)","decl":{"start":{"line":1,"column":40},"end":{"line":1,"column":43}},"loc":{"start":{"line":1,"column":46},"end":{"line":1,"column":62}}},"2":{"name":"(anonymous_2)","decl":{"start":{"line":2,"column":25},"end":{"line":2,"column":26}},"loc":{"start":{"line":2,"column":38},"end":{"line":4,"column":1}}}},"branchMap":{"0":{"loc":{"start":{"line":3,"column":4},"end":{"line":3,"column":32}},"type":"if","locations":[{"start":{"line":3,"column":4},"end":{"line":3,"column":32}},{"start":{"line":3,"column":4},"end":{"line":3,"column":32}}]}},"s":{"0":3,"1":0,"2":0,"3":3,"4":2,"5":0},"f":{"0":0,"1":0,"2":2},"b":{"0":[0,2]}}
,"/home/sean/newsreduce/crawler/src/common/hashing.ts": {"path":"/home/sean/newsreduce/crawler/src/common/hashing.ts","statementMap":{"0":{"start":{"line":1,"column":0},"end":{"line":1,"column":28}},"1":{"start":{"line":4,"column":4},"end":{"line":4,"column":83}},"2":{"start":{"line":3,"column":0},"end":{"line":3,"column":16}},"3":{"start":{"line":8,"column":4},"end":{"line":8,"column":101}},"4":{"start":{"line":7,"column":0},"end":{"line":7,"column":16}}},"fnMap":{"0":{"name":"checksum","decl":{"start":{"line":3,"column":16},"end":{"line":3,"column":24}},"loc":{"start":{"line":3,"column":51},"end":{"line":5,"column":1}}},"1":{"name":"defaultHash","decl":{"start":{"line":7,"column":16},"end":{"line":7,"column":27}},"loc":{"start":{"line":7,"column":66},"end":{"line":9,"column":1}}}},"branchMap":{},"s":{"0":8,"1":2,"2":8,"3":1204,"4":8},"f":{"0":2,"1":1204},"b":{}}
,"/home/sean/newsreduce/crawler/src/common/logging.ts": {"path":"/home/sean/newsreduce/crawler/src/common/logging.ts","statementMap":{"0":{"start":{"line":1,"column":0},"end":{"line":1,"column":20}},"1":{"start":{"line":2,"column":0},"end":{"line":2,"column":41}},"2":{"start":{"line":5,"column":16},"end":{"line":5,"column":26}},"3":{"start":{"line":6,"column":19},"end":{"line":6,"column":40}},"4":{"start":{"line":7,"column":20},"end":{"line":7,"column":35}},"5":{"start":{"line":8,"column":4},"end":{"line":8,"column":62}},"6":{"start":{"line":4,"column":0},"end":{"line":4,"column":7}}},"fnMap":{"0":{"name":"log","decl":{"start":{"line":4,"column":22},"end":{"line":4,"column":25}},"loc":{"start":{"line":4,"column":38},"end":{"line":9,"column":1}}}},"branchMap":{},"s":{"0":15,"1":15,"2":64,"3":64,"4":64,"5":64,"6":15},"f":{"0":64},"b":{}}
,"/home/sean/newsreduce/crawler/src/common/processor.ts": {"path":"/home/sean/newsreduce/crawler/src/common/processor.ts","statementMap":{"0":{"start":{"line":1,"column":0},"end":{"line":1,"column":20}},"1":{"start":{"line":2,"column":0},"end":{"line":2,"column":28}},"2":{"start":{"line":4,"column":0},"end":{"line":4,"column":42}},"3":{"start":{"line":5,"column":0},"end":{"line":5,"column":93}},"4":{"start":{"line":6,"column":0},"end":{"line":6,"column":50}},"5":{"start":{"line":7,"column":0},"end":{"line":7,"column":51}},"6":{"start":{"line":9,"column":12},"end":{"line":9,"column":14}},"7":{"start":{"line":11,"column":4},"end":{"line":11,"column":30}},"8":{"start":{"line":11,"column":23},"end":{"line":11,"column":30}},"9":{"start":{"line":12,"column":4},"end":{"line":12,"column":23}},"10":{"start":{"line":13,"column":4},"end":{"line":16,"column":7}},"11":{"start":{"line":14,"column":8},"end":{"line":14,"column":27}},"12":{"start":{"line":15,"column":8},"end":{"line":15,"column":74}},"13":{"start":{"line":29,"column":21},"end":{"line":29,"column":26}},"14":{"start":{"line":30,"column":17},"end":{"line":30,"column":58}},"15":{"start":{"line":31,"column":35},"end":{"line":31,"column":44}},"16":{"start":{"line":32,"column":4},"end":{"line":35,"column":17}},"17":{"start":{"line":33,"column":8},"end":{"line":35,"column":17}},"18":{"start":{"line":34,"column":12},"end":{"line":34,"column":66}},"19":{"start":{"line":34,"column":29},"end":{"line":34,"column":66}},"20":{"start":{"line":37,"column":4},"end":{"line":44,"column":25}},"21":{"start":{"line":38,"column":8},"end":{"line":38,"column":47}},"22":{"start":{"line":39,"column":8},"end":{"line":39,"column":36}},"23":{"start":{"line":40,"column":8},"end":{"line":43,"column":11}},"24":{"start":{"line":41,"column":12},"end":{"line":42,"column":53}},"25":{"start":{"line":42,"column":16},"end":{"line":42,"column":53}},"26":{"start":{"line":44,"column":11},"end":{"line":44,"column":25}},"27":{"start":{"line":45,"column":27},"end":{"line":55,"column":12}},"28":{"start":{"line":46,"column":24},"end":{"line":46,"column":77}},"29":{"start":{"line":47,"column":8},"end":{"line":54,"column":null}},"30":{"start":{"line":48,"column":12},"end":{"line":48,"column":30}},"31":{"start":{"line":49,"column":12},"end":{"line":49,"column":36}},"32":{"start":{"line":50,"column":12},"end":{"line":50,"column":42}},"33":{"start":{"line":51,"column":12},"end":{"line":51,"column":38}},"34":{"start":{"line":51,"column":24},"end":{"line":51,"column":38}},"35":{"start":{"line":52,"column":12},"end":{"line":52,"column":64}},"36":{"start":{"line":53,"column":12},"end":{"line":53,"column":27}},"37":{"start":{"line":56,"column":4},"end":{"line":56,"column":32}},"38":{"start":{"line":19,"column":0},"end":{"line":19,"column":16}}},"fnMap":{"0":{"name":"synchronised","decl":{"start":{"line":10,"column":15},"end":{"line":10,"column":27}},"loc":{"start":{"line":10,"column":86},"end":{"line":17,"column":1}}},"1":{"name":"(anonymous_2)","decl":{"start":{"line":13,"column":13},"end":{"line":13,"column":16}},"loc":{"start":{"line":13,"column":18},"end":{"line":16,"column":5}}},"2":{"name":"startProcessor","decl":{"start":{"line":19,"column":16},"end":{"line":19,"column":30}},"loc":{"start":{"line":27,"column":9},"end":{"line":57,"column":1}}},"3":{"name":"(anonymous_4)","decl":{"start":{"line":33,"column":40},"end":{"line":33,"column":43}},"loc":{"start":{"line":33,"column":45},"end":{"line":35,"column":9}}},"4":{"name":"(anonymous_5)","decl":{"start":{"line":40,"column":29},"end":{"line":40,"column":30}},"loc":{"start":{"line":40,"column":40},"end":{"line":43,"column":9}}},"5":{"name":"(anonymous_6)","decl":{"start":{"line":45,"column":48},"end":{"line":45,"column":53}},"loc":{"start":{"line":45,"column":59},"end":{"line":55,"column":5}}}},"branchMap":{"0":{"loc":{"start":{"line":11,"column":4},"end":{"line":11,"column":30}},"type":"if","locations":[{"start":{"line":11,"column":4},"end":{"line":11,"column":30}},{"start":{"line":11,"column":4},"end":{"line":11,"column":30}}]},"1":{"loc":{"start":{"line":25,"column":8},"end":{"line":27,"column":null}},"type":"default-arg","locations":[{"start":{"line":25,"column":8},"end":{"line":27,"column":null}}]},"2":{"loc":{"start":{"line":32,"column":4},"end":{"line":35,"column":17}},"type":"if","locations":[{"start":{"line":32,"column":4},"end":{"line":35,"column":17}},{"start":{"line":32,"column":4},"end":{"line":35,"column":17}}]},"3":{"loc":{"start":{"line":32,"column":8},"end":{"line":32,"column":24}},"type":"binary-expr","locations":[{"start":{"line":32,"column":8},"end":{"line":32,"column":24}},{"start":{"line":32,"column":28},"end":{"line":32,"column":58}}]},"4":{"loc":{"start":{"line":34,"column":12},"end":{"line":34,"column":66}},"type":"if","locations":[{"start":{"line":34,"column":12},"end":{"line":34,"column":66}},{"start":{"line":34,"column":12},"end":{"line":34,"column":66}}]},"5":{"loc":{"start":{"line":37,"column":4},"end":{"line":44,"column":25}},"type":"if","locations":[{"start":{"line":37,"column":4},"end":{"line":44,"column":25}},{"start":{"line":37,"column":4},"end":{"line":44,"column":25}}]},"6":{"loc":{"start":{"line":37,"column":8},"end":{"line":37,"column":21}},"type":"binary-expr","locations":[{"start":{"line":37,"column":8},"end":{"line":37,"column":21}},{"start":{"line":37,"column":25},"end":{"line":37,"column":47}}]},"7":{"loc":{"start":{"line":41,"column":12},"end":{"line":42,"column":53}},"type":"if","locations":[{"start":{"line":41,"column":12},"end":{"line":42,"column":53}},{"start":{"line":41,"column":12},"end":{"line":42,"column":53}}]},"8":{"loc":{"start":{"line":47,"column":8},"end":{"line":54,"column":null}},"type":"if","locations":[{"start":{"line":47,"column":8},"end":{"line":54,"column":null}},{"start":{"line":47,"column":8},"end":{"line":54,"column":null}}]},"9":{"loc":{"start":{"line":51,"column":12},"end":{"line":51,"column":38}},"type":"if","locations":[{"start":{"line":51,"column":12},"end":{"line":51,"column":38}},{"start":{"line":51,"column":12},"end":{"line":51,"column":38}}]}},"s":{"0":3,"1":3,"2":3,"3":3,"4":3,"5":3,"6":3,"7":3,"8":0,"9":3,"10":3,"11":3,"12":3,"13":3,"14":3,"15":3,"16":3,"17":2,"18":2,"19":2,"20":3,"21":3,"22":3,"23":3,"24":2,"25":1,"26":0,"27":3,"28":4,"29":4,"30":0,"31":0,"32":0,"33":0,"34":0,"35":0,"36":0,"37":3,"38":3},"f":{"0":3,"1":3,"2":3,"3":2,"4":2,"5":4},"b":{"0":[0,3],"1":[2],"2":[2,1],"3":[3,1],"4":[2,0],"5":[3,0],"6":[3,3],"7":[1,1],"8":[0,4],"9":[0,0]}}
,"/home/sean/newsreduce/crawler/src/common/time.ts": {"path":"/home/sean/newsreduce/crawler/src/common/time.ts","statementMap":{"0":{"start":{"line":2,"column":4},"end":{"line":2,"column":22}},"1":{"start":{"line":1,"column":0},"end":{"line":1,"column":16}}},"fnMap":{"0":{"name":"milliTimestamp","decl":{"start":{"line":1,"column":16},"end":{"line":1,"column":30}},"loc":{"start":{"line":1,"column":30},"end":{"line":3,"column":1}}}},"branchMap":{},"s":{"0":3,"1":3},"f":{"0":3},"b":{}}
,"/home/sean/newsreduce/crawler/src/common/util.ts": {"path":"/home/sean/newsreduce/crawler/src/common/util.ts","statementMap":{"0":{"start":{"line":1,"column":13},"end":{"line":1,"column":80}},"1":{"start":{"line":1,"column":53},"end":{"line":1,"column":79}},"2":{"start":{"line":4,"column":4},"end":{"line":4,"column":20}},"3":{"start":{"line":5,"column":4},"end":{"line":5,"column":30}},"4":{"start":{"line":3,"column":0},"end":{"line":3,"column":16}},"5":{"start":{"line":8,"column":13},"end":{"line":8,"column":27}},"6":{"start":{"line":9,"column":13},"end":{"line":9,"column":30}},"7":{"start":{"line":10,"column":13},"end":{"line":10,"column":31}},"8":{"start":{"line":11,"column":13},"end":{"line":11,"column":33}},"9":{"start":{"line":14,"column":4},"end":{"line":14,"column":51}},"10":{"start":{"line":14,"column":16},"end":{"line":14,"column":51}},"11":{"start":{"line":15,"column":17},"end":{"line":15,"column":21}},"12":{"start":{"line":16,"column":4},"end":{"line":17,"column":50}},"13":{"start":{"line":17,"column":8},"end":{"line":17,"column":50}},"14":{"start":{"line":19,"column":4},"end":{"line":19,"column":18}},"15":{"start":{"line":13,"column":0},"end":{"line":13,"column":16}},"16":{"start":{"line":23,"column":4},"end":{"line":27,"column":null}},"17":{"start":{"line":23,"column":17},"end":{"line":23,"column":18}},"18":{"start":{"line":24,"column":22},"end":{"line":24,"column":30}},"19":{"start":{"line":25,"column":8},"end":{"line":25,"column":47}},"20":{"start":{"line":26,"column":8},"end":{"line":26,"column":20}},"21":{"start":{"line":22,"column":0},"end":{"line":22,"column":16}}},"fnMap":{"0":{"name":"(anonymous_0)","decl":{"start":{"line":1,"column":27},"end":{"line":1,"column":28}},"loc":{"start":{"line":1,"column":53},"end":{"line":1,"column":79}}},"1":{"name":"setImmediateInterval","decl":{"start":{"line":3,"column":16},"end":{"line":3,"column":36}},"loc":{"start":{"line":3,"column":62},"end":{"line":6,"column":1}}},"2":{"name":"bytesToBigInt","decl":{"start":{"line":13,"column":16},"end":{"line":13,"column":29}},"loc":{"start":{"line":13,"column":43},"end":{"line":20,"column":1}}},"3":{"name":"writeBigUInt96BE","decl":{"start":{"line":22,"column":16},"end":{"line":22,"column":32}},"loc":{"start":{"line":22,"column":74},"end":{"line":28,"column":1}}}},"branchMap":{"0":{"loc":{"start":{"line":1,"column":61},"end":{"line":1,"column":63}},"type":"cond-expr","locations":[{"start":{"line":1,"column":61},"end":{"line":1,"column":63}},{"start":{"line":1,"column":66},"end":{"line":1,"column":79}}]},"1":{"loc":{"start":{"line":1,"column":74},"end":{"line":1,"column":75}},"type":"cond-expr","locations":[{"start":{"line":1,"column":74},"end":{"line":1,"column":75}},{"start":{"line":1,"column":78},"end":{"line":1,"column":79}}]},"2":{"loc":{"start":{"line":14,"column":4},"end":{"line":14,"column":51}},"type":"if","locations":[{"start":{"line":14,"column":4},"end":{"line":14,"column":51}},{"start":{"line":14,"column":4},"end":{"line":14,"column":51}}]}},"s":{"0":12,"1":3,"2":5,"3":5,"4":12,"5":12,"6":12,"7":12,"8":12,"9":1249,"10":44,"11":1205,"12":1205,"13":14460,"14":1205,"15":12,"16":2,"17":2,"18":24,"19":24,"20":24,"21":12},"f":{"0":3,"1":5,"2":1249,"3":2},"b":{"0":[1,2],"1":[1,1],"2":[44,1205]}}
,"/home/sean/newsreduce/crawler/src/services/compressor/functions.ts": {"path":"/home/sean/newsreduce/crawler/src/services/compressor/functions.ts","statementMap":{"0":{"start":{"line":1,"column":0},"end":{"line":1,"column":20}},"1":{"start":{"line":2,"column":0},"end":{"line":2,"column":68}},"2":{"start":{"line":3,"column":0},"end":{"line":3,"column":70}},"3":{"start":{"line":4,"column":0},"end":{"line":4,"column":37}},"4":{"start":{"line":5,"column":0},"end":{"line":5,"column":62}},"5":{"start":{"line":6,"column":0},"end":{"line":6,"column":38}},"6":{"start":{"line":8,"column":13},"end":{"line":8,"column":19}},"7":{"start":{"line":9,"column":11},"end":{"line":9,"column":15}},"8":{"start":{"line":12,"column":4},"end":{"line":23,"column":null}},"9":{"start":{"line":12,"column":31},"end":{"line":12,"column":37}},"10":{"start":{"line":14,"column":32},"end":{"line":14,"column":40}},"11":{"start":{"line":15,"column":8},"end":{"line":15,"column":34}},"12":{"start":{"line":16,"column":37},"end":{"line":16,"column":41}},"13":{"start":{"line":18,"column":8},"end":{"line":19,"column":44}},"14":{"start":{"line":18,"column":17},"end":{"line":18,"column":57}},"15":{"start":{"line":19,"column":13},"end":{"line":19,"column":44}},"16":{"start":{"line":20,"column":20},"end":{"line":20,"column":22}},"17":{"start":{"line":21,"column":8},"end":{"line":21,"column":58}},"18":{"start":{"line":21,"column":42},"end":{"line":21,"column":56}},"19":{"start":{"line":22,"column":8},"end":{"line":22,"column":106}},"20":{"start":{"line":22,"column":33},"end":{"line":22,"column":104}},"21":{"start":{"line":27,"column":4},"end":{"line":29,"column":48}},"22":{"start":{"line":28,"column":8},"end":{"line":29,"column":46}},"23":{"start":{"line":29,"column":12},"end":{"line":29,"column":45}},"24":{"start":{"line":26,"column":0},"end":{"line":26,"column":16}},"25":{"start":{"line":33,"column":19},"end":{"line":33,"column":40}},"26":{"start":{"line":34,"column":21},"end":{"line":34,"column":43}},"27":{"start":{"line":35,"column":38},"end":{"line":35,"column":40}},"28":{"start":{"line":36,"column":4},"end":{"line":60,"column":null}},"29":{"start":{"line":37,"column":28},"end":{"line":37,"column":49}},"30":{"start":{"line":38,"column":26},"end":{"line":38,"column":90}},"31":{"start":{"line":38,"column":68},"end":{"line":38,"column":89}},"32":{"start":{"line":39,"column":8},"end":{"line":59,"column":null}},"33":{"start":{"line":40,"column":12},"end":{"line":40,"column":57}},"34":{"start":{"line":40,"column":48},"end":{"line":40,"column":57}},"35":{"start":{"line":41,"column":30},"end":{"line":41,"column":58}},"36":{"start":{"line":42,"column":34},"end":{"line":42,"column":83}},"37":{"start":{"line":43,"column":24},"end":{"line":43,"column":42}},"38":{"start":{"line":44,"column":40},"end":{"line":44,"column":68}},"39":{"start":{"line":45,"column":12},"end":{"line":58,"column":null}},"40":{"start":{"line":46,"column":16},"end":{"line":52,"column":31}},"41":{"start":{"line":46,"column":68},"end":{"line":52,"column":28}},"42":{"start":{"line":54,"column":16},"end":{"line":57,"column":31}},"43":{"start":{"line":54,"column":68},"end":{"line":57,"column":28}},"44":{"start":{"line":62,"column":4},"end":{"line":62,"column":32}},"45":{"start":{"line":32,"column":0},"end":{"line":32,"column":7}}},"fnMap":{"0":{"name":"spawnSeq","decl":{"start":{"line":11,"column":9},"end":{"line":11,"column":17}},"loc":{"start":{"line":11,"column":101},"end":{"line":24,"column":1}}},"1":{"name":"(anonymous_2)","decl":{"start":{"line":21,"column":34},"end":{"line":21,"column":38}},"loc":{"start":{"line":21,"column":42},"end":{"line":21,"column":56}}},"2":{"name":"(anonymous_3)","decl":{"start":{"line":22,"column":28},"end":{"line":22,"column":29}},"loc":{"start":{"line":22,"column":33},"end":{"line":22,"column":104}}},"3":{"name":"isEntityLocked","decl":{"start":{"line":26,"column":16},"end":{"line":26,"column":30}},"loc":{"start":{"line":26,"column":47},"end":{"line":30,"column":1}}},"4":{"name":"(anonymous_5)","decl":{"start":{"line":27,"column":32},"end":{"line":27,"column":35}},"loc":{"start":{"line":28,"column":8},"end":{"line":29,"column":46}}},"5":{"name":"(anonymous_6)","decl":{"start":{"line":28,"column":56},"end":{"line":28,"column":57}},"loc":{"start":{"line":29,"column":12},"end":{"line":29,"column":45}}},"6":{"name":"compress","decl":{"start":{"line":32,"column":22},"end":{"line":32,"column":30}},"loc":{"start":{"line":32,"column":30},"end":{"line":63,"column":1}}},"7":{"name":"(anonymous_8)","decl":{"start":{"line":38,"column":61},"end":{"line":38,"column":64}},"loc":{"start":{"line":38,"column":68},"end":{"line":38,"column":89}}},"8":{"name":"(anonymous_9)","decl":{"start":{"line":46,"column":48},"end":{"line":46,"column":53}},"loc":{"start":{"line":46,"column":68},"end":{"line":52,"column":28}}},"9":{"name":"(anonymous_10)","decl":{"start":{"line":54,"column":48},"end":{"line":54,"column":53}},"loc":{"start":{"line":54,"column":68},"end":{"line":57,"column":28}}}},"branchMap":{"0":{"loc":{"start":{"line":12,"column":4},"end":{"line":23,"column":null}},"type":"if","locations":[{"start":{"line":12,"column":4},"end":{"line":23,"column":null}},{"start":{"line":12,"column":4},"end":{"line":23,"column":null}}]},"1":{"loc":{"start":{"line":18,"column":8},"end":{"line":19,"column":44}},"type":"if","locations":[{"start":{"line":18,"column":8},"end":{"line":19,"column":44}},{"start":{"line":18,"column":8},"end":{"line":19,"column":44}}]},"2":{"loc":{"start":{"line":22,"column":43},"end":{"line":22,"column":67}},"type":"cond-expr","locations":[{"start":{"line":22,"column":43},"end":{"line":22,"column":67}},{"start":{"line":22,"column":70},"end":{"line":22,"column":104}}]},"3":{"loc":{"start":{"line":29,"column":16},"end":{"line":29,"column":20}},"type":"binary-expr","locations":[{"start":{"line":29,"column":16},"end":{"line":29,"column":20}},{"start":{"line":29,"column":24},"end":{"line":29,"column":44}}]},"4":{"loc":{"start":{"line":40,"column":12},"end":{"line":40,"column":57}},"type":"if","locations":[{"start":{"line":40,"column":12},"end":{"line":40,"column":57}},{"start":{"line":40,"column":12},"end":{"line":40,"column":57}}]},"5":{"loc":{"start":{"line":45,"column":12},"end":{"line":58,"column":null}},"type":"if","locations":[{"start":{"line":45,"column":12},"end":{"line":58,"column":null}},{"start":{"line":45,"column":12},"end":{"line":58,"column":null}}]}},"s":{"0":1,"1":1,"2":1,"3":1,"4":1,"5":1,"6":1,"7":1,"8":9,"9":2,"10":7,"11":7,"12":7,"13":7,"14":2,"15":5,"16":7,"17":7,"18":7,"19":7,"20":7,"21":3,"22":3,"23":3,"24":1,"25":1,"26":1,"27":1,"28":1,"29":1,"30":1,"31":3,"32":1,"33":3,"34":1,"35":2,"36":2,"37":2,"38":2,"39":2,"40":1,"41":1,"42":1,"43":1,"44":1,"45":1},"f":{"0":9,"1":7,"2":7,"3":3,"4":3,"5":3,"6":1,"7":3,"8":1,"9":1},"b":{"0":[2,7],"1":[2,5],"2":[7,0],"3":[3,3],"4":[1,2],"5":[1,1]}}
,"/home/sean/newsreduce/crawler/src/services/fetcher/functions.ts": {"path":"/home/sean/newsreduce/crawler/src/services/fetcher/functions.ts","statementMap":{"0":{"start":{"line":1,"column":0},"end":{"line":1,"column":45}},"1":{"start":{"line":2,"column":0},"end":{"line":2,"column":null}},"2":{"start":{"line":8,"column":0},"end":{"line":8,"column":46}},"3":{"start":{"line":9,"column":0},"end":{"line":9,"column":37}},"4":{"start":{"line":10,"column":0},"end":{"line":10,"column":64}},"5":{"start":{"line":11,"column":0},"end":{"line":11,"column":56}},"6":{"start":{"line":12,"column":0},"end":{"line":12,"column":45}},"7":{"start":{"line":13,"column":0},"end":{"line":13,"column":42}},"8":{"start":{"line":14,"column":0},"end":{"line":14,"column":62}},"9":{"start":{"line":15,"column":0},"end":{"line":15,"column":50}},"10":{"start":{"line":18,"column":4},"end":{"line":48,"column":6}},"11":{"start":{"line":19,"column":28},"end":{"line":19,"column":48}},"12":{"start":{"line":21,"column":20},"end":{"line":21,"column":36}},"13":{"start":{"line":22,"column":22},"end":{"line":22,"column":24}},"14":{"start":{"line":23,"column":30},"end":{"line":23,"column":72}},"15":{"start":{"line":25,"column":8},"end":{"line":37,"column":11}},"16":{"start":{"line":26,"column":20},"end":{"line":26,"column":21}},"17":{"start":{"line":27,"column":12},"end":{"line":36,"column":15}},"18":{"start":{"line":28,"column":16},"end":{"line":28,"column":56}},"19":{"start":{"line":29,"column":28},"end":{"line":29,"column":52}},"20":{"start":{"line":30,"column":39},"end":{"line":30,"column":74}},"21":{"start":{"line":31,"column":16},"end":{"line":31,"column":66}},"22":{"start":{"line":32,"column":16},"end":{"line":33,"column":81}},"23":{"start":{"line":32,"column":44},"end":{"line":32,"column":71}},"24":{"start":{"line":33,"column":21},"end":{"line":33,"column":81}},"25":{"start":{"line":33,"column":51},"end":{"line":33,"column":81}},"26":{"start":{"line":34,"column":16},"end":{"line":34,"column":20}},"27":{"start":{"line":35,"column":16},"end":{"line":35,"column":47}},"28":{"start":{"line":35,"column":41},"end":{"line":35,"column":47}},"29":{"start":{"line":38,"column":23},"end":{"line":38,"column":25}},"30":{"start":{"line":39,"column":8},"end":{"line":44,"column":16}},"31":{"start":{"line":41,"column":16},"end":{"line":41,"column":65}},"32":{"start":{"line":41,"column":36},"end":{"line":41,"column":65}},"33":{"start":{"line":42,"column":40},"end":{"line":42,"column":85}},"34":{"start":{"line":43,"column":16},"end":{"line":43,"column":67}},"35":{"start":{"line":45,"column":8},"end":{"line":45,"column":97}},"36":{"start":{"line":47,"column":8},"end":{"line":47,"column":37}},"37":{"start":{"line":17,"column":0},"end":{"line":17,"column":16}},"38":{"start":{"line":52,"column":4},"end":{"line":52,"column":45}},"39":{"start":{"line":51,"column":0},"end":{"line":51,"column":7}},"40":{"start":{"line":57,"column":18},"end":{"line":57,"column":35}},"41":{"start":{"line":58,"column":4},"end":{"line":83,"column":37}},"42":{"start":{"line":59,"column":8},"end":{"line":59,"column":67}},"43":{"start":{"line":60,"column":8},"end":{"line":60,"column":64}},"44":{"start":{"line":61,"column":24},"end":{"line":61,"column":87}},"45":{"start":{"line":61,"column":50},"end":{"line":61,"column":86}},"46":{"start":{"line":62,"column":30},"end":{"line":62,"column":88}},"47":{"start":{"line":63,"column":53},"end":{"line":63,"column":55}},"48":{"start":{"line":64,"column":8},"end":{"line":64,"column":83}},"49":{"start":{"line":64,"column":40},"end":{"line":64,"column":83}},"50":{"start":{"line":65,"column":8},"end":{"line":65,"column":62}},"51":{"start":{"line":66,"column":8},"end":{"line":82,"column":null}},"52":{"start":{"line":67,"column":25},"end":{"line":67,"column":53}},"53":{"start":{"line":68,"column":23},"end":{"line":68,"column":35}},"54":{"start":{"line":69,"column":12},"end":{"line":81,"column":14}},"55":{"start":{"line":70,"column":16},"end":{"line":70,"column":46}},"56":{"start":{"line":71,"column":16},"end":{"line":71,"column":71}},"57":{"start":{"line":72,"column":16},"end":{"line":80,"column":null}},"58":{"start":{"line":73,"column":32},"end":{"line":73,"column":54}},"59":{"start":{"line":74,"column":20},"end":{"line":79,"column":null}},"60":{"start":{"line":75,"column":24},"end":{"line":75,"column":41}},"61":{"start":{"line":76,"column":24},"end":{"line":76,"column":64}},"62":{"start":{"line":77,"column":24},"end":{"line":77,"column":49}},"63":{"start":{"line":78,"column":24},"end":{"line":78,"column":41}},"64":{"start":{"line":85,"column":4},"end":{"line":85,"column":19}},"65":{"start":{"line":55,"column":0},"end":{"line":55,"column":7}}},"fnMap":{"0":{"name":"buildOnFetch","decl":{"start":{"line":17,"column":16},"end":{"line":17,"column":28}},"loc":{"start":{"line":17,"column":40},"end":{"line":49,"column":1}}},"1":{"name":"(anonymous_2)","decl":{"start":{"line":18,"column":11},"end":{"line":18,"column":16}},"loc":{"start":{"line":18,"column":40},"end":{"line":48,"column":5}}},"2":{"name":"(anonymous_3)","decl":{"start":{"line":25,"column":32},"end":{"line":25,"column":35}},"loc":{"start":{"line":25,"column":38},"end":{"line":37,"column":9}}},"3":{"name":"(anonymous_4)","decl":{"start":{"line":27,"column":37},"end":{"line":27,"column":42}},"loc":{"start":{"line":27,"column":65},"end":{"line":36,"column":13}}},"4":{"name":"(anonymous_5)","decl":{"start":{"line":40,"column":18},"end":{"line":40,"column":30}},"loc":{"start":{"line":40,"column":33},"end":{"line":44,"column":13}}},"5":{"name":"fetchAndWrite","decl":{"start":{"line":51,"column":22},"end":{"line":51,"column":35}},"loc":{"start":{"line":51,"column":47},"end":{"line":53,"column":1}}},"6":{"name":"pollAndFetch","decl":{"start":{"line":55,"column":22},"end":{"line":55,"column":34}},"loc":{"start":{"line":55,"column":69},"end":{"line":86,"column":1}}},"7":{"name":"(anonymous_8)","decl":{"start":{"line":61,"column":38},"end":{"line":61,"column":46}},"loc":{"start":{"line":61,"column":50},"end":{"line":61,"column":86}}}},"branchMap":{"0":{"loc":{"start":{"line":32,"column":16},"end":{"line":33,"column":81}},"type":"if","locations":[{"start":{"line":32,"column":16},"end":{"line":33,"column":81}},{"start":{"line":32,"column":16},"end":{"line":33,"column":81}}]},"1":{"loc":{"start":{"line":33,"column":21},"end":{"line":33,"column":81}},"type":"if","locations":[{"start":{"line":33,"column":21},"end":{"line":33,"column":81}},{"start":{"line":33,"column":21},"end":{"line":33,"column":81}}]},"2":{"loc":{"start":{"line":35,"column":16},"end":{"line":35,"column":47}},"type":"if","locations":[{"start":{"line":35,"column":16},"end":{"line":35,"column":47}},{"start":{"line":35,"column":16},"end":{"line":35,"column":47}}]},"3":{"loc":{"start":{"line":41,"column":16},"end":{"line":41,"column":65}},"type":"if","locations":[{"start":{"line":41,"column":16},"end":{"line":41,"column":65}},{"start":{"line":41,"column":16},"end":{"line":41,"column":65}}]},"4":{"loc":{"start":{"line":69,"column":12},"end":{"line":81,"column":14}},"type":"if","locations":[{"start":{"line":69,"column":12},"end":{"line":81,"column":14}},{"start":{"line":69,"column":12},"end":{"line":81,"column":14}}]},"5":{"loc":{"start":{"line":69,"column":16},"end":{"line":69,"column":26}},"type":"binary-expr","locations":[{"start":{"line":69,"column":16},"end":{"line":69,"column":26}},{"start":{"line":69,"column":30},"end":{"line":69,"column":39}}]},"6":{"loc":{"start":{"line":72,"column":16},"end":{"line":80,"column":null}},"type":"if","locations":[{"start":{"line":72,"column":16},"end":{"line":80,"column":null}},{"start":{"line":72,"column":16},"end":{"line":80,"column":null}}]},"7":{"loc":{"start":{"line":74,"column":20},"end":{"line":79,"column":null}},"type":"if","locations":[{"start":{"line":74,"column":20},"end":{"line":79,"column":null}},{"start":{"line":74,"column":20},"end":{"line":79,"column":null}}]}},"s":{"0":1,"1":1,"2":1,"3":1,"4":1,"5":1,"6":1,"7":1,"8":1,"9":1,"10":2,"11":2,"12":2,"13":2,"14":2,"15":2,"16":2,"17":2,"18":42,"19":42,"20":42,"21":42,"22":42,"23":2,"24":40,"25":2,"26":42,"27":42,"28":2,"29":2,"30":2,"31":2,"32":0,"33":2,"34":2,"35":2,"36":2,"37":1,"38":2,"39":1,"40":1,"41":1,"42":2,"43":2,"44":2,"45":1,"46":2,"47":2,"48":2,"49":1,"50":2,"51":2,"52":1,"53":1,"54":1,"55":1,"56":1,"57":1,"58":1,"59":1,"60":1,"61":1,"62":1,"63":1,"64":1,"65":1},"f":{"0":2,"1":2,"2":2,"3":42,"4":2,"5":2,"6":1,"7":1},"b":{"0":[2,40],"1":[2,38],"2":[2,40],"3":[0,2],"4":[1,0],"5":[1,1],"6":[1,0],"7":[1,0]}}
,"/home/sean/newsreduce/crawler/src/services/html-processor/extract-ahrefs.ts": {"path":"/home/sean/newsreduce/crawler/src/services/html-processor/extract-ahrefs.ts","statementMap":{"0":{"start":{"line":2,"column":0},"end":{"line":2,"column":58}},"1":{"start":{"line":3,"column":0},"end":{"line":3,"column":66}},"2":{"start":{"line":6,"column":0},"end":{"line":6,"column":56}},"3":{"start":{"line":7,"column":0},"end":{"line":7,"column":58}},"4":{"start":{"line":8,"column":0},"end":{"line":8,"column":37}},"5":{"start":{"line":10,"column":13},"end":{"line":10,"column":16}},"6":{"start":{"line":11,"column":14},"end":{"line":11,"column":17}},"7":{"start":{"line":14,"column":19},"end":{"line":14,"column":62}},"8":{"start":{"line":15,"column":19},"end":{"line":15,"column":62}},"9":{"start":{"line":16,"column":63},"end":{"line":16,"column":65}},"10":{"start":{"line":17,"column":4},"end":{"line":33,"column":null}},"11":{"start":{"line":17,"column":24},"end":{"line":17,"column":25}},"12":{"start":{"line":18,"column":37},"end":{"line":18,"column":58}},"13":{"start":{"line":19,"column":8},"end":{"line":32,"column":null}},"14":{"start":{"line":20,"column":26},"end":{"line":20,"column":47}},"15":{"start":{"line":21,"column":32},"end":{"line":21,"column":40}},"16":{"start":{"line":22,"column":33},"end":{"line":22,"column":65}},"17":{"start":{"line":24,"column":12},"end":{"line":31,"column":null}},"18":{"start":{"line":25,"column":16},"end":{"line":25,"column":45}},"19":{"start":{"line":26,"column":29},"end":{"line":26,"column":64}},"20":{"start":{"line":27,"column":16},"end":{"line":28,"column":38}},"21":{"start":{"line":27,"column":26},"end":{"line":27,"column":99}},"22":{"start":{"line":28,"column":21},"end":{"line":28,"column":38}},"23":{"start":{"line":30,"column":16},"end":{"line":30,"column":47}},"24":{"start":{"line":35,"column":4},"end":{"line":35,"column":17}},"25":{"start":{"line":13,"column":0},"end":{"line":13,"column":16}},"26":{"start":{"line":38,"column":13},"end":{"line":45,"column":null}},"27":{"start":{"line":39,"column":18},"end":{"line":39,"column":31}},"28":{"start":{"line":40,"column":21},"end":{"line":40,"column":44}},"29":{"start":{"line":41,"column":12},"end":{"line":41,"column":13}},"30":{"start":{"line":42,"column":4},"end":{"line":42,"column":86}},"31":{"start":{"line":42,"column":30},"end":{"line":42,"column":86}},"32":{"start":{"line":44,"column":4},"end":{"line":44,"column":40}}},"fnMap":{"0":{"name":"getLinks","decl":{"start":{"line":13,"column":16},"end":{"line":13,"column":24}},"loc":{"start":{"line":13,"column":42},"end":{"line":36,"column":1}}},"1":{"name":"(anonymous_1)","decl":{"start":{"line":38,"column":46},"end":{"line":38,"column":49}},"loc":{"start":{"line":38,"column":52},"end":{"line":45,"column":1}}}},"branchMap":{"0":{"loc":{"start":{"line":19,"column":8},"end":{"line":32,"column":null}},"type":"if","locations":[{"start":{"line":19,"column":8},"end":{"line":32,"column":null}},{"start":{"line":19,"column":8},"end":{"line":32,"column":null}}]},"1":{"loc":{"start":{"line":22,"column":52},"end":{"line":22,"column":60}},"type":"cond-expr","locations":[{"start":{"line":22,"column":52},"end":{"line":22,"column":60}},{"start":{"line":22,"column":63},"end":{"line":22,"column":65}}]},"2":{"loc":{"start":{"line":27,"column":16},"end":{"line":28,"column":38}},"type":"if","locations":[{"start":{"line":27,"column":16},"end":{"line":28,"column":38}},{"start":{"line":27,"column":16},"end":{"line":28,"column":38}}]}},"s":{"0":1,"1":1,"2":1,"3":1,"4":1,"5":1,"6":1,"7":1,"8":1,"9":1,"10":1,"11":1,"12":9,"13":9,"14":9,"15":9,"16":9,"17":9,"18":9,"19":8,"20":8,"21":1,"22":7,"23":1,"24":1,"25":1,"26":1,"27":0,"28":0,"29":0,"30":0,"31":0,"32":0},"f":{"0":1,"1":0},"b":{"0":[9,0],"1":[1,8],"2":[1,7]}}
,"/home/sean/newsreduce/crawler/src/services/html-processor/extract-raw-text.ts": {"path":"/home/sean/newsreduce/crawler/src/services/html-processor/extract-raw-text.ts","statementMap":{"0":{"start":{"line":2,"column":0},"end":{"line":2,"column":29}},"1":{"start":{"line":3,"column":0},"end":{"line":3,"column":46}},"2":{"start":{"line":4,"column":0},"end":{"line":4,"column":38}},"3":{"start":{"line":5,"column":0},"end":{"line":5,"column":56}},"4":{"start":{"line":8,"column":16},"end":{"line":15,"column":2}},"5":{"start":{"line":18,"column":4},"end":{"line":24,"column":null}},"6":{"start":{"line":19,"column":22},"end":{"line":19,"column":59}},"7":{"start":{"line":20,"column":8},"end":{"line":23,"column":null}},"8":{"start":{"line":20,"column":21},"end":{"line":20,"column":22}},"9":{"start":{"line":21,"column":25},"end":{"line":21,"column":38}},"10":{"start":{"line":22,"column":12},"end":{"line":22,"column":49}},"11":{"start":{"line":25,"column":20},"end":{"line":27,"column":34}},"12":{"start":{"line":29,"column":4},"end":{"line":29,"column":19}},"13":{"start":{"line":17,"column":0},"end":{"line":17,"column":16}},"14":{"start":{"line":32,"column":13},"end":{"line":39,"column":null}},"15":{"start":{"line":33,"column":41},"end":{"line":33,"column":43}},"16":{"start":{"line":34,"column":20},"end":{"line":34,"column":37}},"17":{"start":{"line":35,"column":21},"end":{"line":35,"column":64}},"18":{"start":{"line":36,"column":4},"end":{"line":36,"column":98}},"19":{"start":{"line":38,"column":4},"end":{"line":38,"column":40}}},"fnMap":{"0":{"name":"toRawText","decl":{"start":{"line":17,"column":16},"end":{"line":17,"column":25}},"loc":{"start":{"line":17,"column":43},"end":{"line":30,"column":1}}},"1":{"name":"(anonymous_1)","decl":{"start":{"line":32,"column":46},"end":{"line":32,"column":47}},"loc":{"start":{"line":32,"column":66},"end":{"line":39,"column":1}}}},"branchMap":{},"s":{"0":1,"1":1,"2":1,"3":1,"4":1,"5":1,"6":6,"7":6,"8":6,"9":1,"10":1,"11":1,"12":1,"13":1,"14":1,"15":0,"16":0,"17":0,"18":0,"19":0},"f":{"0":1,"1":0},"b":{}}
[...]
,"/home/sean/newsreduce/crawler/src/types/objects/ResourceURL.ts": {"path":"/home/sean/newsreduce/crawler/src/types/objects/ResourceURL.ts","statementMap":{"0":{"start":{"line":1,"column":0},"end":{"line":1,"column":42}},"1":{"start":{"line":2,"column":0},"end":{"line":2,"column":66}},"2":{"start":{"line":3,"column":0},"end":{"line":3,"column":64}},"3":{"start":{"line":4,"column":0},"end":{"line":4,"column":42}},"4":{"start":{"line":5,"column":0},"end":{"line":5,"column":29}},"5":{"start":{"line":6,"column":0},"end":{"line":6,"column":38}},"6":{"start":{"line":7,"column":0},"end":{"line":7,"column":46}},"7":{"start":{"line":8,"column":0},"end":{"line":8,"column":37}},"8":{"start":{"line":9,"column":0},"end":{"line":9,"column":62}},"9":{"start":{"line":10,"column":0},"end":{"line":10,"column":38}},"10":{"start":{"line":12,"column":21},"end":{"line":12,"column":27}},"11":{"start":{"line":13,"column":18},"end":{"line":13,"column":20}},"12":{"start":{"line":23,"column":8},"end":{"line":46,"column":null}},"13":{"start":{"line":23,"column":18},"end":{"line":23,"column":26}},"14":{"start":{"line":24,"column":13},"end":{"line":46,"column":null}},"15":{"start":{"line":25,"column":27},"end":{"line":25,"column":100}},"16":{"start":{"line":26,"column":12},"end":{"line":37,"column":null}},"17":{"start":{"line":27,"column":28},"end":{"line":27,"column":39}},"18":{"start":{"line":28,"column":16},"end":{"line":34,"column":19}},"19":{"start":{"line":36,"column":16},"end":{"line":36,"column":55}},"20":{"start":{"line":39,"column":12},"end":{"line":45,"column":15}},"21":{"start":{"line":50,"column":25},"end":{"line":50,"column":58}},"22":{"start":{"line":51,"column":21},"end":{"line":51,"column":36}},"23":{"start":{"line":52,"column":33},"end":{"line":52,"column":35}},"24":{"start":{"line":53,"column":8},"end":{"line":58,"column":55}},"25":{"start":{"line":54,"column":12},"end":{"line":54,"column":46}},"26":{"start":{"line":54,"column":27},"end":{"line":54,"column":46}},"27":{"start":{"line":55,"column":15},"end":{"line":58,"column":55}},"28":{"start":{"line":56,"column":12},"end":{"line":56,"column":44}},"29":{"start":{"line":56,"column":26},"end":{"line":56,"column":44}},"30":{"start":{"line":58,"column":12},"end":{"line":58,"column":55}},"31":{"start":{"line":59,"column":8},"end":{"line":59,"column":37}},"32":{"start":{"line":60,"column":8},"end":{"line":60,"column":62}},"33":{"start":{"line":61,"column":8},"end":{"line":61,"column":66}},"34":{"start":{"line":62,"column":8},"end":{"line":62,"column":67}},"35":{"start":{"line":63,"column":8},"end":{"line":63,"column":68}},"36":{"start":{"line":64,"column":8},"end":{"line":64,"column":43}},"37":{"start":{"line":65,"column":20},"end":{"line":65,"column":40}},"38":{"start":{"line":66,"column":16},"end":{"line":66,"column":17}},"39":{"start":{"line":67,"column":8},"end":{"line":67,"column":50}},"40":{"start":{"line":68,"column":8},"end":{"line":68,"column":null}},"41":{"start":{"line":69,"column":8},"end":{"line":69,"column":61}},"42":{"start":{"line":69,"column":24},"end":{"line":69,"column":61}},"43":{"start":{"line":70,"column":8},"end":{"line":70,"column":52}},"44":{"start":{"line":71,"column":8},"end":{"line":71,"column":57}},"45":{"start":{"line":72,"column":8},"end":{"line":72,"column":67}},"46":{"start":{"line":72,"column":30},"end":{"line":72,"column":67}},"47":{"start":{"line":73,"column":8},"end":{"line":73,"column":58}},"48":{"start":{"line":75,"column":8},"end":{"line":75,"column":42}},"49":{"start":{"line":79,"column":8},"end":{"line":79,"column":30}},"50":{"start":{"line":82,"column":8},"end":{"line":82,"column":28}},"51":{"start":{"line":85,"column":8},"end":{"line":85,"column":62}},"52":{"start":{"line":88,"column":8},"end":{"line":88,"column":109}},"53":{"start":{"line":91,"column":8},"end":{"line":91,"column":29}},"54":{"start":{"line":94,"column":8},"end":{"line":94,"column":50}},"55":{"start":{"line":97,"column":19},"end":{"line":97,"column":31}},"56":{"start":{"line":99,"column":8},"end":{"line":99,"column":76}},"57":{"start":{"line":100,"column":8},"end":{"line":100,"column":43}},"58":{"start":{"line":102,"column":8},"end":{"line":102,"column":66}},"59":{"start":{"line":105,"column":8},"end":{"line":107,"column":61}},"60":{"start":{"line":106,"column":12},"end":{"line":107,"column":59}},"61":{"start":{"line":107,"column":16},"end":{"line":107,"column":58}},"62":{"start":{"line":110,"column":8},"end":{"line":110,"column":76}},"63":{"start":{"line":15,"column":0},"end":{"line":15,"column":13}}},"fnMap":{"0":{"name":"(anonymous_0)","decl":{"start":{"line":22,"column":4},"end":{"line":22,"column":16}},"loc":{"start":{"line":22,"column":89},"end":{"line":47,"column":5}}},"1":{"name":"(anonymous_1)","decl":{"start":{"line":49,"column":4},"end":{"line":49,"column":9}},"loc":{"start":{"line":49,"column":9},"end":{"line":76,"column":5}}},"2":{"name":"(anonymous_2)","decl":{"start":{"line":78,"column":4},"end":{"line":78,"column":14}},"loc":{"start":{"line":78,"column":14},"end":{"line":80,"column":5}}},"3":{"name":"(anonymous_3)","decl":{"start":{"line":81,"column":4},"end":{"line":81,"column":14}},"loc":{"start":{"line":81,"column":14},"end":{"line":83,"column":5}}},"4":{"name":"(anonymous_4)","decl":{"start":{"line":84,"column":4},"end":{"line":84,"column":14}},"loc":{"start":{"line":84,"column":14},"end":{"line":86,"column":5}}},"5":{"name":"(anonymous_5)","decl":{"start":{"line":87,"column":4},"end":{"line":87,"column":19}},"loc":{"start":{"line":87,"column":19},"end":{"line":89,"column":5}}},"6":{"name":"(anonymous_6)","decl":{"start":{"line":90,"column":4},"end":{"line":90,"column":9}},"loc":{"start":{"line":90,"column":9},"end":{"line":92,"column":5}}},"7":{"name":"(anonymous_7)","decl":{"start":{"line":93,"column":4},"end":{"line":93,"column":11}},"loc":{"start":{"line":93,"column":11},"end":{"line":95,"column":5}}},"8":{"name":"(anonymous_8)","decl":{"start":{"line":96,"column":4},"end":{"line":96,"column":16}},"loc":{"start":{"line":96,"column":91},"end":{"line":103,"column":5}}},"9":{"name":"(anonymous_9)","decl":{"start":{"line":104,"column":4},"end":{"line":104,"column":15}},"loc":{"start":{"line":104,"column":15},"end":{"line":108,"column":5}}},"10":{"name":"(anonymous_10)","decl":{"start":{"line":105,"column":36},"end":{"line":105,"column":37}},"loc":{"start":{"line":106,"column":12},"end":{"line":107,"column":59}}},"11":{"name":"(anonymous_11)","decl":{"start":{"line":106,"column":65},"end":{"line":106,"column":66}},"loc":{"start":{"line":107,"column":16},"end":{"line":107,"column":58}}},"12":{"name":"(anonymous_12)","decl":{"start":{"line":109,"column":4},"end":{"line":109,"column":13}},"loc":{"start":{"line":109,"column":13},"end":{"line":111,"column":5}}}},"branchMap":{"0":{"loc":{"start":{"line":23,"column":8},"end":{"line":46,"column":null}},"type":"if","locations":[{"start":{"line":23,"column":8},"end":{"line":46,"column":null}},{"start":{"line":23,"column":8},"end":{"line":46,"column":null}}]},"1":{"loc":{"start":{"line":24,"column":13},"end":{"line":46,"column":null}},"type":"if","locations":[{"start":{"line":24,"column":13},"end":{"line":46,"column":null}},{"start":{"line":24,"column":13},"end":{"line":46,"column":null}}]},"2":{"loc":{"start":{"line":26,"column":12},"end":{"line":37,"column":null}},"type":"if","locations":[{"start":{"line":26,"column":12},"end":{"line":37,"column":null}},{"start":{"line":26,"column":12},"end":{"line":37,"column":null}}]},"3":{"loc":{"start":{"line":31,"column":38},"end":{"line":31,"column":67}},"type":"cond-expr","locations":[{"start":{"line":31,"column":38},"end":{"line":31,"column":67}},{"start":{"line":31,"column":70},"end":{"line":31,"column":84}}]},"4":{"loc":{"start":{"line":31,"column":76},"end":{"line":31,"column":79}},"type":"cond-expr","locations":[{"start":{"line":31,"column":76},"end":{"line":31,"column":79}},{"start":{"line":31,"column":82},"end":{"line":31,"column":84}}]},"5":{"loc":{"start":{"line":32,"column":67},"end":{"line":32,"column":76}},"type":"cond-expr","locations":[{"start":{"line":32,"column":67},"end":{"line":32,"column":76}},{"start":{"line":32,"column":79},"end":{"line":32,"column":81}}]},"6":{"loc":{"start":{"line":33,"column":69},"end":{"line":33,"column":88}},"type":"cond-expr","locations":[{"start":{"line":33,"column":69},"end":{"line":33,"column":88}},{"start":{"line":33,"column":91},"end":{"line":33,"column":93}}]},"7":{"loc":{"start":{"line":50,"column":36},"end":{"line":50,"column":46}},"type":"cond-expr","locations":[{"start":{"line":50,"column":36},"end":{"line":50,"column":46}},{"start":{"line":50,"column":49},"end":{"line":50,"column":58}}]},"8":{"loc":{"start":{"line":53,"column":8},"end":{"line":58,"column":55}},"type":"if","locations":[{"start":{"line":53,"column":8},"end":{"line":58,"column":55}},{"start":{"line":53,"column":8},"end":{"line":58,"column":55}}]},"9":{"loc":{"start":{"line":54,"column":12},"end":{"line":54,"column":46}},"type":"if","locations":[{"start":{"line":54,"column":12},"end":{"line":54,"column":46}},{"start":{"line":54,"column":12},"end":{"line":54,"column":46}}]},"10":{"loc":{"start":{"line":55,"column":15},"end":{"line":58,"column":55}},"type":"if","locations":[{"start":{"line":55,"column":15},"end":{"line":58,"column":55}},{"start":{"line":55,"column":15},"end":{"line":58,"column":55}}]},"11":{"loc":{"start":{"line":56,"column":12},"end":{"line":56,"column":44}},"type":"if","locations":[{"start":{"line":56,"column":12},"end":{"line":56,"column":44}},{"start":{"line":56,"column":12},"end":{"line":56,"column":44}}]},"12":{"loc":{"start":{"line":59,"column":31},"end":{"line":59,"column":32}},"type":"cond-expr","locations":[{"start":{"line":59,"column":31},"end":{"line":59,"column":32}},{"start":{"line":59,"column":35},"end":{"line":59,"column":36}}]},"13":{"loc":{"start":{"line":64,"column":37},"end":{"line":64,"column":38}},"type":"cond-expr","locations":[{"start":{"line":64,"column":37},"end":{"line":64,"column":38}},{"start":{"line":64,"column":41},"end":{"line":64,"column":42}}]},"14":{"loc":{"start":{"line":69,"column":8},"end":{"line":69,"column":61}},"type":"if","locations":[{"start":{"line":69,"column":8},"end":{"line":69,"column":61}},{"start":{"line":69,"column":8},"end":{"line":69,"column":61}}]},"15":{"loc":{"start":{"line":72,"column":8},"end":{"line":72,"column":67}},"type":"if","locations":[{"start":{"line":72,"column":8},"end":{"line":72,"column":67}},{"start":{"line":72,"column":8},"end":{"line":72,"column":67}}]},"16":{"loc":{"start":{"line":107,"column":22},"end":{"line":107,"column":30}},"type":"cond-expr","locations":[{"start":{"line":107,"column":22},"end":{"line":107,"column":30}},{"start":{"line":107,"column":33},"end":{"line":107,"column":58}}]}},"s":{"0":7,"1":7,"2":7,"3":7,"4":7,"5":7,"6":7,"7":7,"8":7,"9":7,"10":7,"11":7,"12":76,"13":0,"14":76,"15":76,"16":76,"17":75,"18":75,"19":1,"20":0,"21":211,"22":211,"23":211,"24":211,"25":182,"26":0,"27":29,"28":16,"29":0,"30":13,"31":211,"32":211,"33":211,"34":211,"35":211,"36":211,"37":211,"38":211,"39":211,"40":211,"41":211,"42":13,"43":211,"44":211,"45":211,"46":0,"47":211,"48":211,"49":178,"50":178,"51":2,"52":44,"53":44,"54":44,"55":4,"56":4,"57":4,"58":4,"59":2,"60":2,"61":2,"62":2,"63":7},"f":{"0":76,"1":211,"2":178,"3":178,"4":2,"5":44,"6":44,"7":44,"8":4,"9":2,"10":2,"11":2,"12":2},"b":{"0":[0,76],"1":[76,0],"2":[75,1],"3":[13,62],"4":[53,9],"5":[60,15],"6":[0,75],"7":[182,29],"8":[182,29],"9":[0,182],"10":[16,13],"11":[0,16],"12":[13,198],"13":[0,211],"14":[13,198],"15":[0,211],"16":[0,2]}}
,"/home/sean/newsreduce/crawler/src/types/objects/ResourceURLPath.ts": {"path":"/home/sean/newsreduce/crawler/src/types/objects/ResourceURLPath.ts","statementMap":{"0":{"start":{"line":1,"column":0},"end":{"line":1,"column":42}},"1":{"start":{"line":7,"column":8},"end":{"line":7,"column":35}},"2":{"start":{"line":10,"column":8},"end":{"line":10,"column":26}},"3":{"start":{"line":13,"column":8},"end":{"line":13,"column":31}},"4":{"start":{"line":16,"column":8},"end":{"line":16,"column":42}},"5":{"start":{"line":19,"column":8},"end":{"line":19,"column":33}},"6":{"start":{"line":3,"column":0},"end":{"line":3,"column":13}}},"fnMap":{"0":{"name":"(anonymous_0)","decl":{"start":{"line":6,"column":4},"end":{"line":6,"column":14}},"loc":{"start":{"line":6,"column":14},"end":{"line":8,"column":5}}},"1":{"name":"(anonymous_1)","decl":{"start":{"line":9,"column":4},"end":{"line":9,"column":14}},"loc":{"start":{"line":9,"column":14},"end":{"line":11,"column":5}}},"2":{"name":"(anonymous_2)","decl":{"start":{"line":12,"column":4},"end":{"line":12,"column":14}},"loc":{"start":{"line":12,"column":14},"end":{"line":14,"column":5}}},"3":{"name":"(anonymous_3)","decl":{"start":{"line":15,"column":4},"end":{"line":15,"column":19}},"loc":{"start":{"line":15,"column":19},"end":{"line":17,"column":5}}},"4":{"name":"(anonymous_4)","decl":{"start":{"line":18,"column":4},"end":{"line":18,"column":9}},"loc":{"start":{"line":18,"column":9},"end":{"line":20,"column":5}}}},"branchMap":{},"s":{"0":7,"1":172,"2":172,"3":2,"4":44,"5":44,"6":7},"f":{"0":172,"1":172,"2":2,"3":44,"4":44},"b":{}}
,"/home/sean/newsreduce/crawler/src/types/objects/ResourceURLQuery.ts": {"path":"/home/sean/newsreduce/crawler/src/types/objects/ResourceURLQuery.ts","statementMap":{"0":{"start":{"line":1,"column":0},"end":{"line":1,"column":48}},"1":{"start":{"line":7,"column":8},"end":{"line":7,"column":31}},"2":{"start":{"line":10,"column":23},"end":{"line":10,"column":49}},"3":{"start":{"line":12,"column":8},"end":{"line":12,"column":22}},"4":{"start":{"line":15,"column":8},"end":{"line":15,"column":34}},"5":{"start":{"line":18,"column":8},"end":{"line":18,"column":36}},"6":{"start":{"line":21,"column":8},"end":{"line":21,"column":26}},"7":{"start":{"line":3,"column":0},"end":{"line":3,"column":13}}},"fnMap":{"0":{"name":"(anonymous_0)","decl":{"start":{"line":6,"column":4},"end":{"line":6,"column":14}},"loc":{"start":{"line":6,"column":14},"end":{"line":8,"column":5}}},"1":{"name":"(anonymous_1)","decl":{"start":{"line":9,"column":4},"end":{"line":9,"column":19}},"loc":{"start":{"line":9,"column":19},"end":{"line":13,"column":5}}},"2":{"name":"(anonymous_2)","decl":{"start":{"line":14,"column":4},"end":{"line":14,"column":9}},"loc":{"start":{"line":14,"column":9},"end":{"line":16,"column":5}}},"3":{"name":"(anonymous_3)","decl":{"start":{"line":17,"column":4},"end":{"line":17,"column":14}},"loc":{"start":{"line":17,"column":14},"end":{"line":19,"column":5}}},"4":{"name":"(anonymous_4)","decl":{"start":{"line":20,"column":4},"end":{"line":20,"column":14}},"loc":{"start":{"line":20,"column":14},"end":{"line":22,"column":5}}}},"branchMap":{},"s":{"0":7,"1":2,"2":44,"3":44,"4":44,"5":172,"6":172,"7":7},"f":{"0":2,"1":44,"2":44,"3":172,"4":172},"b":{}}
,"/home/sean/newsreduce/crawler/src/types/objects/Word.ts": {"path":"/home/sean/newsreduce/crawler/src/types/objects/Word.ts","statementMap":{"0":{"start":{"line":1,"column":0},"end":{"line":1,"column":42}},"1":{"start":{"line":7,"column":8},"end":{"line":7,"column":36}},"2":{"start":{"line":7,"column":19},"end":{"line":7,"column":36}},"3":{"start":{"line":11,"column":8},"end":{"line":11,"column":22}},"4":{"start":{"line":14,"column":8},"end":{"line":14,"column":26}},"5":{"start":{"line":17,"column":8},"end":{"line":17,"column":31}},"6":{"start":{"line":20,"column":8},"end":{"line":20,"column":42}},"7":{"start":{"line":23,"column":8},"end":{"line":23,"column":22}},"8":{"start":{"line":26,"column":8},"end":{"line":26,"column":20}},"9":{"start":{"line":3,"column":0},"end":{"line":3,"column":13}}},"fnMap":{"0":{"name":"(anonymous_0)","decl":{"start":{"line":6,"column":4},"end":{"line":6,"column":16}},"loc":{"start":{"line":6,"column":30},"end":{"line":8,"column":5}}},"1":{"name":"(anonymous_1)","decl":{"start":{"line":10,"column":4},"end":{"line":10,"column":14}},"loc":{"start":{"line":10,"column":14},"end":{"line":12,"column":5}}},"2":{"name":"(anonymous_2)","decl":{"start":{"line":13,"column":4},"end":{"line":13,"column":14}},"loc":{"start":{"line":13,"column":14},"end":{"line":15,"column":5}}},"3":{"name":"(anonymous_3)","decl":{"start":{"line":16,"column":4},"end":{"line":16,"column":14}},"loc":{"start":{"line":16,"column":14},"end":{"line":18,"column":5}}},"4":{"name":"(anonymous_4)","decl":{"start":{"line":19,"column":4},"end":{"line":19,"column":19}},"loc":{"start":{"line":19,"column":19},"end":{"line":21,"column":5}}},"5":{"name":"(anonymous_5)","decl":{"start":{"line":22,"column":4},"end":{"line":22,"column":9}},"loc":{"start":{"line":22,"column":9},"end":{"line":24,"column":5}}},"6":{"name":"(anonymous_6)","decl":{"start":{"line":25,"column":4},"end":{"line":25,"column":9}},"loc":{"start":{"line":25,"column":9},"end":{"line":27,"column":5}}}},"branchMap":{"0":{"loc":{"start":{"line":7,"column":8},"end":{"line":7,"column":36}},"type":"if","locations":[{"start":{"line":7,"column":8},"end":{"line":7,"column":36}},{"start":{"line":7,"column":8},"end":{"line":7,"column":36}}]}},"s":{"0":1,"1":1,"2":1,"3":1,"4":1,"5":1,"6":1,"7":1,"8":0,"9":1},"f":{"0":1,"1":1,"2":1,"3":1,"4":1,"5":1,"6":0},"b":{"0":[1,0]}}
,"/home/sean/newsreduce/crawler/test/setup.ts": {"path":"/home/sean/newsreduce/crawler/test/setup.ts","statementMap":{"0":{"start":{"line":1,"column":0},"end":{"line":1,"column":35}},"1":{"start":{"line":2,"column":0},"end":{"line":2,"column":56}},"2":{"start":{"line":4,"column":0},"end":{"line":6,"column":3}},"3":{"start":{"line":5,"column":4},"end":{"line":5,"column":20}},"4":{"start":{"line":8,"column":0},"end":{"line":13,"column":3}},"5":{"start":{"line":9,"column":4},"end":{"line":12,"column":null}},"6":{"start":{"line":10,"column":8},"end":{"line":10,"column":39}},"7":{"start":{"line":11,"column":8},"end":{"line":11,"column":39}}},"fnMap":{"0":{"name":"(anonymous_0)","decl":{"start":{"line":4,"column":10},"end":{"line":4,"column":13}},"loc":{"start":{"line":4,"column":15},"end":{"line":6,"column":1}}},"1":{"name":"(anonymous_1)","decl":{"start":{"line":8,"column":9},"end":{"line":8,"column":12}},"loc":{"start":{"line":8,"column":14},"end":{"line":13,"column":1}}}},"branchMap":{},"s":{"0":14,"1":14,"2":14,"3":14,"4":14,"5":14,"6":12,"7":12},"f":{"0":14,"1":14},"b":{}}
}
