{"/home/sean/newsreduce/crawler/src/data.ts": {"path":"/home/sean/newsreduce/crawler/src/data.ts","statementMap":{"0":{"start":{"line":1,"column":0},"end":{"line":1,"column":53}},"1":{"start":{"line":2,"column":0},"end":{"line":2,"column":39}},"2":{"start":{"line":3,"column":0},"end":{"line":3,"column":24}},"3":{"start":{"line":5,"column":0},"end":{"line":5,"column":47}},"4":{"start":{"line":6,"column":0},"end":{"line":6,"column":68}},"5":{"start":{"line":7,"column":0},"end":{"line":7,"column":48}},"6":{"start":{"line":9,"column":0},"end":{"line":9,"column":9}},"7":{"start":{"line":10,"column":4},"end":{"line":21,"column":7}},"8":{"start":{"line":10,"column":42},"end":{"line":21,"column":6}},"9":{"start":{"line":11,"column":29},"end":{"line":11,"column":40}},"10":{"start":{"line":11,"column":14},"end":{"line":19,"column":null}},"11":{"start":{"line":12,"column":12},"end":{"line":18,"column":null}},"12":{"start":{"line":13,"column":16},"end":{"line":13,"column":35}},"13":{"start":{"line":14,"column":16},"end":{"line":14,"column":25}},"14":{"start":{"line":16,"column":16},"end":{"line":17,"column":35}},"15":{"start":{"line":16,"column":28},"end":{"line":16,"column":50}},"16":{"start":{"line":17,"column":21},"end":{"line":17,"column":35}},"17":{"start":{"line":20,"column":8},"end":{"line":20,"column":29}},"18":{"start":{"line":25,"column":4},"end":{"line":25,"column":39}},"19":{"start":{"line":25,"column":32},"end":{"line":25,"column":39}},"20":{"start":{"line":26,"column":18},"end":{"line":26,"column":54}},"21":{"start":{"line":27,"column":19},"end":{"line":27,"column":30}},"22":{"start":{"line":28,"column":4},"end":{"line":28,"column":44}},"23":{"start":{"line":24,"column":0},"end":{"line":24,"column":16}},"24":{"start":{"line":32,"column":18},"end":{"line":32,"column":56}},"25":{"start":{"line":33,"column":4},"end":{"line":33,"column":59}},"26":{"start":{"line":31,"column":0},"end":{"line":31,"column":16}},"27":{"start":{"line":36,"column":4},"end":{"line":36,"column":41}},"28":{"start":{"line":36,"column":34},"end":{"line":36,"column":41}},"29":{"start":{"line":37,"column":18},"end":{"line":37,"column":49}},"30":{"start":{"line":38,"column":19},"end":{"line":38,"column":48}},"31":{"start":{"line":38,"column":42},"end":{"line":38,"column":47}},"32":{"start":{"line":39,"column":4},"end":{"line":39,"column":44}},"33":{"start":{"line":35,"column":0},"end":{"line":35,"column":16}},"34":{"start":{"line":42,"column":0},"end":{"line":42,"column":16}},"35":{"start":{"line":43,"column":4},"end":{"line":48,"column":7}},"36":{"start":{"line":43,"column":55},"end":{"line":48,"column":6}},"37":{"start":{"line":44,"column":9},"end":{"line":44,"column":20}},"38":{"start":{"line":44,"column":8},"end":{"line":47,"column":11}},"39":{"start":{"line":45,"column":12},"end":{"line":45,"column":33}},"40":{"start":{"line":45,"column":21},"end":{"line":45,"column":33}},"41":{"start":{"line":46,"column":12},"end":{"line":46,"column":64}},"42":{"start":{"line":46,"column":43},"end":{"line":46,"column":62}},"43":{"start":{"line":52,"column":18},"end":{"line":52,"column":45}},"44":{"start":{"line":53,"column":19},"end":{"line":53,"column":49}},"45":{"start":{"line":54,"column":4},"end":{"line":54,"column":44}},"46":{"start":{"line":51,"column":0},"end":{"line":51,"column":16}},"47":{"start":{"line":58,"column":17},"end":{"line":58,"column":33}},"48":{"start":{"line":59,"column":4},"end":{"line":59,"column":128}},"49":{"start":{"line":59,"column":105},"end":{"line":59,"column":127}},"50":{"start":{"line":57,"column":0},"end":{"line":57,"column":16}},"51":{"start":{"line":61,"column":0},"end":{"line":61,"column":16}},"52":{"start":{"line":62,"column":4},"end":{"line":68,"column":7}},"53":{"start":{"line":62,"column":55},"end":{"line":68,"column":6}},"54":{"start":{"line":63,"column":14},"end":{"line":63,"column":40}},"55":{"start":{"line":64,"column":9},"end":{"line":64,"column":20}},"56":{"start":{"line":64,"column":8},"end":{"line":67,"column":11}},"57":{"start":{"line":65,"column":12},"end":{"line":66,"column":null}},"58":{"start":{"line":65,"column":21},"end":{"line":65,"column":33}},"59":{"start":{"line":66,"column":17},"end":{"line":66,"column":null}},"60":{"start":{"line":66,"column":41},"end":{"line":66,"column":50}},"61":{"start":{"line":70,"column":0},"end":{"line":70,"column":16}},"62":{"start":{"line":71,"column":4},"end":{"line":77,"column":7}},"63":{"start":{"line":71,"column":45},"end":{"line":77,"column":6}},"64":{"start":{"line":72,"column":14},"end":{"line":72,"column":48}},"65":{"start":{"line":73,"column":9},"end":{"line":73,"column":20}},"66":{"start":{"line":73,"column":8},"end":{"line":76,"column":11}},"67":{"start":{"line":74,"column":12},"end":{"line":75,"column":31}},"68":{"start":{"line":74,"column":21},"end":{"line":74,"column":33}},"69":{"start":{"line":75,"column":17},"end":{"line":75,"column":31}},"70":{"start":{"line":80,"column":4},"end":{"line":87,"column":7}},"71":{"start":{"line":81,"column":8},"end":{"line":86,"column":11}},"72":{"start":{"line":82,"column":29},"end":{"line":82,"column":31}},"73":{"start":{"line":83,"column":12},"end":{"line":84,"column":null}},"74":{"start":{"line":83,"column":32},"end":{"line":83,"column":null}},"75":{"start":{"line":83,"column":38},"end":{"line":83,"column":null}},"76":{"start":{"line":83,"column":28},"end":{"line":83,"column":32}},"77":{"start":{"line":84,"column":16},"end":{"line":84,"column":52}},"78":{"start":{"line":85,"column":12},"end":{"line":85,"column":null}},"79":{"start":{"line":79,"column":0},"end":{"line":79,"column":16}},"80":{"start":{"line":90,"column":21},"end":{"line":90,"column":23}},"81":{"start":{"line":91,"column":4},"end":{"line":92,"column":null}},"82":{"start":{"line":91,"column":24},"end":{"line":91,"column":null}},"83":{"start":{"line":91,"column":30},"end":{"line":91,"column":null}},"84":{"start":{"line":91,"column":20},"end":{"line":91,"column":24}},"85":{"start":{"line":92,"column":8},"end":{"line":92,"column":44}},"86":{"start":{"line":93,"column":4},"end":{"line":93,"column":33}},"87":{"start":{"line":89,"column":0},"end":{"line":89,"column":16}},"88":{"start":{"line":96,"column":21},"end":{"line":96,"column":23}},"89":{"start":{"line":98,"column":8},"end":{"line":104,"column":12}},"90":{"start":{"line":99,"column":25},"end":{"line":99,"column":43}},"91":{"start":{"line":100,"column":12},"end":{"line":103,"column":15}},"92":{"start":{"line":101,"column":16},"end":{"line":102,"column":null}},"93":{"start":{"line":101,"column":25},"end":{"line":101,"column":34}},"94":{"start":{"line":102,"column":21},"end":{"line":102,"column":null}},"95":{"start":{"line":97,"column":4},"end":{"line":105,"column":null}},"96":{"start":{"line":97,"column":22},"end":{"line":97,"column":null}},"97":{"start":{"line":97,"column":26},"end":{"line":97,"column":null}},"98":{"start":{"line":97,"column":18},"end":{"line":97,"column":22}},"99":{"start":{"line":97,"column":15},"end":{"line":97,"column":22}},"100":{"start":{"line":107,"column":4},"end":{"line":107,"column":33}},"101":{"start":{"line":95,"column":0},"end":{"line":95,"column":16}},"102":{"start":{"line":110,"column":18},"end":{"line":110,"column":52}},"103":{"start":{"line":111,"column":4},"end":{"line":111,"column":59}},"104":{"start":{"line":109,"column":0},"end":{"line":109,"column":16}},"105":{"start":{"line":114,"column":17},"end":{"line":114,"column":20}},"106":{"start":{"line":116,"column":11},"end":{"line":121,"column":8}},"107":{"start":{"line":116,"column":53},"end":{"line":121,"column":7}},"108":{"start":{"line":117,"column":8},"end":{"line":120,"column":25}},"109":{"start":{"line":118,"column":12},"end":{"line":118,"column":31}},"110":{"start":{"line":119,"column":12},"end":{"line":119,"column":21}},"111":{"start":{"line":120,"column":15},"end":{"line":120,"column":25}},"112":{"start":{"line":116,"column":4},"end":{"line":121,"column":8}},"113":{"start":{"line":115,"column":0},"end":{"line":115,"column":22}},"114":{"start":{"line":124,"column":12},"end":{"line":124,"column":15}},"115":{"start":{"line":126,"column":18},"end":{"line":126,"column":null}},"116":{"start":{"line":126,"column":58},"end":{"line":126,"column":133}},"117":{"start":{"line":126,"column":107},"end":{"line":126,"column":132}},"118":{"start":{"line":126,"column":10},"end":{"line":126,"column":null}},"119":{"start":{"line":128,"column":4},"end":{"line":128,"column":25}},"120":{"start":{"line":125,"column":0},"end":{"line":125,"column":22}},"121":{"start":{"line":132,"column":4},"end":{"line":132,"column":63}},"122":{"start":{"line":131,"column":0},"end":{"line":131,"column":16}},"123":{"start":{"line":136,"column":11},"end":{"line":144,"column":8}},"124":{"start":{"line":136,"column":48},"end":{"line":144,"column":7}},"125":{"start":{"line":137,"column":8},"end":{"line":143,"column":22}},"126":{"start":{"line":138,"column":12},"end":{"line":138,"column":31}},"127":{"start":{"line":139,"column":12},"end":{"line":139,"column":21}},"128":{"start":{"line":140,"column":15},"end":{"line":143,"column":22}},"129":{"start":{"line":141,"column":12},"end":{"line":141,"column":26}},"130":{"start":{"line":143,"column":12},"end":{"line":143,"column":22}},"131":{"start":{"line":136,"column":4},"end":{"line":144,"column":8}},"132":{"start":{"line":135,"column":0},"end":{"line":135,"column":22}}},"fnMap":{"0":{"name":"genericSQLPromise","decl":{"start":{"line":9,"column":9},"end":{"line":9,"column":26}},"loc":{"start":{"line":9,"column":91},"end":{"line":22,"column":1}}},"1":{"name":"(anonymous_17)","decl":{"start":{"line":10,"column":27},"end":{"line":10,"column":34}},"loc":{"start":{"line":10,"column":42},"end":{"line":21,"column":6}}},"2":{"name":"(anonymous_18)","decl":{"start":{"line":10,"column":42},"end":{"line":10,"column":null}},"loc":{"start":{"line":10,"column":42},"end":{"line":21,"column":6}}},"3":{"name":"(anonymous_20)","decl":{"start":{"line":11,"column":62},"end":{"line":11,"column":63}},"loc":{"start":{"line":11,"column":76},"end":{"line":19,"column":9}}},"4":{"name":"processWikiCategories","decl":{"start":{"line":24,"column":16},"end":{"line":24,"column":37}},"loc":{"start":{"line":24,"column":67},"end":{"line":29,"column":1}}},"5":{"name":"deleteLegacyWikiCategories","decl":{"start":{"line":31,"column":16},"end":{"line":31,"column":42}},"loc":{"start":{"line":31,"column":80},"end":{"line":34,"column":1}}},"6":{"name":"processWikiPages","decl":{"start":{"line":35,"column":16},"end":{"line":35,"column":32}},"loc":{"start":{"line":35,"column":54},"end":{"line":40,"column":1}}},"7":{"name":"(anonymous_24)","decl":{"start":{"line":38,"column":36},"end":{"line":38,"column":38}},"loc":{"start":{"line":38,"column":38},"end":{"line":38,"column":43}}},"8":{"name":"selectHeadersForResource","decl":{"start":{"line":42,"column":16},"end":{"line":42,"column":40}},"loc":{"start":{"line":42,"column":59},"end":{"line":49,"column":1}}},"9":{"name":"(anonymous_26)","decl":{"start":{"line":43,"column":33},"end":{"line":43,"column":40}},"loc":{"start":{"line":43,"column":55},"end":{"line":48,"column":6}}},"10":{"name":"(anonymous_27)","decl":{"start":{"line":43,"column":55},"end":{"line":43,"column":null}},"loc":{"start":{"line":43,"column":55},"end":{"line":48,"column":6}}},"11":{"name":"(anonymous_29)","decl":{"start":{"line":44,"column":74},"end":{"line":44,"column":75}},"loc":{"start":{"line":44,"column":84},"end":{"line":47,"column":9}}},"12":{"name":"(anonymous_30)","decl":{"start":{"line":46,"column":29},"end":{"line":46,"column":30}},"loc":{"start":{"line":46,"column":38},"end":{"line":46,"column":49}}},"13":{"name":"deleteLegacyHeaders","decl":{"start":{"line":51,"column":16},"end":{"line":51,"column":35}},"loc":{"start":{"line":51,"column":80},"end":{"line":55,"column":1}}},"14":{"name":"selectPreSchedule","decl":{"start":{"line":57,"column":16},"end":{"line":57,"column":33}},"loc":{"start":{"line":57,"column":33},"end":{"line":60,"column":1}}},"15":{"name":"(anonymous_33)","decl":{"start":{"line":59,"column":88},"end":{"line":59,"column":89}},"loc":{"start":{"line":59,"column":100},"end":{"line":59,"column":109}}},"16":{"name":"selectTables","decl":{"start":{"line":61,"column":16},"end":{"line":61,"column":28}},"loc":{"start":{"line":61,"column":28},"end":{"line":69,"column":1}}},"17":{"name":"(anonymous_35)","decl":{"start":{"line":62,"column":33},"end":{"line":62,"column":40}},"loc":{"start":{"line":62,"column":55},"end":{"line":68,"column":6}}},"18":{"name":"(anonymous_36)","decl":{"start":{"line":62,"column":55},"end":{"line":62,"column":null}},"loc":{"start":{"line":62,"column":55},"end":{"line":68,"column":6}}},"19":{"name":"(anonymous_38)","decl":{"start":{"line":64,"column":34},"end":{"line":64,"column":35}},"loc":{"start":{"line":64,"column":64},"end":{"line":67,"column":9}}},"20":{"name":"(anonymous_39)","decl":{"start":{"line":66,"column":34},"end":{"line":66,"column":37}},"loc":{"start":{"line":66,"column":37},"end":{"line":66,"column":44}}},"21":{"name":"truncateTable","decl":{"start":{"line":70,"column":16},"end":{"line":70,"column":29}},"loc":{"start":{"line":70,"column":43},"end":{"line":78,"column":1}}},"22":{"name":"(anonymous_41)","decl":{"start":{"line":71,"column":23},"end":{"line":71,"column":30}},"loc":{"start":{"line":71,"column":45},"end":{"line":77,"column":6}}},"23":{"name":"(anonymous_42)","decl":{"start":{"line":71,"column":45},"end":{"line":71,"column":null}},"loc":{"start":{"line":71,"column":45},"end":{"line":77,"column":6}}},"24":{"name":"(anonymous_44)","decl":{"start":{"line":73,"column":43},"end":{"line":73,"column":46}},"loc":{"start":{"line":73,"column":46},"end":{"line":76,"column":9}}},"25":{"name":"truncateAllTables","decl":{"start":{"line":79,"column":16},"end":{"line":79,"column":33}},"loc":{"start":{"line":79,"column":33},"end":{"line":88,"column":1}}},"26":{"name":"(anonymous_46)","decl":{"start":{"line":80,"column":23},"end":{"line":80,"column":24}},"loc":{"start":{"line":80,"column":39},"end":{"line":87,"column":5}}},"27":{"name":"(anonymous_47)","decl":{"start":{"line":81,"column":28},"end":{"line":81,"column":34}},"loc":{"start":{"line":81,"column":34},"end":{"line":86,"column":9}}},"28":{"name":"truncateTables","decl":{"start":{"line":89,"column":16},"end":{"line":89,"column":30}},"loc":{"start":{"line":89,"column":47},"end":{"line":94,"column":1}}},"29":{"name":"schedule","decl":{"start":{"line":95,"column":16},"end":{"line":95,"column":24}},"loc":{"start":{"line":95,"column":39},"end":{"line":108,"column":1}}},"30":{"name":"(anonymous_51)","decl":{"start":{"line":98,"column":34},"end":{"line":98,"column":35}},"loc":{"start":{"line":98,"column":43},"end":{"line":104,"column":9}}},"31":{"name":"(anonymous_52)","decl":{"start":{"line":100,"column":62},"end":{"line":100,"column":65}},"loc":{"start":{"line":100,"column":65},"end":{"line":103,"column":13}}},"32":{"name":"processResourceLinks","decl":{"start":{"line":109,"column":16},"end":{"line":109,"column":36}},"loc":{"start":{"line":109,"column":84},"end":{"line":112,"column":1}}},"33":{"name":"getRedisKeys","decl":{"start":{"line":115,"column":22},"end":{"line":115,"column":34}},"loc":{"start":{"line":115,"column":67},"end":{"line":122,"column":null}}},"34":{"name":"(anonymous_57)","decl":{"start":{"line":116,"column":39},"end":{"line":116,"column":40}},"loc":{"start":{"line":116,"column":48},"end":{"line":116,"column":63}}},"35":{"name":"(anonymous_58)","decl":{"start":{"line":116,"column":86},"end":{"line":116,"column":87}},"loc":{"start":{"line":116,"column":96},"end":{"line":121,"column":5}}},"36":{"name":"crawlAllowed","decl":{"start":{"line":125,"column":22},"end":{"line":125,"column":34}},"loc":{"start":{"line":125,"column":47},"end":{"line":129,"column":null}}},"37":{"name":"(anonymous_62)","decl":{"start":{"line":126,"column":44},"end":{"line":126,"column":45}},"loc":{"start":{"line":126,"column":53},"end":{"line":126,"column":68}}},"38":{"name":"(anonymous_63)","decl":{"start":{"line":126,"column":91},"end":{"line":126,"column":92}},"loc":{"start":{"line":126,"column":102},"end":{"line":126,"column":110}}},"39":{"name":"throttle","decl":{"start":{"line":131,"column":16},"end":{"line":131,"column":24}},"loc":{"start":{"line":131,"column":49},"end":{"line":133,"column":1}}},"40":{"name":"popURL","decl":{"start":{"line":135,"column":22},"end":{"line":135,"column":28}},"loc":{"start":{"line":135,"column":41},"end":{"line":145,"column":null}}},"41":{"name":"(anonymous_68)","decl":{"start":{"line":136,"column":34},"end":{"line":136,"column":35}},"loc":{"start":{"line":136,"column":43},"end":{"line":136,"column":58}}},"42":{"name":"(anonymous_69)","decl":{"start":{"line":136,"column":95},"end":{"line":136,"column":96}},"loc":{"start":{"line":136,"column":106},"end":{"line":144,"column":5}}}},"branchMap":{"0":{"loc":{"start":{"line":11,"column":29},"end":{"line":11,"column":40}},"type":"switch","locations":[{"start":{"line":11,"column":29},"end":{"line":11,"column":40}}]},"1":{"loc":{"start":{"line":12,"column":12},"end":{"line":18,"column":null}},"type":"if","locations":[{"start":{"line":12,"column":12},"end":{"line":18,"column":null}},{"start":{"line":12,"column":12},"end":{"line":18,"column":null}}]},"2":{"loc":{"start":{"line":16,"column":16},"end":{"line":17,"column":35}},"type":"if","locations":[{"start":{"line":16,"column":16},"end":{"line":17,"column":35}},{"start":{"line":16,"column":16},"end":{"line":17,"column":35}}]},"3":{"loc":{"start":{"line":25,"column":4},"end":{"line":25,"column":39}},"type":"if","locations":[{"start":{"line":25,"column":4},"end":{"line":25,"column":39}},{"start":{"line":25,"column":4},"end":{"line":25,"column":39}}]},"4":{"loc":{"start":{"line":36,"column":4},"end":{"line":36,"column":41}},"type":"if","locations":[{"start":{"line":36,"column":4},"end":{"line":36,"column":41}},{"start":{"line":36,"column":4},"end":{"line":36,"column":41}}]},"5":{"loc":{"start":{"line":44,"column":9},"end":{"line":44,"column":20}},"type":"switch","locations":[{"start":{"line":44,"column":9},"end":{"line":44,"column":20}}]},"6":{"loc":{"start":{"line":45,"column":12},"end":{"line":45,"column":33}},"type":"if","locations":[{"start":{"line":45,"column":12},"end":{"line":45,"column":33}},{"start":{"line":45,"column":12},"end":{"line":45,"column":33}}]},"7":{"loc":{"start":{"line":65,"column":12},"end":{"line":66,"column":null}},"type":"if","locations":[{"start":{"line":65,"column":12},"end":{"line":66,"column":null}},{"start":{"line":65,"column":12},"end":{"line":66,"column":null}}]},"8":{"loc":{"start":{"line":74,"column":12},"end":{"line":75,"column":31}},"type":"if","locations":[{"start":{"line":74,"column":12},"end":{"line":75,"column":31}},{"start":{"line":74,"column":12},"end":{"line":75,"column":31}}]},"9":{"loc":{"start":{"line":101,"column":16},"end":{"line":102,"column":null}},"type":"if","locations":[{"start":{"line":101,"column":16},"end":{"line":102,"column":null}},{"start":{"line":101,"column":16},"end":{"line":102,"column":null}}]},"10":{"loc":{"start":{"line":116,"column":11},"end":{"line":121,"column":8}},"type":"switch","locations":[{"start":{"line":116,"column":11},"end":{"line":121,"column":8}},{"start":{"line":116,"column":4},"end":{"line":121,"column":8}}]},"11":{"loc":{"start":{"line":117,"column":8},"end":{"line":120,"column":25}},"type":"if","locations":[{"start":{"line":117,"column":8},"end":{"line":120,"column":25}},{"start":{"line":117,"column":8},"end":{"line":120,"column":25}}]},"12":{"loc":{"start":{"line":126,"column":18},"end":{"line":126,"column":null}},"type":"switch","locations":[{"start":{"line":126,"column":18},"end":{"line":126,"column":null}}]},"13":{"loc":{"start":{"line":126,"column":113},"end":{"line":126,"column":118}},"type":"cond-expr","locations":[{"start":{"line":126,"column":113},"end":{"line":126,"column":118}},{"start":{"line":126,"column":121},"end":{"line":126,"column":131}}]},"14":{"loc":{"start":{"line":136,"column":11},"end":{"line":144,"column":8}},"type":"switch","locations":[{"start":{"line":136,"column":11},"end":{"line":144,"column":8}},{"start":{"line":136,"column":4},"end":{"line":144,"column":8}}]},"15":{"loc":{"start":{"line":137,"column":8},"end":{"line":143,"column":22}},"type":"if","locations":[{"start":{"line":137,"column":8},"end":{"line":143,"column":22}},{"start":{"line":137,"column":8},"end":{"line":143,"column":22}}]},"16":{"loc":{"start":{"line":140,"column":15},"end":{"line":143,"column":22}},"type":"if","locations":[{"start":{"line":140,"column":15},"end":{"line":143,"column":22}},{"start":{"line":140,"column":15},"end":{"line":143,"column":22}}]},"17":{"loc":{"start":{"line":140,"column":19},"end":{"line":140,"column":24}},"type":"binary-expr","locations":[{"start":{"line":140,"column":19},"end":{"line":140,"column":24}},{"start":{"line":140,"column":28},"end":{"line":140,"column":46}}]}},"s":{"0":3,"1":3,"2":3,"3":3,"4":3,"5":3,"6":1,"7":1,"8":1,"9":1,"10":0,"11":0,"12":0,"13":0,"14":0,"15":0,"16":0,"17":0,"18":0,"19":0,"20":0,"21":0,"22":0,"23":3,"24":0,"25":0,"26":3,"27":0,"28":0,"29":0,"30":0,"31":0,"32":0,"33":3,"34":3,"35":0,"36":0,"37":0,"38":0,"39":0,"40":0,"41":0,"42":0,"43":0,"44":0,"45":0,"46":3,"47":1,"48":1,"49":0,"50":3,"51":3,"52":0,"53":0,"54":0,"55":0,"56":0,"57":0,"58":0,"59":0,"60":0,"61":3,"62":0,"63":0,"64":0,"65":0,"66":0,"67":0,"68":0,"69":0,"70":0,"71":0,"72":0,"73":0,"74":0,"75":0,"76":0,"77":0,"78":0,"79":3,"80":0,"81":0,"82":0,"83":0,"84":0,"85":0,"86":0,"87":3,"88":1,"89":1,"90":1,"91":1,"92":1,"93":0,"94":1,"95":1,"96":1,"97":1,"98":1,"99":1,"100":1,"101":3,"102":0,"103":0,"104":3,"105":3,"106":0,"107":0,"108":0,"109":0,"110":0,"111":0,"112":0,"113":3,"114":3,"115":3,"116":3,"117":3,"118":3,"119":3,"120":3,"121":1,"122":3,"123":1,"124":1,"125":1,"126":0,"127":0,"128":1,"129":1,"130":0,"131":1,"132":3},"f":{"0":1,"1":1,"2":1,"3":0,"4":0,"5":0,"6":0,"7":0,"8":0,"9":0,"10":0,"11":0,"12":0,"13":0,"14":1,"15":0,"16":0,"17":0,"18":0,"19":0,"20":0,"21":0,"22":0,"23":0,"24":0,"25":0,"26":0,"27":0,"28":0,"29":1,"30":1,"31":1,"32":0,"33":0,"34":0,"35":0,"36":3,"37":3,"38":3,"39":1,"40":1,"41":1,"42":1},"b":{"0":[1],"1":[0,0],"2":[0,0],"3":[0,0],"4":[0,0],"5":[0],"6":[0,0],"7":[0,0],"8":[0,0],"9":[0,1],"10":[0,0],"11":[0,0],"12":[3],"13":[0,3],"14":[1,1],"15":[0,1],"16":[1,0],"17":[1,1]}}
,"/home/sean/newsreduce/crawler/src/file.ts": {"path":"/home/sean/newsreduce/crawler/src/file.ts","statementMap":{"0":{"start":{"line":1,"column":0},"end":{"line":1,"column":20}},"1":{"start":{"line":2,"column":0},"end":{"line":2,"column":64}},"2":{"start":{"line":3,"column":0},"end":{"line":3,"column":39}},"3":{"start":{"line":4,"column":0},"end":{"line":4,"column":70}},"4":{"start":{"line":5,"column":0},"end":{"line":5,"column":84}},"5":{"start":{"line":6,"column":0},"end":{"line":6,"column":52}},"6":{"start":{"line":7,"column":0},"end":{"line":7,"column":50}},"7":{"start":{"line":9,"column":15},"end":{"line":9,"column":23}},"8":{"start":{"line":10,"column":14},"end":{"line":10,"column":21}},"9":{"start":{"line":11,"column":12},"end":{"line":11,"column":17}},"10":{"start":{"line":12,"column":13},"end":{"line":12,"column":19}},"11":{"start":{"line":13,"column":13},"end":{"line":13,"column":19}},"12":{"start":{"line":14,"column":11},"end":{"line":14,"column":15}},"13":{"start":{"line":15,"column":22},"end":{"line":15,"column":28}},"14":{"start":{"line":16,"column":35},"end":{"line":16,"column":41}},"15":{"start":{"line":17,"column":34},"end":{"line":17,"column":38}},"16":{"start":{"line":20,"column":4},"end":{"line":38,"column":7}},"17":{"start":{"line":21,"column":8},"end":{"line":37,"column":11}},"18":{"start":{"line":22,"column":33},"end":{"line":22,"column":64}},"19":{"start":{"line":23,"column":12},"end":{"line":36,"column":15}},"20":{"start":{"line":24,"column":16},"end":{"line":35,"column":null}},"21":{"start":{"line":24,"column":25},"end":{"line":24,"column":34}},"22":{"start":{"line":26,"column":32},"end":{"line":26,"column":34}},"23":{"start":{"line":27,"column":20},"end":{"line":33,"column":null}},"24":{"start":{"line":27,"column":39},"end":{"line":27,"column":46}},"25":{"start":{"line":27,"column":44},"end":{"line":27,"column":46}},"26":{"start":{"line":27,"column":35},"end":{"line":27,"column":39}},"27":{"start":{"line":28,"column":38},"end":{"line":28,"column":68}},"28":{"start":{"line":29,"column":24},"end":{"line":32,"column":null}},"29":{"start":{"line":30,"column":39},"end":{"line":30,"column":55}},"30":{"start":{"line":31,"column":28},"end":{"line":31,"column":41}},"31":{"start":{"line":34,"column":20},"end":{"line":34,"column":29}},"32":{"start":{"line":19,"column":0},"end":{"line":19,"column":16}},"33":{"start":{"line":42,"column":4},"end":{"line":64,"column":null}},"34":{"start":{"line":42,"column":31},"end":{"line":42,"column":37}},"35":{"start":{"line":44,"column":14},"end":{"line":44,"column":41}},"36":{"start":{"line":44,"column":19},"end":{"line":44,"column":24}},"37":{"start":{"line":44,"column":28},"end":{"line":44,"column":32}},"38":{"start":{"line":45,"column":8},"end":{"line":45,"column":34}},"39":{"start":{"line":46,"column":14},"end":{"line":46,"column":42}},"40":{"start":{"line":46,"column":22},"end":{"line":46,"column":24}},"41":{"start":{"line":46,"column":27},"end":{"line":46,"column":29}},"42":{"start":{"line":46,"column":33},"end":{"line":46,"column":37}},"43":{"start":{"line":48,"column":8},"end":{"line":49,"column":44}},"44":{"start":{"line":48,"column":17},"end":{"line":48,"column":57}},"45":{"start":{"line":49,"column":13},"end":{"line":49,"column":44}},"46":{"start":{"line":50,"column":20},"end":{"line":50,"column":22}},"47":{"start":{"line":51,"column":8},"end":{"line":51,"column":58}},"48":{"start":{"line":51,"column":42},"end":{"line":51,"column":57}},"49":{"start":{"line":52,"column":8},"end":{"line":63,"column":11}},"50":{"start":{"line":53,"column":12},"end":{"line":62,"column":null}},"51":{"start":{"line":55,"column":20},"end":{"line":55,"column":50}},"52":{"start":{"line":56,"column":20},"end":{"line":56,"column":26}},"53":{"start":{"line":58,"column":20},"end":{"line":58,"column":69}},"54":{"start":{"line":59,"column":20},"end":{"line":59,"column":40}},"55":{"start":{"line":60,"column":20},"end":{"line":60,"column":65}},"56":{"start":{"line":61,"column":20},"end":{"line":61,"column":55}},"57":{"start":{"line":68,"column":4},"end":{"line":73,"column":7}},"58":{"start":{"line":69,"column":8},"end":{"line":72,"column":11}},"59":{"start":{"line":70,"column":12},"end":{"line":71,"column":29}},"60":{"start":{"line":70,"column":21},"end":{"line":70,"column":30}},"61":{"start":{"line":71,"column":17},"end":{"line":71,"column":29}},"62":{"start":{"line":67,"column":0},"end":{"line":67,"column":16}},"63":{"start":{"line":77,"column":19},"end":{"line":77,"column":null}},"64":{"start":{"line":77,"column":10},"end":{"line":77,"column":null}},"65":{"start":{"line":78,"column":10},"end":{"line":78,"column":77}},"66":{"start":{"line":80,"column":4},"end":{"line":80,"column":26}},"67":{"start":{"line":84,"column":19},"end":{"line":84,"column":null}},"68":{"start":{"line":84,"column":10},"end":{"line":84,"column":null}},"69":{"start":{"line":85,"column":10},"end":{"line":85,"column":37}},"70":{"start":{"line":86,"column":10},"end":{"line":86,"column":45}},"71":{"start":{"line":87,"column":10},"end":{"line":87,"column":52}},"72":{"start":{"line":88,"column":10},"end":{"line":88,"column":55}},"73":{"start":{"line":89,"column":10},"end":{"line":89,"column":47}},"74":{"start":{"line":90,"column":10},"end":{"line":90,"column":46}},"75":{"start":{"line":91,"column":10},"end":{"line":91,"column":45}},"76":{"start":{"line":92,"column":10},"end":{"line":92,"column":null}},"77":{"start":{"line":93,"column":10},"end":{"line":93,"column":44}},"78":{"start":{"line":94,"column":10},"end":{"line":94,"column":48}},"79":{"start":{"line":95,"column":4},"end":{"line":106,"column":7}},"80":{"start":{"line":96,"column":8},"end":{"line":105,"column":null}},"81":{"start":{"line":97,"column":12},"end":{"line":97,"column":101}},"82":{"start":{"line":99,"column":12},"end":{"line":104,"column":25}},"83":{"start":{"line":107,"column":4},"end":{"line":108,"column":119}},"84":{"start":{"line":108,"column":8},"end":{"line":108,"column":118}},"85":{"start":{"line":125,"column":4},"end":{"line":129,"column":null}},"86":{"start":{"line":126,"column":8},"end":{"line":126,"column":75}},"87":{"start":{"line":128,"column":8},"end":{"line":128,"column":75}},"88":{"start":{"line":118,"column":0},"end":{"line":118,"column":16}},"89":{"start":{"line":132,"column":0},"end":{"line":132,"column":9}},"90":{"start":{"line":133,"column":4},"end":{"line":148,"column":7}},"91":{"start":{"line":133,"column":46},"end":{"line":148,"column":6}},"92":{"start":{"line":134,"column":8},"end":{"line":134,"column":57}},"93":{"start":{"line":135,"column":23},"end":{"line":135,"column":null}},"94":{"start":{"line":135,"column":14},"end":{"line":135,"column":null}},"95":{"start":{"line":136,"column":14},"end":{"line":136,"column":113}},"96":{"start":{"line":138,"column":14},"end":{"line":138,"column":50}},"97":{"start":{"line":139,"column":8},"end":{"line":139,"column":22}},"98":{"start":{"line":140,"column":8},"end":{"line":143,"column":11}},"99":{"start":{"line":141,"column":12},"end":{"line":141,"column":31}},"100":{"start":{"line":142,"column":12},"end":{"line":142,"column":null}},"101":{"start":{"line":144,"column":8},"end":{"line":147,"column":11}},"102":{"start":{"line":146,"column":12},"end":{"line":146,"column":null}},"103":{"start":{"line":146,"column":73},"end":{"line":146,"column":95}},"104":{"start":{"line":151,"column":0},"end":{"line":151,"column":9}},"105":{"start":{"line":152,"column":4},"end":{"line":163,"column":7}},"106":{"start":{"line":152,"column":46},"end":{"line":163,"column":6}},"107":{"start":{"line":153,"column":8},"end":{"line":153,"column":57}},"108":{"start":{"line":154,"column":23},"end":{"line":154,"column":null}},"109":{"start":{"line":154,"column":14},"end":{"line":154,"column":null}},"110":{"start":{"line":155,"column":14},"end":{"line":155,"column":113}},"111":{"start":{"line":156,"column":14},"end":{"line":156,"column":50}},"112":{"start":{"line":157,"column":8},"end":{"line":162,"column":11}},"113":{"start":{"line":158,"column":12},"end":{"line":161,"column":null}},"114":{"start":{"line":158,"column":21},"end":{"line":158,"column":30}},"115":{"start":{"line":160,"column":16},"end":{"line":160,"column":111}},"116":{"start":{"line":160,"column":77},"end":{"line":160,"column":99}},"117":{"start":{"line":167,"column":4},"end":{"line":200,"column":7}},"118":{"start":{"line":168,"column":8},"end":{"line":199,"column":11}},"119":{"start":{"line":169,"column":28},"end":{"line":169,"column":76}},"120":{"start":{"line":170,"column":27},"end":{"line":170,"column":48}},"121":{"start":{"line":171,"column":26},"end":{"line":171,"column":44}},"122":{"start":{"line":172,"column":29},"end":{"line":172,"column":31}},"123":{"start":{"line":173,"column":12},"end":{"line":176,"column":15}},"124":{"start":{"line":174,"column":16},"end":{"line":174,"column":42}},"125":{"start":{"line":175,"column":16},"end":{"line":175,"column":25}},"126":{"start":{"line":177,"column":12},"end":{"line":185,"column":15}},"127":{"start":{"line":178,"column":16},"end":{"line":184,"column":null}},"128":{"start":{"line":178,"column":38},"end":{"line":183,"column":null}},"129":{"start":{"line":181,"column":36},"end":{"line":181,"column":61}},"130":{"start":{"line":182,"column":33},"end":{"line":182,"column":52}},"131":{"start":{"line":183,"column":32},"end":{"line":183,"column":77}},"132":{"start":{"line":183,"column":77},"end":{"line":183,"column":null}},"133":{"start":{"line":178,"column":34},"end":{"line":178,"column":38}},"134":{"start":{"line":184,"column":20},"end":{"line":184,"column":43}},"135":{"start":{"line":186,"column":24},"end":{"line":186,"column":26}},"136":{"start":{"line":187,"column":12},"end":{"line":187,"column":70}},"137":{"start":{"line":187,"column":54},"end":{"line":187,"column":69}},"138":{"start":{"line":188,"column":12},"end":{"line":198,"column":15}},"139":{"start":{"line":189,"column":16},"end":{"line":197,"column":null}},"140":{"start":{"line":191,"column":24},"end":{"line":191,"column":38}},"141":{"start":{"line":192,"column":24},"end":{"line":192,"column":30}},"142":{"start":{"line":194,"column":24},"end":{"line":194,"column":46}},"143":{"start":{"line":195,"column":24},"end":{"line":195,"column":56}},"144":{"start":{"line":196,"column":24},"end":{"line":196,"column":44}},"145":{"start":{"line":166,"column":0},"end":{"line":166,"column":16}},"146":{"start":{"line":204,"column":4},"end":{"line":227,"column":7}},"147":{"start":{"line":205,"column":8},"end":{"line":226,"column":11}},"148":{"start":{"line":206,"column":28},"end":{"line":206,"column":74}},"149":{"start":{"line":207,"column":26},"end":{"line":207,"column":59}},"150":{"start":{"line":208,"column":28},"end":{"line":208,"column":45}},"151":{"start":{"line":209,"column":12},"end":{"line":217,"column":15}},"152":{"start":{"line":210,"column":16},"end":{"line":216,"column":null}},"153":{"start":{"line":210,"column":35},"end":{"line":214,"column":67}},"154":{"start":{"line":213,"column":36},"end":{"line":213,"column":58}},"155":{"start":{"line":214,"column":33},"end":{"line":214,"column":65}},"156":{"start":{"line":214,"column":65},"end":{"line":214,"column":67}},"157":{"start":{"line":210,"column":31},"end":{"line":210,"column":35}},"158":{"start":{"line":215,"column":20},"end":{"line":215,"column":38}},"159":{"start":{"line":218,"column":24},"end":{"line":218,"column":26}},"160":{"start":{"line":219,"column":12},"end":{"line":219,"column":70}},"161":{"start":{"line":219,"column":54},"end":{"line":219,"column":69}},"162":{"start":{"line":220,"column":12},"end":{"line":225,"column":15}},"163":{"start":{"line":221,"column":16},"end":{"line":224,"column":null}},"164":{"start":{"line":222,"column":28},"end":{"line":222,"column":46}},"165":{"start":{"line":223,"column":29},"end":{"line":223,"column":49}},"166":{"start":{"line":203,"column":0},"end":{"line":203,"column":16}},"167":{"start":{"line":231,"column":4},"end":{"line":254,"column":7}},"168":{"start":{"line":232,"column":8},"end":{"line":253,"column":11}},"169":{"start":{"line":233,"column":28},"end":{"line":233,"column":74}},"170":{"start":{"line":234,"column":26},"end":{"line":234,"column":59}},"171":{"start":{"line":235,"column":30},"end":{"line":235,"column":51}},"172":{"start":{"line":236,"column":12},"end":{"line":244,"column":15}},"173":{"start":{"line":237,"column":16},"end":{"line":243,"column":null}},"174":{"start":{"line":237,"column":35},"end":{"line":241,"column":75}},"175":{"start":{"line":240,"column":36},"end":{"line":240,"column":61}},"176":{"start":{"line":241,"column":33},"end":{"line":241,"column":73}},"177":{"start":{"line":241,"column":73},"end":{"line":241,"column":75}},"178":{"start":{"line":237,"column":31},"end":{"line":237,"column":35}},"179":{"start":{"line":242,"column":20},"end":{"line":242,"column":40}},"180":{"start":{"line":245,"column":24},"end":{"line":245,"column":26}},"181":{"start":{"line":246,"column":12},"end":{"line":246,"column":70}},"182":{"start":{"line":246,"column":54},"end":{"line":246,"column":69}},"183":{"start":{"line":247,"column":12},"end":{"line":252,"column":15}},"184":{"start":{"line":248,"column":16},"end":{"line":251,"column":null}},"185":{"start":{"line":249,"column":28},"end":{"line":249,"column":48}},"186":{"start":{"line":250,"column":29},"end":{"line":250,"column":49}},"187":{"start":{"line":230,"column":0},"end":{"line":230,"column":16}},"188":{"start":{"line":258,"column":4},"end":{"line":274,"column":7}},"189":{"start":{"line":259,"column":8},"end":{"line":273,"column":11}},"190":{"start":{"line":260,"column":28},"end":{"line":260,"column":74}},"191":{"start":{"line":261,"column":31},"end":{"line":261,"column":68}},"192":{"start":{"line":262,"column":27},"end":{"line":262,"column":109}},"193":{"start":{"line":263,"column":28},"end":{"line":263,"column":30}},"194":{"start":{"line":264,"column":12},"end":{"line":264,"column":75}},"195":{"start":{"line":264,"column":55},"end":{"line":264,"column":74}},"196":{"start":{"line":265,"column":28},"end":{"line":265,"column":30}},"197":{"start":{"line":266,"column":12},"end":{"line":266,"column":75}},"198":{"start":{"line":266,"column":55},"end":{"line":266,"column":74}},"199":{"start":{"line":267,"column":12},"end":{"line":272,"column":15}},"200":{"start":{"line":268,"column":16},"end":{"line":271,"column":null}},"201":{"start":{"line":269,"column":28},"end":{"line":269,"column":56}},"202":{"start":{"line":270,"column":29},"end":{"line":270,"column":57}},"203":{"start":{"line":257,"column":0},"end":{"line":257,"column":16}},"204":{"start":{"line":277,"column":4},"end":{"line":286,"column":7}},"205":{"start":{"line":278,"column":8},"end":{"line":285,"column":11}},"206":{"start":{"line":279,"column":27},"end":{"line":279,"column":83}},"207":{"start":{"line":279,"column":54},"end":{"line":279,"column":76}},"208":{"start":{"line":280,"column":12},"end":{"line":284,"column":null}},"209":{"start":{"line":280,"column":43},"end":{"line":280,"column":67}},"210":{"start":{"line":282,"column":22},"end":{"line":282,"column":58}},"211":{"start":{"line":282,"column":27},"end":{"line":282,"column":32}},"212":{"start":{"line":283,"column":16},"end":{"line":283,"column":72}},"213":{"start":{"line":276,"column":0},"end":{"line":276,"column":16}},"214":{"start":{"line":289,"column":18},"end":{"line":289,"column":45}},"215":{"start":{"line":290,"column":25},"end":{"line":290,"column":38}},"216":{"start":{"line":291,"column":17},"end":{"line":291,"column":18}},"217":{"start":{"line":292,"column":4},"end":{"line":303,"column":null}},"218":{"start":{"line":293,"column":23},"end":{"line":293,"column":73}},"219":{"start":{"line":294,"column":8},"end":{"line":294,"column":20}},"220":{"start":{"line":295,"column":27},"end":{"line":295,"column":74}},"221":{"start":{"line":296,"column":8},"end":{"line":296,"column":20}},"222":{"start":{"line":297,"column":21},"end":{"line":297,"column":42}},"223":{"start":{"line":298,"column":8},"end":{"line":300,"column":null}},"224":{"start":{"line":298,"column":21},"end":{"line":298,"column":22}},"225":{"start":{"line":299,"column":12},"end":{"line":299,"column":41}},"226":{"start":{"line":301,"column":8},"end":{"line":301,"column":29}},"227":{"start":{"line":302,"column":8},"end":{"line":302,"column":32}},"228":{"start":{"line":305,"column":4},"end":{"line":305,"column":17}},"229":{"start":{"line":288,"column":0},"end":{"line":288,"column":16}},"230":{"start":{"line":309,"column":19},"end":{"line":309,"column":37}},"231":{"start":{"line":310,"column":4},"end":{"line":310,"column":41}},"232":{"start":{"line":310,"column":17},"end":{"line":310,"column":41}},"233":{"start":{"line":312,"column":4},"end":{"line":312,"column":19}},"234":{"start":{"line":315,"column":0},"end":{"line":315,"column":9}},"235":{"start":{"line":316,"column":17},"end":{"line":316,"column":94}},"236":{"start":{"line":317,"column":20},"end":{"line":317,"column":22}},"237":{"start":{"line":318,"column":4},"end":{"line":318,"column":65}},"238":{"start":{"line":318,"column":45},"end":{"line":318,"column":64}},"239":{"start":{"line":319,"column":20},"end":{"line":319,"column":22}},"240":{"start":{"line":320,"column":4},"end":{"line":320,"column":65}},"241":{"start":{"line":320,"column":45},"end":{"line":320,"column":64}},"242":{"start":{"line":321,"column":4},"end":{"line":363,"column":7}},"243":{"start":{"line":321,"column":31},"end":{"line":363,"column":6}},"244":{"start":{"line":322,"column":16},"end":{"line":322,"column":null}},"245":{"start":{"line":323,"column":17},"end":{"line":323,"column":18}},"246":{"start":{"line":324,"column":22},"end":{"line":324,"column":70}},"247":{"start":{"line":324,"column":67},"end":{"line":324,"column":69}},"248":{"start":{"line":325,"column":22},"end":{"line":329,"column":20}},"249":{"start":{"line":325,"column":45},"end":{"line":329,"column":19}},"250":{"start":{"line":331,"column":20},"end":{"line":331,"column":69}},"251":{"start":{"line":332,"column":26},"end":{"line":332,"column":56}},"252":{"start":{"line":333,"column":35},"end":{"line":333,"column":null}},"253":{"start":{"line":333,"column":26},"end":{"line":333,"column":null}},"254":{"start":{"line":334,"column":26},"end":{"line":334,"column":53}},"255":{"start":{"line":335,"column":24},"end":{"line":335,"column":25}},"256":{"start":{"line":336,"column":24},"end":{"line":336,"column":45}},"257":{"start":{"line":337,"column":30},"end":{"line":337,"column":56}},"258":{"start":{"line":338,"column":30},"end":{"line":338,"column":57}},"259":{"start":{"line":339,"column":30},"end":{"line":339,"column":52}},"260":{"start":{"line":340,"column":24},"end":{"line":340,"column":48}},"261":{"start":{"line":341,"column":24},"end":{"line":341,"column":79}},"262":{"start":{"line":342,"column":24},"end":{"line":347,"column":27}},"263":{"start":{"line":343,"column":28},"end":{"line":346,"column":41}},"264":{"start":{"line":348,"column":24},"end":{"line":358,"column":27}},"265":{"start":{"line":350,"column":32},"end":{"line":350,"column":105}},"266":{"start":{"line":350,"column":67},"end":{"line":350,"column":105}},"267":{"start":{"line":351,"column":28},"end":{"line":357,"column":41}},"268":{"start":{"line":330,"column":48},"end":{"line":330,"column":null}},"269":{"start":{"line":330,"column":27},"end":{"line":330,"column":44}},"270":{"start":{"line":330,"column":29},"end":{"line":330,"column":44}},"271":{"start":{"line":361,"column":21},"end":{"line":361,"column":62}}},"fnMap":{"0":{"name":"entityIDs","decl":{"start":{"line":19,"column":16},"end":{"line":19,"column":25}},"loc":{"start":{"line":19,"column":40},"end":{"line":39,"column":1}}},"1":{"name":"(anonymous_19)","decl":{"start":{"line":20,"column":33},"end":{"line":20,"column":34}},"loc":{"start":{"line":20,"column":42},"end":{"line":38,"column":5}}},"2":{"name":"(anonymous_20)","decl":{"start":{"line":21,"column":30},"end":{"line":21,"column":37}},"loc":{"start":{"line":21,"column":37},"end":{"line":37,"column":9}}},"3":{"name":"(anonymous_21)","decl":{"start":{"line":23,"column":34},"end":{"line":23,"column":35}},"loc":{"start":{"line":23,"column":45},"end":{"line":36,"column":13}}},"4":{"name":"spawnSequence","decl":{"start":{"line":41,"column":9},"end":{"line":41,"column":22}},"loc":{"start":{"line":41,"column":106},"end":{"line":65,"column":1}}},"5":{"name":"(anonymous_23)","decl":{"start":{"line":51,"column":34},"end":{"line":51,"column":38}},"loc":{"start":{"line":51,"column":38},"end":{"line":51,"column":45}}},"6":{"name":"(anonymous_24)","decl":{"start":{"line":52,"column":28},"end":{"line":52,"column":32}},"loc":{"start":{"line":52,"column":32},"end":{"line":63,"column":9}}},"7":{"name":"safeMkdir","decl":{"start":{"line":67,"column":16},"end":{"line":67,"column":25}},"loc":{"start":{"line":67,"column":37},"end":{"line":74,"column":1}}},"8":{"name":"(anonymous_26)","decl":{"start":{"line":68,"column":31},"end":{"line":68,"column":32}},"loc":{"start":{"line":68,"column":40},"end":{"line":73,"column":5}}},"9":{"name":"(anonymous_27)","decl":{"start":{"line":69,"column":56},"end":{"line":69,"column":57}},"loc":{"start":{"line":69,"column":68},"end":{"line":72,"column":9}}},"10":{"name":"beforeFileWrite","decl":{"start":{"line":76,"column":15},"end":{"line":76,"column":30}},"loc":{"start":{"line":76,"column":80},"end":{"line":81,"column":null}}},"11":{"name":"afterFileWrite","decl":{"start":{"line":83,"column":15},"end":{"line":83,"column":29}},"loc":{"start":{"line":83,"column":99},"end":{"line":109,"column":null}}},"12":{"name":"(anonymous_34)","decl":{"start":{"line":95,"column":22},"end":{"line":95,"column":23}},"loc":{"start":{"line":95,"column":31},"end":{"line":106,"column":5}}},"13":{"name":"(anonymous_35)","decl":{"start":{"line":107,"column":22},"end":{"line":107,"column":23}},"loc":{"start":{"line":107,"column":31},"end":{"line":108,"column":21}}},"14":{"name":"write","decl":{"start":{"line":118,"column":16},"end":{"line":118,"column":21}},"loc":{"start":{"line":123,"column":48},"end":{"line":130,"column":1}}},"15":{"name":"writeFileFromStream","decl":{"start":{"line":132,"column":9},"end":{"line":132,"column":28}},"loc":{"start":{"line":132,"column":126},"end":{"line":149,"column":1}}},"16":{"name":"(anonymous_38)","decl":{"start":{"line":133,"column":31},"end":{"line":133,"column":38}},"loc":{"start":{"line":133,"column":46},"end":{"line":148,"column":6}}},"17":{"name":"(anonymous_39)","decl":{"start":{"line":133,"column":46},"end":{"line":133,"column":null}},"loc":{"start":{"line":133,"column":46},"end":{"line":148,"column":6}}},"18":{"name":"(anonymous_41)","decl":{"start":{"line":140,"column":22},"end":{"line":140,"column":25}},"loc":{"start":{"line":140,"column":25},"end":{"line":143,"column":9}}},"19":{"name":"(anonymous_42)","decl":{"start":{"line":144,"column":23},"end":{"line":144,"column":null}},"loc":{"start":{"line":144,"column":23},"end":{"line":147,"column":9}}},"20":{"name":"(anonymous_43)","decl":{"start":{"line":146,"column":67},"end":{"line":146,"column":73}},"loc":{"start":{"line":146,"column":67},"end":{"line":146,"column":76}}},"21":{"name":"writeFileFromString","decl":{"start":{"line":151,"column":9},"end":{"line":151,"column":28}},"loc":{"start":{"line":151,"column":120},"end":{"line":164,"column":1}}},"22":{"name":"(anonymous_45)","decl":{"start":{"line":152,"column":31},"end":{"line":152,"column":38}},"loc":{"start":{"line":152,"column":46},"end":{"line":163,"column":6}}},"23":{"name":"(anonymous_46)","decl":{"start":{"line":152,"column":46},"end":{"line":152,"column":null}},"loc":{"start":{"line":152,"column":46},"end":{"line":163,"column":6}}},"24":{"name":"(anonymous_48)","decl":{"start":{"line":157,"column":35},"end":{"line":157,"column":38}},"loc":{"start":{"line":157,"column":38},"end":{"line":162,"column":9}}},"25":{"name":"(anonymous_49)","decl":{"start":{"line":160,"column":71},"end":{"line":160,"column":77}},"loc":{"start":{"line":160,"column":71},"end":{"line":160,"column":80}}},"26":{"name":"allVersions","decl":{"start":{"line":166,"column":16},"end":{"line":166,"column":27}},"loc":{"start":{"line":166,"column":60},"end":{"line":201,"column":1}}},"27":{"name":"(anonymous_51)","decl":{"start":{"line":167,"column":47},"end":{"line":167,"column":48}},"loc":{"start":{"line":167,"column":56},"end":{"line":200,"column":5}}},"28":{"name":"(anonymous_52)","decl":{"start":{"line":168,"column":30},"end":{"line":168,"column":37}},"loc":{"start":{"line":168,"column":37},"end":{"line":199,"column":9}}},"29":{"name":"(anonymous_53)","decl":{"start":{"line":173,"column":30},"end":{"line":173,"column":33}},"loc":{"start":{"line":173,"column":33},"end":{"line":176,"column":13}}},"30":{"name":"(anonymous_54)","decl":{"start":{"line":177,"column":36},"end":{"line":177,"column":37}},"loc":{"start":{"line":177,"column":49},"end":{"line":185,"column":13}}},"31":{"name":"(anonymous_55)","decl":{"start":{"line":181,"column":28},"end":{"line":181,"column":32}},"loc":{"start":{"line":181,"column":32},"end":{"line":181,"column":40}}},"32":{"name":"(anonymous_56)","decl":{"start":{"line":182,"column":25},"end":{"line":182,"column":29}},"loc":{"start":{"line":182,"column":29},"end":{"line":182,"column":37}}},"33":{"name":"(anonymous_57)","decl":{"start":{"line":183,"column":25},"end":{"line":183,"column":28}},"loc":{"start":{"line":183,"column":28},"end":{"line":183,"column":33}}},"34":{"name":"(anonymous_58)","decl":{"start":{"line":187,"column":36},"end":{"line":187,"column":37}},"loc":{"start":{"line":187,"column":49},"end":{"line":187,"column":57}}},"35":{"name":"(anonymous_59)","decl":{"start":{"line":188,"column":30},"end":{"line":188,"column":34}},"loc":{"start":{"line":188,"column":34},"end":{"line":198,"column":13}}},"36":{"name":"versions","decl":{"start":{"line":203,"column":16},"end":{"line":203,"column":24}},"loc":{"start":{"line":203,"column":55},"end":{"line":228,"column":1}}},"37":{"name":"(anonymous_61)","decl":{"start":{"line":204,"column":33},"end":{"line":204,"column":34}},"loc":{"start":{"line":204,"column":42},"end":{"line":227,"column":5}}},"38":{"name":"(anonymous_62)","decl":{"start":{"line":205,"column":30},"end":{"line":205,"column":37}},"loc":{"start":{"line":205,"column":37},"end":{"line":226,"column":9}}},"39":{"name":"(anonymous_63)","decl":{"start":{"line":209,"column":36},"end":{"line":209,"column":37}},"loc":{"start":{"line":209,"column":49},"end":{"line":217,"column":13}}},"40":{"name":"(anonymous_64)","decl":{"start":{"line":213,"column":28},"end":{"line":213,"column":32}},"loc":{"start":{"line":213,"column":32},"end":{"line":213,"column":40}}},"41":{"name":"(anonymous_65)","decl":{"start":{"line":214,"column":25},"end":{"line":214,"column":29}},"loc":{"start":{"line":214,"column":29},"end":{"line":214,"column":41}}},"42":{"name":"(anonymous_66)","decl":{"start":{"line":219,"column":36},"end":{"line":219,"column":37}},"loc":{"start":{"line":219,"column":49},"end":{"line":219,"column":57}}},"43":{"name":"(anonymous_67)","decl":{"start":{"line":220,"column":30},"end":{"line":220,"column":34}},"loc":{"start":{"line":220,"column":34},"end":{"line":225,"column":13}}},"44":{"name":"formats","decl":{"start":{"line":230,"column":16},"end":{"line":230,"column":23}},"loc":{"start":{"line":230,"column":54},"end":{"line":255,"column":1}}},"45":{"name":"(anonymous_69)","decl":{"start":{"line":231,"column":33},"end":{"line":231,"column":34}},"loc":{"start":{"line":231,"column":42},"end":{"line":254,"column":5}}},"46":{"name":"(anonymous_70)","decl":{"start":{"line":232,"column":30},"end":{"line":232,"column":37}},"loc":{"start":{"line":232,"column":37},"end":{"line":253,"column":9}}},"47":{"name":"(anonymous_71)","decl":{"start":{"line":236,"column":36},"end":{"line":236,"column":37}},"loc":{"start":{"line":236,"column":49},"end":{"line":244,"column":13}}},"48":{"name":"(anonymous_72)","decl":{"start":{"line":240,"column":28},"end":{"line":240,"column":32}},"loc":{"start":{"line":240,"column":32},"end":{"line":240,"column":40}}},"49":{"name":"(anonymous_73)","decl":{"start":{"line":241,"column":25},"end":{"line":241,"column":29}},"loc":{"start":{"line":241,"column":29},"end":{"line":241,"column":49}}},"50":{"name":"(anonymous_74)","decl":{"start":{"line":246,"column":36},"end":{"line":246,"column":37}},"loc":{"start":{"line":246,"column":49},"end":{"line":246,"column":57}}},"51":{"name":"(anonymous_75)","decl":{"start":{"line":247,"column":30},"end":{"line":247,"column":34}},"loc":{"start":{"line":247,"column":34},"end":{"line":252,"column":13}}},"52":{"name":"read","decl":{"start":{"line":257,"column":16},"end":{"line":257,"column":20}},"loc":{"start":{"line":257,"column":88},"end":{"line":275,"column":1}}},"53":{"name":"(anonymous_77)","decl":{"start":{"line":258,"column":31},"end":{"line":258,"column":32}},"loc":{"start":{"line":258,"column":40},"end":{"line":274,"column":5}}},"54":{"name":"(anonymous_78)","decl":{"start":{"line":259,"column":30},"end":{"line":259,"column":37}},"loc":{"start":{"line":259,"column":37},"end":{"line":273,"column":9}}},"55":{"name":"(anonymous_79)","decl":{"start":{"line":264,"column":37},"end":{"line":264,"column":38}},"loc":{"start":{"line":264,"column":50},"end":{"line":264,"column":62}}},"56":{"name":"(anonymous_80)","decl":{"start":{"line":266,"column":37},"end":{"line":266,"column":38}},"loc":{"start":{"line":266,"column":50},"end":{"line":266,"column":62}}},"57":{"name":"(anonymous_81)","decl":{"start":{"line":267,"column":31},"end":{"line":267,"column":35}},"loc":{"start":{"line":267,"column":35},"end":{"line":272,"column":13}}},"58":{"name":"readLatestVersion","decl":{"start":{"line":276,"column":16},"end":{"line":276,"column":33}},"loc":{"start":{"line":276,"column":84},"end":{"line":287,"column":1}}},"59":{"name":"(anonymous_83)","decl":{"start":{"line":277,"column":31},"end":{"line":277,"column":32}},"loc":{"start":{"line":277,"column":40},"end":{"line":286,"column":5}}},"60":{"name":"(anonymous_84)","decl":{"start":{"line":278,"column":41},"end":{"line":278,"column":49}},"loc":{"start":{"line":278,"column":49},"end":{"line":285,"column":9}}},"61":{"name":"(anonymous_85)","decl":{"start":{"line":279,"column":43},"end":{"line":279,"column":50}},"loc":{"start":{"line":279,"column":50},"end":{"line":279,"column":61}}},"62":{"name":"parseHitFile","decl":{"start":{"line":288,"column":16},"end":{"line":288,"column":28}},"loc":{"start":{"line":288,"column":43},"end":{"line":306,"column":1}}},"63":{"name":"mvNoReplace","decl":{"start":{"line":308,"column":9},"end":{"line":308,"column":20}},"loc":{"start":{"line":308,"column":45},"end":{"line":313,"column":1}}},"64":{"name":"main","decl":{"start":{"line":315,"column":9},"end":{"line":315,"column":13}},"loc":{"start":{"line":315,"column":13},"end":{"line":364,"column":1}}},"65":{"name":"(anonymous_89)","decl":{"start":{"line":318,"column":27},"end":{"line":318,"column":28}},"loc":{"start":{"line":318,"column":40},"end":{"line":318,"column":52}}},"66":{"name":"(anonymous_90)","decl":{"start":{"line":320,"column":27},"end":{"line":320,"column":28}},"loc":{"start":{"line":320,"column":40},"end":{"line":320,"column":52}}},"67":{"name":"(anonymous_91)","decl":{"start":{"line":321,"column":21},"end":{"line":321,"column":27}},"loc":{"start":{"line":321,"column":31},"end":{"line":363,"column":6}}},"68":{"name":"(anonymous_92)","decl":{"start":{"line":321,"column":31},"end":{"line":321,"column":null}},"loc":{"start":{"line":321,"column":31},"end":{"line":363,"column":6}}},"69":{"name":"(anonymous_94)","decl":{"start":{"line":324,"column":62},"end":{"line":324,"column":63}},"loc":{"start":{"line":324,"column":63},"end":{"line":324,"column":68}}},"70":{"name":"(anonymous_95)","decl":{"start":{"line":325,"column":38},"end":{"line":325,"column":41}},"loc":{"start":{"line":325,"column":41},"end":{"line":325,"column":46}}},"71":{"name":"(anonymous_98)","decl":{"start":{"line":342,"column":42},"end":{"line":342,"column":43}},"loc":{"start":{"line":342,"column":51},"end":{"line":347,"column":25}}},"72":{"name":"(anonymous_99)","decl":{"start":{"line":348,"column":36},"end":{"line":348,"column":37}},"loc":{"start":{"line":348,"column":45},"end":{"line":358,"column":25}}},"73":{"name":"(anonymous_100)","decl":{"start":{"line":350,"column":59},"end":{"line":350,"column":63}},"loc":{"start":{"line":350,"column":63},"end":{"line":350,"column":68}}}},"branchMap":{"0":{"loc":{"start":{"line":24,"column":16},"end":{"line":35,"column":null}},"type":"if","locations":[{"start":{"line":24,"column":16},"end":{"line":35,"column":null}},{"start":{"line":24,"column":16},"end":{"line":35,"column":null}}]},"1":{"loc":{"start":{"line":29,"column":24},"end":{"line":32,"column":null}},"type":"if","locations":[{"start":{"line":29,"column":24},"end":{"line":32,"column":null}},{"start":{"line":29,"column":24},"end":{"line":32,"column":null}}]},"2":{"loc":{"start":{"line":42,"column":4},"end":{"line":64,"column":null}},"type":"if","locations":[{"start":{"line":42,"column":4},"end":{"line":64,"column":null}},{"start":{"line":42,"column":4},"end":{"line":64,"column":null}}]},"3":{"loc":{"start":{"line":48,"column":8},"end":{"line":49,"column":44}},"type":"if","locations":[{"start":{"line":48,"column":8},"end":{"line":49,"column":44}},{"start":{"line":48,"column":8},"end":{"line":49,"column":44}}]},"4":{"loc":{"start":{"line":54,"column":16},"end":{"line":56,"column":26}},"type":"switch","locations":[{"start":{"line":54,"column":16},"end":{"line":56,"column":26}},{"start":{"line":57,"column":16},"end":{"line":61,"column":55}}]},"5":{"loc":{"start":{"line":70,"column":12},"end":{"line":71,"column":29}},"type":"if","locations":[{"start":{"line":70,"column":12},"end":{"line":71,"column":29}},{"start":{"line":70,"column":12},"end":{"line":71,"column":29}}]},"6":{"loc":{"start":{"line":77,"column":19},"end":{"line":77,"column":null}},"type":"switch","locations":[{"start":{"line":77,"column":19},"end":{"line":77,"column":null}}]},"7":{"loc":{"start":{"line":84,"column":19},"end":{"line":84,"column":null}},"type":"switch","locations":[{"start":{"line":84,"column":19},"end":{"line":84,"column":null}}]},"8":{"loc":{"start":{"line":96,"column":8},"end":{"line":105,"column":null}},"type":"if","locations":[{"start":{"line":96,"column":8},"end":{"line":105,"column":null}},{"start":{"line":96,"column":8},"end":{"line":105,"column":null}}]},"9":{"loc":{"start":{"line":125,"column":4},"end":{"line":129,"column":null}},"type":"if","locations":[{"start":{"line":125,"column":4},"end":{"line":129,"column":null}},{"start":{"line":125,"column":4},"end":{"line":129,"column":null}}]},"10":{"loc":{"start":{"line":125,"column":8},"end":{"line":125,"column":31}},"type":"binary-expr","locations":[{"start":{"line":125,"column":8},"end":{"line":125,"column":31}},{"start":{"line":125,"column":35},"end":{"line":125,"column":56}}]},"11":{"loc":{"start":{"line":134,"column":8},"end":{"line":134,"column":57}},"type":"switch","locations":[{"start":{"line":134,"column":8},"end":{"line":134,"column":57}}]},"12":{"loc":{"start":{"line":153,"column":8},"end":{"line":153,"column":57}},"type":"switch","locations":[{"start":{"line":153,"column":8},"end":{"line":153,"column":57}}]},"13":{"loc":{"start":{"line":158,"column":12},"end":{"line":161,"column":null}},"type":"if","locations":[{"start":{"line":158,"column":12},"end":{"line":161,"column":null}},{"start":{"line":158,"column":12},"end":{"line":161,"column":null}}]},"14":{"loc":{"start":{"line":190,"column":20},"end":{"line":192,"column":30}},"type":"switch","locations":[{"start":{"line":190,"column":20},"end":{"line":192,"column":30}},{"start":{"line":193,"column":20},"end":{"line":196,"column":44}}]},"15":{"loc":{"start":{"line":222,"column":20},"end":{"line":222,"column":46}},"type":"switch","locations":[{"start":{"line":222,"column":20},"end":{"line":222,"column":46}},{"start":{"line":223,"column":20},"end":{"line":223,"column":49}}]},"16":{"loc":{"start":{"line":249,"column":20},"end":{"line":249,"column":48}},"type":"switch","locations":[{"start":{"line":249,"column":20},"end":{"line":249,"column":48}},{"start":{"line":250,"column":20},"end":{"line":250,"column":49}}]},"17":{"loc":{"start":{"line":269,"column":20},"end":{"line":269,"column":56}},"type":"switch","locations":[{"start":{"line":269,"column":20},"end":{"line":269,"column":56}},{"start":{"line":270,"column":20},"end":{"line":270,"column":57}}]},"18":{"loc":{"start":{"line":280,"column":12},"end":{"line":284,"column":null}},"type":"if","locations":[{"start":{"line":280,"column":12},"end":{"line":284,"column":null}},{"start":{"line":280,"column":12},"end":{"line":284,"column":null}}]},"19":{"loc":{"start":{"line":280,"column":16},"end":{"line":280,"column":23}},"type":"binary-expr","locations":[{"start":{"line":280,"column":16},"end":{"line":280,"column":23}},{"start":{"line":280,"column":27},"end":{"line":280,"column":41}}]},"20":{"loc":{"start":{"line":310,"column":4},"end":{"line":310,"column":41}},"type":"if","locations":[{"start":{"line":310,"column":4},"end":{"line":310,"column":41}},{"start":{"line":310,"column":4},"end":{"line":310,"column":41}}]},"21":{"loc":{"start":{"line":323,"column":17},"end":{"line":323,"column":18}},"type":"switch","locations":[{"start":{"line":323,"column":17},"end":{"line":323,"column":18}}]},"22":{"loc":{"start":{"line":335,"column":24},"end":{"line":335,"column":25}},"type":"if","locations":[{"start":{"line":335,"column":24},"end":{"line":335,"column":25}},{"start":{"line":335,"column":24},"end":{"line":335,"column":25}}]}},"s":{"0":3,"1":3,"2":3,"3":3,"4":3,"5":3,"6":3,"7":3,"8":3,"9":3,"10":3,"11":3,"12":3,"13":3,"14":3,"15":3,"16":0,"17":0,"18":0,"19":0,"20":0,"21":0,"22":0,"23":0,"24":0,"25":0,"26":0,"27":0,"28":0,"29":0,"30":0,"31":0,"32":3,"33":0,"34":0,"35":0,"36":0,"37":0,"38":0,"39":0,"40":0,"41":0,"42":0,"43":0,"44":0,"45":0,"46":0,"47":0,"48":0,"49":0,"50":0,"51":0,"52":0,"53":0,"54":0,"55":0,"56":0,"57":0,"58":0,"59":0,"60":0,"61":0,"62":3,"63":0,"64":0,"65":0,"66":0,"67":0,"68":0,"69":0,"70":0,"71":0,"72":0,"73":0,"74":0,"75":0,"76":0,"77":0,"78":0,"79":0,"80":0,"81":0,"82":0,"83":0,"84":0,"85":0,"86":0,"87":0,"88":3,"89":0,"90":0,"91":0,"92":0,"93":0,"94":0,"95":0,"96":0,"97":0,"98":0,"99":0,"100":0,"101":0,"102":0,"103":0,"104":0,"105":0,"106":0,"107":0,"108":0,"109":0,"110":0,"111":0,"112":0,"113":0,"114":0,"115":0,"116":0,"117":0,"118":0,"119":0,"120":0,"121":0,"122":0,"123":0,"124":0,"125":0,"126":0,"127":0,"128":0,"129":0,"130":0,"131":0,"132":0,"133":0,"134":0,"135":0,"136":0,"137":0,"138":0,"139":0,"140":0,"141":0,"142":0,"143":0,"144":0,"145":3,"146":0,"147":0,"148":0,"149":0,"150":0,"151":0,"152":0,"153":0,"154":0,"155":0,"156":0,"157":0,"158":0,"159":0,"160":0,"161":0,"162":0,"163":0,"164":0,"165":0,"166":3,"167":0,"168":0,"169":0,"170":0,"171":0,"172":0,"173":0,"174":0,"175":0,"176":0,"177":0,"178":0,"179":0,"180":0,"181":0,"182":0,"183":0,"184":0,"185":0,"186":0,"187":3,"188":0,"189":0,"190":0,"191":0,"192":0,"193":0,"194":0,"195":0,"196":0,"197":0,"198":0,"199":0,"200":0,"201":0,"202":0,"203":3,"204":0,"205":0,"206":0,"207":0,"208":0,"209":0,"210":0,"211":0,"212":0,"213":3,"214":0,"215":0,"216":0,"217":0,"218":0,"219":0,"220":0,"221":0,"222":0,"223":0,"224":0,"225":0,"226":0,"227":0,"228":0,"229":3,"230":0,"231":0,"232":0,"233":0,"234":0,"235":0,"236":0,"237":0,"238":0,"239":0,"240":0,"241":0,"242":0,"243":0,"244":0,"245":0,"246":0,"247":0,"248":0,"249":0,"250":0,"251":0,"252":0,"253":0,"254":0,"255":0,"256":0,"257":0,"258":0,"259":0,"260":0,"261":0,"262":0,"263":0,"264":0,"265":0,"266":0,"267":0,"268":0,"269":0,"270":0,"271":0},"f":{"0":0,"1":0,"2":0,"3":0,"4":0,"5":0,"6":0,"7":0,"8":0,"9":0,"10":0,"11":0,"12":0,"13":0,"14":0,"15":0,"16":0,"17":0,"18":0,"19":0,"20":0,"21":0,"22":0,"23":0,"24":0,"25":0,"26":0,"27":0,"28":0,"29":0,"30":0,"31":0,"32":0,"33":0,"34":0,"35":0,"36":0,"37":0,"38":0,"39":0,"40":0,"41":0,"42":0,"43":0,"44":0,"45":0,"46":0,"47":0,"48":0,"49":0,"50":0,"51":0,"52":0,"53":0,"54":0,"55":0,"56":0,"57":0,"58":0,"59":0,"60":0,"61":0,"62":0,"63":0,"64":0,"65":0,"66":0,"67":0,"68":0,"69":0,"70":0,"71":0,"72":0,"73":0},"b":{"0":[0,0],"1":[0,0],"2":[0,0],"3":[0,0],"4":[0,0],"5":[0,0],"6":[0],"7":[0],"8":[0,0],"9":[0,0],"10":[0,0],"11":[0],"12":[0],"13":[0,0],"14":[0,0],"15":[0,0],"16":[0,0],"17":[0,0],"18":[0,0],"19":[0,0],"20":[0,0],"21":[0],"22":[0,0]}}
,"/home/sean/newsreduce/crawler/src/sql.ts": {"path":"/home/sean/newsreduce/crawler/src/sql.ts","statementMap":{"0":{"start":{"line":1,"column":0},"end":{"line":64,"column":2}}},"fnMap":{},"branchMap":{},"s":{"0":3},"f":{},"b":{}}
,"/home/sean/newsreduce/crawler/src/common/config.ts": {"path":"/home/sean/newsreduce/crawler/src/common/config.ts","statementMap":{"0":{"start":{"line":1,"column":0},"end":{"line":1,"column":20}},"1":{"start":{"line":2,"column":25},"end":{"line":2,"column":37}},"2":{"start":{"line":3,"column":17},"end":{"line":3,"column":37}},"3":{"start":{"line":4,"column":15},"end":{"line":4,"column":49}},"4":{"start":{"line":5,"column":14},"end":{"line":5,"column":52}},"5":{"start":{"line":7,"column":0},"end":{"line":9,"column":null}},"6":{"start":{"line":8,"column":4},"end":{"line":8,"column":98}},"7":{"start":{"line":11,"column":18},"end":{"line":11,"column":27}},"8":{"start":{"line":14,"column":4},"end":{"line":16,"column":null}},"9":{"start":{"line":15,"column":8},"end":{"line":15,"column":71}},"10":{"start":{"line":15,"column":48},"end":{"line":15,"column":60}},"11":{"start":{"line":18,"column":4},"end":{"line":18,"column":23}},"12":{"start":{"line":13,"column":0},"end":{"line":13,"column":16}},"13":{"start":{"line":22,"column":10},"end":{"line":22,"column":37}},"14":{"start":{"line":23,"column":4},"end":{"line":34,"column":7}},"15":{"start":{"line":24,"column":8},"end":{"line":33,"column":null}},"16":{"start":{"line":25,"column":12},"end":{"line":32,"column":null}},"17":{"start":{"line":26,"column":16},"end":{"line":26,"column":32}},"18":{"start":{"line":28,"column":16},"end":{"line":31,"column":null}},"19":{"start":{"line":29,"column":20},"end":{"line":30,"column":null}},"20":{"start":{"line":29,"column":29},"end":{"line":29,"column":41}},"21":{"start":{"line":30,"column":25},"end":{"line":30,"column":null}},"22":{"start":{"line":21,"column":0},"end":{"line":21,"column":22}},"23":{"start":{"line":37,"column":4},"end":{"line":49,"column":7}},"24":{"start":{"line":38,"column":24},"end":{"line":38,"column":47}},"25":{"start":{"line":39,"column":8},"end":{"line":48,"column":11}},"26":{"start":{"line":40,"column":12},"end":{"line":47,"column":null}},"27":{"start":{"line":41,"column":16},"end":{"line":41,"column":33}},"28":{"start":{"line":43,"column":16},"end":{"line":46,"column":null}},"29":{"start":{"line":44,"column":20},"end":{"line":45,"column":null}},"30":{"start":{"line":44,"column":29},"end":{"line":44,"column":41}},"31":{"start":{"line":45,"column":25},"end":{"line":45,"column":null}},"32":{"start":{"line":36,"column":0},"end":{"line":36,"column":22}},"33":{"start":{"line":53,"column":4},"end":{"line":53,"column":23}},"34":{"start":{"line":52,"column":0},"end":{"line":52,"column":22}}},"fnMap":{"0":{"name":"projectDir","decl":{"start":{"line":13,"column":16},"end":{"line":13,"column":26}},"loc":{"start":{"line":13,"column":26},"end":{"line":19,"column":1}}},"1":{"name":"(anonymous_15)","decl":{"start":{"line":15,"column":38},"end":{"line":15,"column":39}},"loc":{"start":{"line":15,"column":43},"end":{"line":15,"column":49}}},"2":{"name":"varDirPromise","decl":{"start":{"line":21,"column":22},"end":{"line":21,"column":35}},"loc":{"start":{"line":21,"column":35},"end":{"line":35,"column":null}}},"3":{"name":"(anonymous_19)","decl":{"start":{"line":23,"column":31},"end":{"line":23,"column":32}},"loc":{"start":{"line":23,"column":47},"end":{"line":34,"column":5}}},"4":{"name":"(anonymous_20)","decl":{"start":{"line":24,"column":26},"end":{"line":24,"column":32}},"loc":{"start":{"line":24,"column":32},"end":{"line":33,"column":9}}},"5":{"name":"(anonymous_21)","decl":{"start":{"line":28,"column":33},"end":{"line":28,"column":36}},"loc":{"start":{"line":28,"column":36},"end":{"line":31,"column":17}}},"6":{"name":"blobDirPromise","decl":{"start":{"line":36,"column":22},"end":{"line":36,"column":36}},"loc":{"start":{"line":36,"column":36},"end":{"line":50,"column":null}}},"7":{"name":"(anonymous_25)","decl":{"start":{"line":37,"column":31},"end":{"line":37,"column":32}},"loc":{"start":{"line":37,"column":47},"end":{"line":49,"column":5}}},"8":{"name":"(anonymous_26)","decl":{"start":{"line":39,"column":27},"end":{"line":39,"column":33}},"loc":{"start":{"line":39,"column":33},"end":{"line":48,"column":9}}},"9":{"name":"(anonymous_27)","decl":{"start":{"line":43,"column":68},"end":{"line":43,"column":71}},"loc":{"start":{"line":43,"column":71},"end":{"line":46,"column":17}}},"10":{"name":"myIP","decl":{"start":{"line":52,"column":22},"end":{"line":52,"column":26}},"loc":{"start":{"line":52,"column":26},"end":{"line":54,"column":null}}}},"branchMap":{"0":{"loc":{"start":{"line":7,"column":0},"end":{"line":9,"column":null}},"type":"if","locations":[{"start":{"line":7,"column":0},"end":{"line":9,"column":null}},{"start":{"line":7,"column":0},"end":{"line":9,"column":null}}]},"1":{"loc":{"start":{"line":14,"column":4},"end":{"line":16,"column":null}},"type":"if","locations":[{"start":{"line":14,"column":4},"end":{"line":16,"column":null}},{"start":{"line":14,"column":4},"end":{"line":16,"column":null}}]},"2":{"loc":{"start":{"line":25,"column":12},"end":{"line":32,"column":null}},"type":"if","locations":[{"start":{"line":25,"column":12},"end":{"line":32,"column":null}},{"start":{"line":25,"column":12},"end":{"line":32,"column":null}}]},"3":{"loc":{"start":{"line":29,"column":20},"end":{"line":30,"column":null}},"type":"if","locations":[{"start":{"line":29,"column":20},"end":{"line":30,"column":null}},{"start":{"line":29,"column":20},"end":{"line":30,"column":null}}]},"4":{"loc":{"start":{"line":40,"column":12},"end":{"line":47,"column":null}},"type":"if","locations":[{"start":{"line":40,"column":12},"end":{"line":47,"column":null}},{"start":{"line":40,"column":12},"end":{"line":47,"column":null}}]},"5":{"loc":{"start":{"line":44,"column":20},"end":{"line":45,"column":null}},"type":"if","locations":[{"start":{"line":44,"column":20},"end":{"line":45,"column":null}},{"start":{"line":44,"column":20},"end":{"line":45,"column":null}}]}},"s":{"0":10,"1":10,"2":10,"3":10,"4":10,"5":10,"6":0,"7":10,"8":0,"9":0,"10":0,"11":0,"12":10,"13":29,"14":29,"15":29,"16":29,"17":29,"18":0,"19":0,"20":0,"21":0,"22":10,"23":0,"24":0,"25":0,"26":0,"27":0,"28":0,"29":0,"30":0,"31":0,"32":10,"33":0,"34":10},"f":{"0":0,"1":0,"2":29,"3":29,"4":29,"5":0,"6":0,"7":0,"8":0,"9":0,"10":0},"b":{"0":[0,10],"1":[0,0],"2":[29,0],"3":[0,0],"4":[0,0],"5":[0,0]}}
,"/home/sean/newsreduce/crawler/src/common/connections.ts": {"path":"/home/sean/newsreduce/crawler/src/common/connections.ts","statementMap":{"0":{"start":{"line":1,"column":0},"end":{"line":1,"column":53}},"1":{"start":{"line":2,"column":0},"end":{"line":2,"column":43}},"2":{"start":{"line":3,"column":0},"end":{"line":3,"column":31}},"3":{"start":{"line":4,"column":0},"end":{"line":4,"column":32}},"4":{"start":{"line":6,"column":18},"end":{"line":6,"column":34}},"5":{"start":{"line":7,"column":27},"end":{"line":7,"column":31}},"6":{"start":{"line":8,"column":25},"end":{"line":8,"column":26}},"7":{"start":{"line":10,"column":13},"end":{"line":41,"column":2}},"8":{"start":{"line":43,"column":27},"end":{"line":43,"column":53}},"9":{"start":{"line":45,"column":19},"end":{"line":50,"column":2}},"10":{"start":{"line":55,"column":21},"end":{"line":55,"column":25}},"11":{"start":{"line":57,"column":8},"end":{"line":57,"column":9}},"12":{"start":{"line":58,"column":16},"end":{"line":58,"column":32}},"13":{"start":{"line":59,"column":17},"end":{"line":59,"column":98}},"14":{"start":{"line":59,"column":86},"end":{"line":59,"column":97}},"15":{"start":{"line":59,"column":8},"end":{"line":59,"column":98}},"16":{"start":{"line":62,"column":4},"end":{"line":62,"column":18}},"17":{"start":{"line":56,"column":0},"end":{"line":56,"column":22}},"18":{"start":{"line":65,"column":27},"end":{"line":65,"column":31}},"19":{"start":{"line":67,"column":8},"end":{"line":67,"column":16}},"20":{"start":{"line":68,"column":8},"end":{"line":68,"column":36}},"21":{"start":{"line":69,"column":26},"end":{"line":69,"column":44}},"22":{"start":{"line":69,"column":14},"end":{"line":69,"column":null}},"23":{"start":{"line":70,"column":8},"end":{"line":70,"column":35}},"24":{"start":{"line":71,"column":8},"end":{"line":71,"column":65}},"25":{"start":{"line":74,"column":4},"end":{"line":74,"column":20}},"26":{"start":{"line":66,"column":0},"end":{"line":66,"column":22}},"27":{"start":{"line":81,"column":81},"end":{"line":81,"column":83}},"28":{"start":{"line":84,"column":4},"end":{"line":88,"column":null}},"29":{"start":{"line":84,"column":41},"end":{"line":84,"column":80}},"30":{"start":{"line":86,"column":8},"end":{"line":86,"column":38}},"31":{"start":{"line":87,"column":8},"end":{"line":87,"column":47}},"32":{"start":{"line":90,"column":4},"end":{"line":90,"column":18}},"33":{"start":{"line":82,"column":0},"end":{"line":82,"column":16}},"34":{"start":{"line":94,"column":17},"end":{"line":94,"column":41}},"35":{"start":{"line":95,"column":4},"end":{"line":102,"column":null}},"36":{"start":{"line":96,"column":8},"end":{"line":100,"column":10}},"37":{"start":{"line":101,"column":8},"end":{"line":101,"column":42}},"38":{"start":{"line":103,"column":4},"end":{"line":107,"column":38}},"39":{"start":{"line":93,"column":0},"end":{"line":93,"column":16}}},"fnMap":{"0":{"name":"getParams","decl":{"start":{"line":56,"column":22},"end":{"line":56,"column":31}},"loc":{"start":{"line":56,"column":31},"end":{"line":63,"column":null}}},"1":{"name":"(anonymous_19)","decl":{"start":{"line":59,"column":79},"end":{"line":59,"column":82}},"loc":{"start":{"line":59,"column":82},"end":{"line":59,"column":89}}},"2":{"name":"db","decl":{"start":{"line":66,"column":22},"end":{"line":66,"column":24}},"loc":{"start":{"line":66,"column":24},"end":{"line":75,"column":null}}},"3":{"name":"renewRedis","decl":{"start":{"line":82,"column":16},"end":{"line":82,"column":26}},"loc":{"start":{"line":82,"column":45},"end":{"line":91,"column":1}}},"4":{"name":"newRedis","decl":{"start":{"line":93,"column":16},"end":{"line":93,"column":24}},"loc":{"start":{"line":93,"column":43},"end":{"line":108,"column":1}}}},"branchMap":{"0":{"loc":{"start":{"line":62,"column":4},"end":{"line":62,"column":18}},"type":"switch","locations":[{"start":{"line":62,"column":4},"end":{"line":62,"column":18}}]},"1":{"loc":{"start":{"line":57,"column":8},"end":{"line":57,"column":9}},"type":"if","locations":[{"start":{"line":57,"column":8},"end":{"line":57,"column":9}},{"start":{"line":57,"column":8},"end":{"line":57,"column":9}}]},"2":{"loc":{"start":{"line":74,"column":4},"end":{"line":74,"column":20}},"type":"switch","locations":[{"start":{"line":74,"column":4},"end":{"line":74,"column":20}}]},"3":{"loc":{"start":{"line":67,"column":8},"end":{"line":67,"column":16}},"type":"if","locations":[{"start":{"line":67,"column":8},"end":{"line":67,"column":16}},{"start":{"line":67,"column":8},"end":{"line":67,"column":16}}]},"4":{"loc":{"start":{"line":84,"column":4},"end":{"line":88,"column":null}},"type":"if","locations":[{"start":{"line":84,"column":4},"end":{"line":88,"column":null}},{"start":{"line":84,"column":4},"end":{"line":88,"column":null}}]},"5":{"loc":{"start":{"line":95,"column":4},"end":{"line":102,"column":null}},"type":"if","locations":[{"start":{"line":95,"column":4},"end":{"line":102,"column":null}},{"start":{"line":95,"column":4},"end":{"line":102,"column":null}}]}},"s":{"0":9,"1":9,"2":9,"3":9,"4":9,"5":9,"6":9,"7":9,"8":9,"9":9,"10":9,"11":11,"12":11,"13":11,"14":10,"15":10,"16":10,"17":9,"18":9,"19":12,"20":10,"21":10,"22":9,"23":9,"24":9,"25":10,"26":9,"27":9,"28":9,"29":4,"30":5,"31":5,"32":9,"33":9,"34":19,"35":19,"36":0,"37":0,"38":19,"39":9},"f":{"0":11,"1":10,"2":11,"3":9,"4":19},"b":{"0":[10],"1":[0,11],"2":[10],"3":[1,10],"4":[4,5],"5":[0,19]}}
,"/home/sean/newsreduce/crawler/src/common/events.ts": {"path":"/home/sean/newsreduce/crawler/src/common/events.ts","statementMap":{"0":{"start":{"line":1,"column":13},"end":{"line":1,"column":37}},"1":{"start":{"line":2,"column":13},"end":{"line":2,"column":53}},"2":{"start":{"line":3,"column":13},"end":{"line":3,"column":53}},"3":{"start":{"line":4,"column":13},"end":{"line":4,"column":45}},"4":{"start":{"line":6,"column":13},"end":{"line":6,"column":53}},"5":{"start":{"line":7,"column":13},"end":{"line":7,"column":57}},"6":{"start":{"line":8,"column":13},"end":{"line":8,"column":61}},"7":{"start":{"line":9,"column":13},"end":{"line":9,"column":61}},"8":{"start":{"line":10,"column":13},"end":{"line":10,"column":47}},"9":{"start":{"line":11,"column":13},"end":{"line":11,"column":41}}},"fnMap":{},"branchMap":{},"s":{"0":3,"1":3,"2":3,"3":3,"4":3,"5":3,"6":3,"7":3,"8":3,"9":3},"f":{},"b":{}}
,"/home/sean/newsreduce/crawler/src/common/fs.ts": {"path":"/home/sean/newsreduce/crawler/src/common/fs.ts","statementMap":{"0":{"start":{"line":1,"column":0},"end":{"line":1,"column":20}},"1":{"start":{"line":2,"column":0},"end":{"line":2,"column":37}},"2":{"start":{"line":3,"column":0},"end":{"line":3,"column":32}},"3":{"start":{"line":6,"column":19},"end":{"line":6,"column":38}},"4":{"start":{"line":7,"column":4},"end":{"line":14,"column":null}},"5":{"start":{"line":8,"column":24},"end":{"line":8,"column":45}},"6":{"start":{"line":9,"column":31},"end":{"line":9,"column":59}},"7":{"start":{"line":10,"column":8},"end":{"line":13,"column":113}},"8":{"start":{"line":11,"column":12},"end":{"line":11,"column":32}},"9":{"start":{"line":13,"column":12},"end":{"line":13,"column":113}},"10":{"start":{"line":5,"column":0},"end":{"line":5,"column":16}}},"fnMap":{"0":{"name":"deleteIfChecksumMatches","decl":{"start":{"line":5,"column":16},"end":{"line":5,"column":39}},"loc":{"start":{"line":5,"column":78},"end":{"line":15,"column":1}}}},"branchMap":{"0":{"loc":{"start":{"line":7,"column":4},"end":{"line":14,"column":null}},"type":"if","locations":[{"start":{"line":7,"column":4},"end":{"line":14,"column":null}},{"start":{"line":7,"column":4},"end":{"line":14,"column":null}}]},"1":{"loc":{"start":{"line":10,"column":8},"end":{"line":13,"column":113}},"type":"if","locations":[{"start":{"line":10,"column":8},"end":{"line":13,"column":113}},{"start":{"line":10,"column":8},"end":{"line":13,"column":113}}]}},"s":{"0":1,"1":1,"2":1,"3":1,"4":1,"5":1,"6":1,"7":1,"8":1,"9":0,"10":1},"f":{"0":1},"b":{"0":[1,0],"1":[1,0]}}
,"/home/sean/newsreduce/crawler/src/common/functional.ts": {"path":"/home/sean/newsreduce/crawler/src/common/functional.ts","statementMap":{"0":{"start":{"line":1,"column":13},"end":{"line":1,"column":63}},"1":{"start":{"line":1,"column":40},"end":{"line":1,"column":63}},"2":{"start":{"line":1,"column":46},"end":{"line":1,"column":63}},"3":{"start":{"line":2,"column":13},"end":{"line":4,"column":2}},"4":{"start":{"line":3,"column":4},"end":{"line":3,"column":32}},"5":{"start":{"line":3,"column":13},"end":{"line":3,"column":32}}},"fnMap":{"0":{"name":"(anonymous_0)","decl":{"start":{"line":1,"column":23},"end":{"line":1,"column":24}},"loc":{"start":{"line":1,"column":35},"end":{"line":1,"column":46}}},"1":{"name":"(anonymous_1)","decl":{"start":{"line":1,"column":40},"end":{"line":1,"column":46}},"loc":{"start":{"line":1,"column":40},"end":{"line":1,"column":53}}},"2":{"name":"(anonymous_2)","decl":{"start":{"line":2,"column":25},"end":{"line":2,"column":26}},"loc":{"start":{"line":2,"column":34},"end":{"line":4,"column":1}}}},"branchMap":{"0":{"loc":{"start":{"line":3,"column":4},"end":{"line":3,"column":32}},"type":"if","locations":[{"start":{"line":3,"column":4},"end":{"line":3,"column":32}},{"start":{"line":3,"column":4},"end":{"line":3,"column":32}}]}},"s":{"0":3,"1":0,"2":0,"3":3,"4":1,"5":0},"f":{"0":0,"1":0,"2":1},"b":{"0":[0,1]}}
,"/home/sean/newsreduce/crawler/src/common/hashing.ts": {"path":"/home/sean/newsreduce/crawler/src/common/hashing.ts","statementMap":{"0":{"start":{"line":1,"column":0},"end":{"line":1,"column":28}},"1":{"start":{"line":4,"column":4},"end":{"line":4,"column":83}},"2":{"start":{"line":3,"column":0},"end":{"line":3,"column":16}},"3":{"start":{"line":8,"column":4},"end":{"line":8,"column":101}},"4":{"start":{"line":7,"column":0},"end":{"line":7,"column":16}},"5":{"start":{"line":12,"column":14},"end":{"line":12,"column":63}},"6":{"start":{"line":13,"column":12},"end":{"line":13,"column":13}},"7":{"start":{"line":14,"column":4},"end":{"line":17,"column":null}},"8":{"start":{"line":15,"column":8},"end":{"line":15,"column":25}},"9":{"start":{"line":16,"column":8},"end":{"line":16,"column":32}},"10":{"start":{"line":18,"column":4},"end":{"line":18,"column":null}},"11":{"start":{"line":11,"column":0},"end":{"line":11,"column":16}}},"fnMap":{"0":{"name":"checksum","decl":{"start":{"line":3,"column":16},"end":{"line":3,"column":24}},"loc":{"start":{"line":3,"column":51},"end":{"line":5,"column":1}}},"1":{"name":"defaultHash","decl":{"start":{"line":7,"column":16},"end":{"line":7,"column":27}},"loc":{"start":{"line":7,"column":66},"end":{"line":9,"column":1}}},"2":{"name":"integerToBytesReversed","decl":{"start":{"line":11,"column":16},"end":{"line":11,"column":38}},"loc":{"start":{"line":11,"column":48},"end":{"line":19,"column":1}}}},"branchMap":{},"s":{"0":4,"1":2,"2":4,"3":17,"4":4,"5":0,"6":0,"7":0,"8":0,"9":0,"10":0,"11":4},"f":{"0":2,"1":17,"2":0},"b":{}}
[...]
,"/home/sean/newsreduce/crawler/src/types/objects/ResourceURL.ts": {"path":"/home/sean/newsreduce/crawler/src/types/objects/ResourceURL.ts","statementMap":{"0":{"start":{"line":1,"column":0},"end":{"line":1,"column":42}},"1":{"start":{"line":2,"column":0},"end":{"line":2,"column":66}},"2":{"start":{"line":3,"column":0},"end":{"line":3,"column":64}},"3":{"start":{"line":4,"column":0},"end":{"line":4,"column":42}},"4":{"start":{"line":5,"column":0},"end":{"line":5,"column":29}},"5":{"start":{"line":6,"column":0},"end":{"line":6,"column":38}},"6":{"start":{"line":9,"column":21},"end":{"line":9,"column":27}},"7":{"start":{"line":10,"column":18},"end":{"line":10,"column":20}},"8":{"start":{"line":12,"column":0},"end":{"line":12,"column":54}},"9":{"start":{"line":12,"column":33},"end":{"line":12,"column":41}},"10":{"start":{"line":19,"column":4},"end":{"line":19,"column":16}},"11":{"start":{"line":20,"column":23},"end":{"line":20,"column":96}},"12":{"start":{"line":21,"column":8},"end":{"line":32,"column":null}},"13":{"start":{"line":22,"column":24},"end":{"line":22,"column":35}},"14":{"start":{"line":23,"column":12},"end":{"line":29,"column":15}},"15":{"start":{"line":31,"column":12},"end":{"line":31,"column":51}},"16":{"start":{"line":35,"column":4},"end":{"line":62,"column":null}},"17":{"start":{"line":36,"column":25},"end":{"line":36,"column":58}},"18":{"start":{"line":37,"column":21},"end":{"line":37,"column":36}},"19":{"start":{"line":38,"column":33},"end":{"line":38,"column":35}},"20":{"start":{"line":39,"column":8},"end":{"line":44,"column":55}},"21":{"start":{"line":40,"column":12},"end":{"line":40,"column":46}},"22":{"start":{"line":40,"column":27},"end":{"line":40,"column":46}},"23":{"start":{"line":41,"column":15},"end":{"line":44,"column":55}},"24":{"start":{"line":42,"column":12},"end":{"line":42,"column":44}},"25":{"start":{"line":42,"column":26},"end":{"line":42,"column":44}},"26":{"start":{"line":44,"column":12},"end":{"line":44,"column":55}},"27":{"start":{"line":45,"column":8},"end":{"line":45,"column":37}},"28":{"start":{"line":46,"column":8},"end":{"line":46,"column":62}},"29":{"start":{"line":47,"column":8},"end":{"line":47,"column":66}},"30":{"start":{"line":48,"column":8},"end":{"line":48,"column":67}},"31":{"start":{"line":49,"column":8},"end":{"line":49,"column":68}},"32":{"start":{"line":50,"column":8},"end":{"line":50,"column":43}},"33":{"start":{"line":51,"column":20},"end":{"line":51,"column":40}},"34":{"start":{"line":52,"column":16},"end":{"line":52,"column":17}},"35":{"start":{"line":53,"column":8},"end":{"line":53,"column":50}},"36":{"start":{"line":54,"column":8},"end":{"line":54,"column":null}},"37":{"start":{"line":55,"column":8},"end":{"line":55,"column":61}},"38":{"start":{"line":55,"column":24},"end":{"line":55,"column":61}},"39":{"start":{"line":56,"column":8},"end":{"line":56,"column":52}},"40":{"start":{"line":57,"column":8},"end":{"line":57,"column":57}},"41":{"start":{"line":58,"column":8},"end":{"line":58,"column":67}},"42":{"start":{"line":58,"column":30},"end":{"line":58,"column":67}},"43":{"start":{"line":59,"column":8},"end":{"line":59,"column":58}},"44":{"start":{"line":61,"column":8},"end":{"line":61,"column":42}},"45":{"start":{"line":64,"column":4},"end":{"line":66,"column":null}},"46":{"start":{"line":65,"column":8},"end":{"line":65,"column":30}},"47":{"start":{"line":67,"column":4},"end":{"line":69,"column":null}},"48":{"start":{"line":68,"column":8},"end":{"line":68,"column":28}},"49":{"start":{"line":70,"column":4},"end":{"line":72,"column":null}},"50":{"start":{"line":71,"column":8},"end":{"line":71,"column":62}},"51":{"start":{"line":73,"column":4},"end":{"line":75,"column":null}},"52":{"start":{"line":74,"column":8},"end":{"line":74,"column":109}},"53":{"start":{"line":76,"column":4},"end":{"line":78,"column":null}},"54":{"start":{"line":77,"column":8},"end":{"line":77,"column":29}},"55":{"start":{"line":79,"column":4},"end":{"line":81,"column":null}},"56":{"start":{"line":80,"column":8},"end":{"line":80,"column":50}},"57":{"start":{"line":82,"column":4},"end":{"line":84,"column":null}},"58":{"start":{"line":83,"column":8},"end":{"line":83,"column":76}},"59":{"start":{"line":85,"column":0},"end":{"line":85,"column":null}},"60":{"start":{"line":12,"column":13},"end":{"line":12,"column":24}}},"fnMap":{"0":{"name":"(anonymous_6)","decl":{"start":{"line":12,"column":0},"end":{"line":12,"column":13}},"loc":{"start":{"line":12,"column":0},"end":{"line":85,"column":null}}},"1":{"name":"ResourceURL","decl":{"start":{"line":19,"column":4},"end":{"line":19,"column":16}},"loc":{"start":{"line":19,"column":27},"end":{"line":33,"column":5}}},"2":{"name":"(anonymous_8)","decl":{"start":{"line":35,"column":4},"end":{"line":35,"column":9}},"loc":{"start":{"line":35,"column":4},"end":{"line":62,"column":5}}},"3":{"name":"(anonymous_9)","decl":{"start":{"line":64,"column":4},"end":{"line":64,"column":14}},"loc":{"start":{"line":64,"column":4},"end":{"line":66,"column":5}}},"4":{"name":"(anonymous_10)","decl":{"start":{"line":67,"column":4},"end":{"line":67,"column":14}},"loc":{"start":{"line":67,"column":4},"end":{"line":69,"column":5}}},"5":{"name":"(anonymous_11)","decl":{"start":{"line":70,"column":4},"end":{"line":70,"column":14}},"loc":{"start":{"line":70,"column":4},"end":{"line":72,"column":5}}},"6":{"name":"(anonymous_12)","decl":{"start":{"line":73,"column":4},"end":{"line":73,"column":19}},"loc":{"start":{"line":73,"column":4},"end":{"line":75,"column":5}}},"7":{"name":"(anonymous_13)","decl":{"start":{"line":76,"column":4},"end":{"line":76,"column":9}},"loc":{"start":{"line":76,"column":4},"end":{"line":78,"column":5}}},"8":{"name":"(anonymous_14)","decl":{"start":{"line":79,"column":4},"end":{"line":79,"column":11}},"loc":{"start":{"line":79,"column":4},"end":{"line":81,"column":5}}},"9":{"name":"(anonymous_15)","decl":{"start":{"line":82,"column":4},"end":{"line":82,"column":16}},"loc":{"start":{"line":82,"column":91},"end":{"line":84,"column":5}}}},"branchMap":{"0":{"loc":{"start":{"line":21,"column":8},"end":{"line":32,"column":null}},"type":"if","locations":[{"start":{"line":21,"column":8},"end":{"line":32,"column":null}},{"start":{"line":21,"column":8},"end":{"line":32,"column":null}}]},"1":{"loc":{"start":{"line":23,"column":12},"end":{"line":29,"column":14}},"type":"binary-expr","locations":[{"start":{"line":23,"column":12},"end":{"line":29,"column":14}},{"start":{"line":29,"column":14},"end":{"line":29,"column":15}}]},"2":{"loc":{"start":{"line":26,"column":34},"end":{"line":26,"column":63}},"type":"cond-expr","locations":[{"start":{"line":26,"column":34},"end":{"line":26,"column":63}},{"start":{"line":26,"column":66},"end":{"line":26,"column":80}}]},"3":{"loc":{"start":{"line":26,"column":72},"end":{"line":26,"column":75}},"type":"cond-expr","locations":[{"start":{"line":26,"column":72},"end":{"line":26,"column":75}},{"start":{"line":26,"column":78},"end":{"line":26,"column":80}}]},"4":{"loc":{"start":{"line":27,"column":63},"end":{"line":27,"column":72}},"type":"cond-expr","locations":[{"start":{"line":27,"column":63},"end":{"line":27,"column":72}},{"start":{"line":27,"column":75},"end":{"line":27,"column":77}}]},"5":{"loc":{"start":{"line":28,"column":65},"end":{"line":28,"column":84}},"type":"cond-expr","locations":[{"start":{"line":28,"column":65},"end":{"line":28,"column":84}},{"start":{"line":28,"column":87},"end":{"line":28,"column":89}}]},"6":{"loc":{"start":{"line":36,"column":36},"end":{"line":36,"column":46}},"type":"cond-expr","locations":[{"start":{"line":36,"column":36},"end":{"line":36,"column":46}},{"start":{"line":36,"column":49},"end":{"line":36,"column":58}}]},"7":{"loc":{"start":{"line":39,"column":8},"end":{"line":44,"column":55}},"type":"if","locations":[{"start":{"line":39,"column":8},"end":{"line":44,"column":55}},{"start":{"line":39,"column":8},"end":{"line":44,"column":55}}]},"8":{"loc":{"start":{"line":40,"column":12},"end":{"line":40,"column":46}},"type":"if","locations":[{"start":{"line":40,"column":12},"end":{"line":40,"column":46}},{"start":{"line":40,"column":12},"end":{"line":40,"column":46}}]},"9":{"loc":{"start":{"line":41,"column":15},"end":{"line":44,"column":55}},"type":"if","locations":[{"start":{"line":41,"column":15},"end":{"line":44,"column":55}},{"start":{"line":41,"column":15},"end":{"line":44,"column":55}}]},"10":{"loc":{"start":{"line":42,"column":12},"end":{"line":42,"column":44}},"type":"if","locations":[{"start":{"line":42,"column":12},"end":{"line":42,"column":44}},{"start":{"line":42,"column":12},"end":{"line":42,"column":44}}]},"11":{"loc":{"start":{"line":45,"column":31},"end":{"line":45,"column":32}},"type":"cond-expr","locations":[{"start":{"line":45,"column":31},"end":{"line":45,"column":32}},{"start":{"line":45,"column":35},"end":{"line":45,"column":36}}]},"12":{"loc":{"start":{"line":50,"column":37},"end":{"line":50,"column":38}},"type":"cond-expr","locations":[{"start":{"line":50,"column":37},"end":{"line":50,"column":38}},{"start":{"line":50,"column":41},"end":{"line":50,"column":42}}]},"13":{"loc":{"start":{"line":55,"column":8},"end":{"line":55,"column":61}},"type":"if","locations":[{"start":{"line":55,"column":8},"end":{"line":55,"column":61}},{"start":{"line":55,"column":8},"end":{"line":55,"column":61}}]},"14":{"loc":{"start":{"line":58,"column":8},"end":{"line":58,"column":67}},"type":"if","locations":[{"start":{"line":58,"column":8},"end":{"line":58,"column":67}},{"start":{"line":58,"column":8},"end":{"line":58,"column":67}}]}},"s":{"0":3,"1":3,"2":3,"3":3,"4":3,"5":3,"6":3,"7":3,"8":3,"9":3,"10":13,"11":13,"12":13,"13":13,"14":13,"15":0,"16":3,"17":15,"18":15,"19":15,"20":15,"21":4,"22":0,"23":11,"24":0,"25":0,"26":11,"27":15,"28":15,"29":15,"30":15,"31":15,"32":15,"33":15,"34":15,"35":15,"36":15,"37":15,"38":11,"39":15,"40":15,"41":15,"42":0,"43":15,"44":15,"45":3,"46":4,"47":3,"48":4,"49":3,"50":2,"51":3,"52":2,"53":3,"54":2,"55":3,"56":2,"57":3,"58":0,"59":3,"60":3},"f":{"0":3,"1":13,"2":15,"3":4,"4":4,"5":2,"6":2,"7":2,"8":2,"9":0},"b":{"0":[13,0],"1":[13,13],"2":[11,2],"3":[2,0],"4":[2,11],"5":[0,13],"6":[4,11],"7":[4,11],"8":[0,4],"9":[0,11],"10":[0,0],"11":[11,4],"12":[0,15],"13":[11,4],"14":[0,15]}}
,"/home/sean/newsreduce/crawler/src/types/objects/ResourceURLPath.ts": {"path":"/home/sean/newsreduce/crawler/src/types/objects/ResourceURLPath.ts","statementMap":{"0":{"start":{"line":1,"column":0},"end":{"line":1,"column":42}},"1":{"start":{"line":3,"column":0},"end":{"line":3,"column":62}},"2":{"start":{"line":3,"column":37},"end":{"line":3,"column":45}},"3":{"start":{"line":6,"column":4},"end":{"line":8,"column":null}},"4":{"start":{"line":7,"column":8},"end":{"line":7,"column":35}},"5":{"start":{"line":9,"column":4},"end":{"line":11,"column":null}},"6":{"start":{"line":10,"column":8},"end":{"line":10,"column":26}},"7":{"start":{"line":12,"column":4},"end":{"line":14,"column":null}},"8":{"start":{"line":13,"column":8},"end":{"line":13,"column":31}},"9":{"start":{"line":15,"column":4},"end":{"line":17,"column":null}},"10":{"start":{"line":16,"column":8},"end":{"line":16,"column":42}},"11":{"start":{"line":18,"column":4},"end":{"line":20,"column":null}},"12":{"start":{"line":19,"column":8},"end":{"line":19,"column":33}},"13":{"start":{"line":21,"column":0},"end":{"line":21,"column":null}},"14":{"start":{"line":3,"column":13},"end":{"line":3,"column":28}}},"fnMap":{"0":{"name":"(anonymous_6)","decl":{"start":{"line":3,"column":0},"end":{"line":3,"column":13}},"loc":{"start":{"line":3,"column":0},"end":{"line":21,"column":null}}},"1":{"name":"(anonymous_8)","decl":{"start":{"line":6,"column":4},"end":{"line":6,"column":14}},"loc":{"start":{"line":6,"column":4},"end":{"line":8,"column":5}}},"2":{"name":"(anonymous_9)","decl":{"start":{"line":9,"column":4},"end":{"line":9,"column":14}},"loc":{"start":{"line":9,"column":4},"end":{"line":11,"column":5}}},"3":{"name":"(anonymous_10)","decl":{"start":{"line":12,"column":4},"end":{"line":12,"column":14}},"loc":{"start":{"line":12,"column":4},"end":{"line":14,"column":5}}},"4":{"name":"(anonymous_11)","decl":{"start":{"line":15,"column":4},"end":{"line":15,"column":19}},"loc":{"start":{"line":15,"column":4},"end":{"line":17,"column":5}}},"5":{"name":"(anonymous_12)","decl":{"start":{"line":18,"column":4},"end":{"line":18,"column":9}},"loc":{"start":{"line":18,"column":4},"end":{"line":20,"column":5}}}},"branchMap":{},"s":{"0":3,"1":3,"2":3,"3":3,"4":4,"5":3,"6":4,"7":3,"8":2,"9":3,"10":2,"11":3,"12":2,"13":3,"14":3},"f":{"0":16,"1":4,"2":4,"3":2,"4":2,"5":2},"b":{}}
,"/home/sean/newsreduce/crawler/src/types/objects/ResourceURLQuery.ts": {"path":"/home/sean/newsreduce/crawler/src/types/objects/ResourceURLQuery.ts","statementMap":{"0":{"start":{"line":1,"column":0},"end":{"line":1,"column":48}},"1":{"start":{"line":3,"column":0},"end":{"line":3,"column":64}},"2":{"start":{"line":3,"column":38},"end":{"line":3,"column":46}},"3":{"start":{"line":6,"column":4},"end":{"line":8,"column":null}},"4":{"start":{"line":7,"column":8},"end":{"line":7,"column":31}},"5":{"start":{"line":9,"column":4},"end":{"line":11,"column":null}},"6":{"start":{"line":10,"column":8},"end":{"line":10,"column":42}},"7":{"start":{"line":12,"column":4},"end":{"line":14,"column":null}},"8":{"start":{"line":13,"column":8},"end":{"line":13,"column":34}},"9":{"start":{"line":15,"column":4},"end":{"line":17,"column":null}},"10":{"start":{"line":16,"column":8},"end":{"line":16,"column":36}},"11":{"start":{"line":18,"column":4},"end":{"line":20,"column":null}},"12":{"start":{"line":19,"column":8},"end":{"line":19,"column":26}},"13":{"start":{"line":21,"column":0},"end":{"line":21,"column":null}},"14":{"start":{"line":3,"column":13},"end":{"line":3,"column":29}}},"fnMap":{"0":{"name":"(anonymous_6)","decl":{"start":{"line":3,"column":0},"end":{"line":3,"column":13}},"loc":{"start":{"line":3,"column":0},"end":{"line":21,"column":null}}},"1":{"name":"(anonymous_8)","decl":{"start":{"line":6,"column":4},"end":{"line":6,"column":14}},"loc":{"start":{"line":6,"column":4},"end":{"line":8,"column":5}}},"2":{"name":"(anonymous_9)","decl":{"start":{"line":9,"column":4},"end":{"line":9,"column":19}},"loc":{"start":{"line":9,"column":4},"end":{"line":11,"column":5}}},"3":{"name":"(anonymous_10)","decl":{"start":{"line":12,"column":4},"end":{"line":12,"column":9}},"loc":{"start":{"line":12,"column":4},"end":{"line":14,"column":5}}},"4":{"name":"(anonymous_11)","decl":{"start":{"line":15,"column":4},"end":{"line":15,"column":14}},"loc":{"start":{"line":15,"column":4},"end":{"line":17,"column":5}}},"5":{"name":"(anonymous_12)","decl":{"start":{"line":18,"column":4},"end":{"line":18,"column":14}},"loc":{"start":{"line":18,"column":4},"end":{"line":20,"column":5}}}},"branchMap":{},"s":{"0":3,"1":3,"2":3,"3":3,"4":2,"5":3,"6":2,"7":3,"8":2,"9":3,"10":4,"11":3,"12":4,"13":3,"14":3},"f":{"0":16,"1":2,"2":2,"3":2,"4":4,"5":4},"b":{}}
,"/home/sean/newsreduce/crawler/src/types/objects/Word.ts": {"path":"/home/sean/newsreduce/crawler/src/types/objects/Word.ts","statementMap":{"0":{"start":{"line":1,"column":0},"end":{"line":1,"column":42}},"1":{"start":{"line":3,"column":0},"end":{"line":3,"column":40}},"2":{"start":{"line":3,"column":26},"end":{"line":3,"column":34}},"3":{"start":{"line":6,"column":4},"end":{"line":6,"column":16}},"4":{"start":{"line":7,"column":8},"end":{"line":7,"column":36}},"5":{"start":{"line":7,"column":19},"end":{"line":7,"column":36}},"6":{"start":{"line":10,"column":4},"end":{"line":12,"column":null}},"7":{"start":{"line":11,"column":8},"end":{"line":11,"column":22}},"8":{"start":{"line":13,"column":4},"end":{"line":15,"column":null}},"9":{"start":{"line":14,"column":8},"end":{"line":14,"column":26}},"10":{"start":{"line":16,"column":4},"end":{"line":18,"column":null}},"11":{"start":{"line":17,"column":8},"end":{"line":17,"column":31}},"12":{"start":{"line":19,"column":4},"end":{"line":21,"column":null}},"13":{"start":{"line":20,"column":8},"end":{"line":20,"column":42}},"14":{"start":{"line":22,"column":4},"end":{"line":24,"column":null}},"15":{"start":{"line":23,"column":8},"end":{"line":23,"column":22}},"16":{"start":{"line":25,"column":4},"end":{"line":27,"column":null}},"17":{"start":{"line":26,"column":8},"end":{"line":26,"column":26}},"18":{"start":{"line":28,"column":0},"end":{"line":28,"column":null}},"19":{"start":{"line":3,"column":13},"end":{"line":3,"column":17}}},"fnMap":{"0":{"name":"(anonymous_6)","decl":{"start":{"line":3,"column":0},"end":{"line":3,"column":13}},"loc":{"start":{"line":3,"column":0},"end":{"line":28,"column":null}}},"1":{"name":"Word","decl":{"start":{"line":6,"column":4},"end":{"line":6,"column":16}},"loc":{"start":{"line":6,"column":30},"end":{"line":8,"column":5}}},"2":{"name":"(anonymous_8)","decl":{"start":{"line":10,"column":4},"end":{"line":10,"column":14}},"loc":{"start":{"line":10,"column":4},"end":{"line":12,"column":5}}},"3":{"name":"(anonymous_9)","decl":{"start":{"line":13,"column":4},"end":{"line":13,"column":14}},"loc":{"start":{"line":13,"column":4},"end":{"line":15,"column":5}}},"4":{"name":"(anonymous_10)","decl":{"start":{"line":16,"column":4},"end":{"line":16,"column":14}},"loc":{"start":{"line":16,"column":4},"end":{"line":18,"column":5}}},"5":{"name":"(anonymous_11)","decl":{"start":{"line":19,"column":4},"end":{"line":19,"column":19}},"loc":{"start":{"line":19,"column":4},"end":{"line":21,"column":5}}},"6":{"name":"(anonymous_12)","decl":{"start":{"line":22,"column":4},"end":{"line":22,"column":9}},"loc":{"start":{"line":22,"column":4},"end":{"line":24,"column":5}}},"7":{"name":"(anonymous_13)","decl":{"start":{"line":25,"column":4},"end":{"line":25,"column":9}},"loc":{"start":{"line":25,"column":4},"end":{"line":27,"column":5}}}},"branchMap":{"0":{"loc":{"start":{"line":7,"column":8},"end":{"line":7,"column":36}},"type":"if","locations":[{"start":{"line":7,"column":8},"end":{"line":7,"column":36}},{"start":{"line":7,"column":8},"end":{"line":7,"column":36}}]},"1":{"loc":{"start":{"line":7,"column":19},"end":{"line":7,"column":35}},"type":"binary-expr","locations":[{"start":{"line":7,"column":19},"end":{"line":7,"column":35}},{"start":{"line":7,"column":35},"end":{"line":7,"column":36}}]}},"s":{"0":1,"1":1,"2":1,"3":1,"4":1,"5":1,"6":1,"7":1,"8":1,"9":1,"10":1,"11":1,"12":1,"13":1,"14":1,"15":1,"16":1,"17":0,"18":1,"19":1},"f":{"0":1,"1":1,"2":1,"3":1,"4":1,"5":1,"6":1,"7":0},"b":{"0":[1,0],"1":[1,1]}}
}
