TN:
SF:src/data.ts
FN:9,genericSQLPromise
FN:10,(anonymous_17)
FN:10,(anonymous_18)
FN:11,(anonymous_20)
FN:24,processWikiCategories
FN:31,deleteLegacyWikiCategories
FN:35,processWikiPages
FN:38,(anonymous_24)
FN:42,selectHeadersForResource
FN:43,(anonymous_26)
FN:43,(anonymous_27)
FN:44,(anonymous_29)
FN:46,(anonymous_30)
FN:51,deleteLegacyHeaders
FN:57,selectPreSchedule
FN:59,(anonymous_33)
FN:61,selectTables
FN:62,(anonymous_35)
FN:62,(anonymous_36)
FN:64,(anonymous_38)
FN:66,(anonymous_39)
FN:70,truncateTable
FN:71,(anonymous_41)
FN:71,(anonymous_42)
FN:73,(anonymous_44)
FN:79,truncateAllTables
FN:80,(anonymous_46)
FN:81,(anonymous_47)
FN:89,truncateTables
FN:95,schedule
FN:98,(anonymous_51)
FN:100,(anonymous_52)
FN:109,processResourceLinks
FN:115,getRedisKeys
FN:116,(anonymous_57)
FN:116,(anonymous_58)
FN:125,crawlAllowed
FN:126,(anonymous_62)
FN:126,(anonymous_63)
FN:131,throttle
FN:135,popURL
FN:136,(anonymous_68)
FN:136,(anonymous_69)
FNF:43
FNH:14
FNDA:1,genericSQLPromise
FNDA:1,(anonymous_17)
FNDA:1,(anonymous_18)
FNDA:0,(anonymous_20)
FNDA:0,processWikiCategories
FNDA:0,deleteLegacyWikiCategories
FNDA:0,processWikiPages
FNDA:0,(anonymous_24)
FNDA:0,selectHeadersForResource
FNDA:0,(anonymous_26)
FNDA:0,(anonymous_27)
FNDA:0,(anonymous_29)
FNDA:0,(anonymous_30)
FNDA:0,deleteLegacyHeaders
FNDA:1,selectPreSchedule
FNDA:0,(anonymous_33)
FNDA:0,selectTables
FNDA:0,(anonymous_35)
FNDA:0,(anonymous_36)
FNDA:0,(anonymous_38)
FNDA:0,(anonymous_39)
FNDA:0,truncateTable
FNDA:0,(anonymous_41)
FNDA:0,(anonymous_42)
FNDA:0,(anonymous_44)
FNDA:0,truncateAllTables
FNDA:0,(anonymous_46)
FNDA:0,(anonymous_47)
FNDA:0,truncateTables
FNDA:1,schedule
FNDA:1,(anonymous_51)
FNDA:1,(anonymous_52)
FNDA:0,processResourceLinks
FNDA:0,getRedisKeys
FNDA:0,(anonymous_57)
FNDA:0,(anonymous_58)
FNDA:3,crawlAllowed
FNDA:3,(anonymous_62)
FNDA:3,(anonymous_63)
FNDA:1,throttle
FNDA:1,popURL
FNDA:1,(anonymous_68)
FNDA:1,(anonymous_69)
DA:1,3
DA:2,3
DA:3,3
DA:5,3
DA:6,3
DA:7,3
DA:9,1
DA:10,1
DA:11,1
DA:12,0
DA:13,0
DA:14,0
DA:16,0
DA:17,0
DA:20,0
DA:24,3
DA:25,0
DA:26,0
DA:27,0
DA:28,0
DA:31,3
DA:32,0
DA:33,0
DA:35,3
DA:36,0
DA:37,0
DA:38,0
DA:39,0
DA:42,3
DA:43,0
DA:44,0
DA:45,0
DA:46,0
DA:51,3
DA:52,0
DA:53,0
DA:54,0
DA:57,3
DA:58,1
DA:59,1
DA:61,3
DA:62,0
DA:63,0
DA:64,0
DA:65,0
DA:66,0
DA:70,3
DA:71,0
DA:72,0
DA:73,0
DA:74,0
DA:75,0
DA:79,3
DA:80,0
DA:81,0
DA:82,0
DA:83,0
DA:84,0
DA:85,0
DA:89,3
DA:90,0
DA:91,0
DA:92,0
DA:93,0
DA:95,3
DA:96,1
DA:97,1
DA:98,1
DA:99,1
DA:100,1
DA:101,1
DA:102,1
DA:107,1
DA:109,3
DA:110,0
DA:111,0
DA:114,3
DA:115,3
DA:116,0
DA:117,0
DA:118,0
DA:119,0
DA:120,0
DA:124,3
DA:125,3
DA:126,3
DA:128,3
DA:131,3
DA:132,1
DA:135,3
DA:136,1
DA:137,1
DA:138,0
DA:139,0
DA:140,1
DA:141,1
DA:143,0
LF:97
LH:44
BRDA:11,0,0,1
BRDA:12,1,0,0
BRDA:12,1,1,0
BRDA:16,2,0,0
BRDA:16,2,1,0
BRDA:25,3,0,0
BRDA:25,3,1,0
BRDA:36,4,0,0
BRDA:36,4,1,0
BRDA:44,5,0,0
BRDA:45,6,0,0
BRDA:45,6,1,0
BRDA:65,7,0,0
BRDA:65,7,1,0
BRDA:74,8,0,0
BRDA:74,8,1,0
BRDA:101,9,0,0
BRDA:101,9,1,1
BRDA:116,10,0,0
BRDA:116,10,1,0
BRDA:117,11,0,0
BRDA:117,11,1,0
BRDA:126,12,0,3
BRDA:126,13,0,0
BRDA:126,13,1,3
BRDA:136,14,0,1
BRDA:136,14,1,1
BRDA:137,15,0,0
BRDA:137,15,1,1
BRDA:140,16,0,1
BRDA:140,16,1,0
BRDA:140,17,0,1
BRDA:140,17,1,1
BRF:33
BRH:10
end_of_record
TN:
SF:src/file.ts
FN:19,entityIDs
FN:20,(anonymous_19)
FN:21,(anonymous_20)
FN:23,(anonymous_21)
FN:41,spawnSequence
FN:51,(anonymous_23)
FN:52,(anonymous_24)
FN:67,safeMkdir
FN:68,(anonymous_26)
FN:69,(anonymous_27)
FN:76,beforeFileWrite
FN:83,afterFileWrite
FN:95,(anonymous_34)
FN:107,(anonymous_35)
FN:118,write
FN:132,writeFileFromStream
FN:133,(anonymous_38)
FN:133,(anonymous_39)
FN:140,(anonymous_41)
FN:144,(anonymous_42)
FN:146,(anonymous_43)
FN:151,writeFileFromString
FN:152,(anonymous_45)
FN:152,(anonymous_46)
FN:157,(anonymous_48)
FN:160,(anonymous_49)
FN:166,allVersions
FN:167,(anonymous_51)
FN:168,(anonymous_52)
FN:173,(anonymous_53)
FN:177,(anonymous_54)
FN:181,(anonymous_55)
FN:182,(anonymous_56)
FN:183,(anonymous_57)
FN:187,(anonymous_58)
FN:188,(anonymous_59)
FN:203,versions
FN:204,(anonymous_61)
FN:205,(anonymous_62)
FN:209,(anonymous_63)
FN:213,(anonymous_64)
FN:214,(anonymous_65)
FN:219,(anonymous_66)
FN:220,(anonymous_67)
FN:230,formats
FN:231,(anonymous_69)
FN:232,(anonymous_70)
FN:236,(anonymous_71)
FN:240,(anonymous_72)
FN:241,(anonymous_73)
FN:246,(anonymous_74)
FN:247,(anonymous_75)
FN:257,read
FN:258,(anonymous_77)
FN:259,(anonymous_78)
FN:264,(anonymous_79)
FN:266,(anonymous_80)
FN:267,(anonymous_81)
FN:276,readLatestVersion
FN:277,(anonymous_83)
FN:278,(anonymous_84)
FN:279,(anonymous_85)
FN:288,parseHitFile
FN:308,mvNoReplace
FN:315,main
FN:318,(anonymous_89)
FN:320,(anonymous_90)
FN:321,(anonymous_91)
FN:321,(anonymous_92)
FN:324,(anonymous_94)
FN:325,(anonymous_95)
FN:342,(anonymous_98)
FN:348,(anonymous_99)
FN:350,(anonymous_100)
FNF:74
FNH:0
FNDA:0,entityIDs
FNDA:0,(anonymous_19)
FNDA:0,(anonymous_20)
FNDA:0,(anonymous_21)
FNDA:0,spawnSequence
FNDA:0,(anonymous_23)
FNDA:0,(anonymous_24)
FNDA:0,safeMkdir
FNDA:0,(anonymous_26)
FNDA:0,(anonymous_27)
FNDA:0,beforeFileWrite
FNDA:0,afterFileWrite
FNDA:0,(anonymous_34)
FNDA:0,(anonymous_35)
FNDA:0,write
FNDA:0,writeFileFromStream
FNDA:0,(anonymous_38)
FNDA:0,(anonymous_39)
FNDA:0,(anonymous_41)
FNDA:0,(anonymous_42)
FNDA:0,(anonymous_43)
FNDA:0,writeFileFromString
FNDA:0,(anonymous_45)
FNDA:0,(anonymous_46)
FNDA:0,(anonymous_48)
FNDA:0,(anonymous_49)
FNDA:0,allVersions
FNDA:0,(anonymous_51)
FNDA:0,(anonymous_52)
FNDA:0,(anonymous_53)
FNDA:0,(anonymous_54)
FNDA:0,(anonymous_55)
FNDA:0,(anonymous_56)
FNDA:0,(anonymous_57)
FNDA:0,(anonymous_58)
FNDA:0,(anonymous_59)
FNDA:0,versions
FNDA:0,(anonymous_61)
FNDA:0,(anonymous_62)
FNDA:0,(anonymous_63)
FNDA:0,(anonymous_64)
FNDA:0,(anonymous_65)
FNDA:0,(anonymous_66)
FNDA:0,(anonymous_67)
FNDA:0,formats
FNDA:0,(anonymous_69)
FNDA:0,(anonymous_70)
FNDA:0,(anonymous_71)
FNDA:0,(anonymous_72)
FNDA:0,(anonymous_73)
FNDA:0,(anonymous_74)
FNDA:0,(anonymous_75)
FNDA:0,read
FNDA:0,(anonymous_77)
FNDA:0,(anonymous_78)
FNDA:0,(anonymous_79)
FNDA:0,(anonymous_80)
FNDA:0,(anonymous_81)
FNDA:0,readLatestVersion
FNDA:0,(anonymous_83)
FNDA:0,(anonymous_84)
FNDA:0,(anonymous_85)
FNDA:0,parseHitFile
FNDA:0,mvNoReplace
FNDA:0,main
FNDA:0,(anonymous_89)
FNDA:0,(anonymous_90)
FNDA:0,(anonymous_91)
FNDA:0,(anonymous_92)
FNDA:0,(anonymous_94)
FNDA:0,(anonymous_95)
FNDA:0,(anonymous_98)
FNDA:0,(anonymous_99)
FNDA:0,(anonymous_100)
DA:1,3
DA:2,3
DA:3,3
DA:4,3
DA:5,3
DA:6,3
DA:7,3
DA:9,3
DA:10,3
DA:11,3
DA:12,3
DA:13,3
DA:14,3
DA:15,3
DA:16,3
DA:17,3
DA:19,3
DA:20,0
DA:21,0
DA:22,0
DA:23,0
DA:24,0
DA:26,0
DA:27,0
DA:28,0
DA:29,0
DA:30,0
DA:31,0
DA:34,0
DA:42,0
DA:44,0
DA:45,0
DA:46,0
DA:48,0
DA:49,0
DA:50,0
DA:51,0
DA:52,0
DA:53,0
DA:55,0
DA:56,0
DA:58,0
DA:59,0
DA:60,0
DA:61,0
DA:67,3
DA:68,0
DA:69,0
DA:70,0
DA:71,0
DA:77,0
DA:78,0
DA:80,0
DA:84,0
DA:85,0
DA:86,0
DA:87,0
DA:88,0
DA:89,0
DA:90,0
DA:91,0
DA:92,0
DA:93,0
DA:94,0
DA:95,0
DA:96,0
DA:97,0
DA:99,0
DA:107,0
DA:108,0
DA:118,3
DA:125,0
DA:126,0
DA:128,0
DA:132,0
DA:133,0
DA:134,0
DA:135,0
DA:136,0
DA:138,0
DA:139,0
DA:140,0
DA:141,0
DA:142,0
DA:144,0
DA:146,0
DA:151,0
DA:152,0
DA:153,0
DA:154,0
DA:155,0
DA:156,0
DA:157,0
DA:158,0
DA:160,0
DA:166,3
DA:167,0
DA:168,0
DA:169,0
DA:170,0
DA:171,0
DA:172,0
DA:173,0
DA:174,0
DA:175,0
DA:177,0
DA:178,0
DA:181,0
DA:182,0
DA:183,0
DA:184,0
DA:186,0
DA:187,0
DA:188,0
DA:189,0
DA:191,0
DA:192,0
DA:194,0
DA:195,0
DA:196,0
DA:203,3
DA:204,0
DA:205,0
DA:206,0
DA:207,0
DA:208,0
DA:209,0
DA:210,0
DA:213,0
DA:214,0
DA:215,0
DA:218,0
DA:219,0
DA:220,0
DA:221,0
DA:222,0
DA:223,0
DA:230,3
DA:231,0
DA:232,0
DA:233,0
DA:234,0
DA:235,0
DA:236,0
DA:237,0
DA:240,0
DA:241,0
DA:242,0
DA:245,0
DA:246,0
DA:247,0
DA:248,0
DA:249,0
DA:250,0
DA:257,3
DA:258,0
DA:259,0
DA:260,0
DA:261,0
DA:262,0
DA:263,0
DA:264,0
DA:265,0
DA:266,0
DA:267,0
DA:268,0
DA:269,0
DA:270,0
DA:276,3
DA:277,0
DA:278,0
DA:279,0
DA:280,0
DA:282,0
DA:283,0
DA:288,3
DA:289,0
DA:290,0
DA:291,0
DA:292,0
DA:293,0
DA:294,0
DA:295,0
DA:296,0
DA:297,0
DA:298,0
DA:299,0
DA:301,0
DA:302,0
DA:305,0
DA:309,0
DA:310,0
DA:312,0
DA:315,0
DA:316,0
DA:317,0
DA:318,0
DA:319,0
DA:320,0
DA:321,0
DA:322,0
DA:323,0
DA:324,0
DA:325,0
DA:330,0
DA:331,0
DA:332,0
DA:333,0
DA:334,0
DA:335,0
DA:336,0
DA:337,0
DA:338,0
DA:339,0
DA:340,0
DA:341,0
DA:342,0
DA:343,0
DA:348,0
DA:350,0
DA:351,0
DA:361,0
LF:222
LH:25
BRDA:24,0,0,0
BRDA:24,0,1,0
BRDA:29,1,0,0
BRDA:29,1,1,0
BRDA:42,2,0,0
BRDA:42,2,1,0
BRDA:48,3,0,0
BRDA:48,3,1,0
BRDA:54,4,0,0
BRDA:54,4,1,0
BRDA:70,5,0,0
BRDA:70,5,1,0
BRDA:77,6,0,0
BRDA:84,7,0,0
BRDA:96,8,0,0
BRDA:96,8,1,0
BRDA:125,9,0,0
BRDA:125,9,1,0
BRDA:125,10,0,0
BRDA:125,10,1,0
BRDA:134,11,0,0
BRDA:153,12,0,0
BRDA:158,13,0,0
BRDA:158,13,1,0
BRDA:190,14,0,0
BRDA:190,14,1,0
BRDA:222,15,0,0
BRDA:222,15,1,0
BRDA:249,16,0,0
BRDA:249,16,1,0
BRDA:269,17,0,0
BRDA:269,17,1,0
BRDA:280,18,0,0
BRDA:280,18,1,0
BRDA:280,19,0,0
BRDA:280,19,1,0
BRDA:310,20,0,0
BRDA:310,20,1,0
BRDA:323,21,0,0
BRDA:335,22,0,0
BRDA:335,22,1,0
BRF:41
BRH:0
end_of_record
TN:
SF:src/sql.ts
FNF:0
FNH:0
DA:1,3
LF:1
LH:1
BRF:0
BRH:0
end_of_record
TN:
SF:src/common/config.ts
FN:13,projectDir
FN:15,(anonymous_15)
FN:21,varDirPromise
FN:23,(anonymous_19)
FN:24,(anonymous_20)
FN:28,(anonymous_21)
FN:36,blobDirPromise
FN:37,(anonymous_25)
FN:39,(anonymous_26)
FN:43,(anonymous_27)
FN:52,myIP
FNF:11
FNH:3
FNDA:0,projectDir
FNDA:0,(anonymous_15)
FNDA:29,varDirPromise
FNDA:29,(anonymous_19)
FNDA:29,(anonymous_20)
FNDA:0,(anonymous_21)
FNDA:0,blobDirPromise
FNDA:0,(anonymous_25)
FNDA:0,(anonymous_26)
FNDA:0,(anonymous_27)
FNDA:0,myIP
DA:1,10
DA:2,10
DA:3,10
DA:4,10
DA:5,10
DA:7,10
DA:8,0
DA:11,10
DA:13,10
DA:14,0
DA:15,0
DA:18,0
DA:21,10
DA:22,29
DA:23,29
DA:24,29
DA:25,29
DA:26,29
DA:28,0
DA:29,0
DA:30,0
DA:36,10
DA:37,0
DA:38,0
DA:39,0
DA:40,0
DA:41,0
DA:43,0
DA:44,0
DA:45,0
DA:52,10
DA:53,0
LF:32
LH:16
BRDA:7,0,0,0
BRDA:7,0,1,10
BRDA:14,1,0,0
BRDA:14,1,1,0
BRDA:25,2,0,29
BRDA:25,2,1,0
BRDA:29,3,0,0
BRDA:29,3,1,0
BRDA:40,4,0,0
BRDA:40,4,1,0
BRDA:44,5,0,0
BRDA:44,5,1,0
BRF:12
BRH:2
end_of_record
TN:
SF:src/common/connections.ts
FN:56,getParams
FN:59,(anonymous_19)
FN:66,db
FN:82,renewRedis
FN:93,newRedis
FNF:5
FNH:5
FNDA:11,getParams
FNDA:10,(anonymous_19)
FNDA:11,db
FNDA:9,renewRedis
FNDA:19,newRedis
DA:1,9
DA:2,9
DA:3,9
DA:4,9
DA:6,9
DA:7,9
DA:8,9
DA:10,9
DA:43,9
DA:45,9
DA:55,9
DA:56,9
DA:57,11
DA:58,11
DA:59,11
DA:62,10
DA:65,9
DA:66,9
DA:67,12
DA:68,10
DA:69,10
DA:70,9
DA:71,9
DA:74,10
DA:81,9
DA:82,9
DA:84,9
DA:86,5
DA:87,5
DA:90,9
DA:93,9
DA:94,19
DA:95,19
DA:96,0
DA:101,0
DA:103,19
LF:36
LH:34
BRDA:62,0,0,10
BRDA:57,1,0,0
BRDA:57,1,1,11
BRDA:74,2,0,10
BRDA:67,3,0,1
BRDA:67,3,1,10
BRDA:84,4,0,4
BRDA:84,4,1,5
BRDA:95,5,0,0
BRDA:95,5,1,19
BRF:10
BRH:8
end_of_record
TN:
SF:src/common/events.ts
FNF:0
FNH:0
DA:1,3
DA:2,3
DA:3,3
DA:4,3
DA:6,3
DA:7,3
DA:8,3
DA:9,3
DA:10,3
DA:11,3
LF:10
LH:10
BRF:0
BRH:0
end_of_record
TN:
SF:src/common/fs.ts
FN:5,deleteIfChecksumMatches
FNF:1
FNH:1
FNDA:1,deleteIfChecksumMatches
DA:1,1
DA:2,1
DA:3,1
DA:5,1
DA:6,1
DA:7,1
DA:8,1
DA:9,1
DA:10,1
DA:11,1
DA:13,0
LF:11
LH:10
BRDA:7,0,0,1
BRDA:7,0,1,0
BRDA:10,1,0,1
BRDA:10,1,1,0
BRF:4
BRH:2
end_of_record
TN:
SF:src/common/functional.ts
FN:1,(anonymous_0)
FN:1,(anonymous_1)
FN:2,(anonymous_2)
FNF:3
FNH:1
FNDA:0,(anonymous_0)
FNDA:0,(anonymous_1)
FNDA:1,(anonymous_2)
DA:1,3
DA:2,3
DA:3,1
LF:3
LH:3
BRDA:3,0,0,0
BRDA:3,0,1,1
BRF:2
BRH:1
end_of_record
TN:
SF:src/common/hashing.ts
FN:3,checksum
FN:7,defaultHash
FN:11,integerToBytesReversed
FNF:3
FNH:2
FNDA:2,checksum
FNDA:17,defaultHash
FNDA:0,integerToBytesReversed
DA:1,4
DA:3,4
DA:4,2
DA:7,4
DA:8,17
DA:11,4
DA:12,0
DA:13,0
DA:14,0
DA:15,0
DA:16,0
DA:18,0
LF:12
LH:6
BRF:0
BRH:0
end_of_record
TN:
SF:src/common/logging.ts
FN:4,log
FNF:1
FNH:1
FNDA:29,log
DA:1,10
DA:2,10
DA:4,87
DA:5,29
DA:6,29
DA:7,29
DA:8,29
LF:7
LH:7
BRF:0
BRH:0
end_of_record
TN:
SF:src/common/processor.ts
FN:8,synchronised
FN:11,(anonymous_17)
FN:17,startProcessor
FN:20,(anonymous_19)
FN:25,(anonymous_20)
FN:29,(anonymous_21)
FNF:6
FNH:4
FNDA:4,synchronised
FNDA:3,(anonymous_17)
FNDA:3,startProcessor
FNDA:0,(anonymous_19)
FNDA:8,(anonymous_20)
FNDA:0,(anonymous_21)
DA:1,3
DA:2,3
DA:3,3
DA:4,3
DA:5,3
DA:7,3
DA:9,4
DA:10,3
DA:11,3
DA:12,3
DA:13,3
DA:17,6
DA:18,3
DA:19,3
DA:20,3
DA:21,0
DA:23,3
DA:24,3
DA:25,3
DA:26,8
DA:27,4
DA:29,3
DA:30,0
DA:31,0
DA:32,0
DA:33,0
DA:34,0
DA:35,0
DA:36,0
DA:37,0
DA:38,0
DA:41,3
LF:32
LH:22
BRDA:9,0,0,1
BRDA:9,0,1,3
BRDA:21,1,0,0
BRDA:21,1,1,0
BRDA:26,2,0,4
BRDA:26,2,1,4
BRDA:30,3,0,0
BRDA:32,4,0,0
BRDA:32,4,1,0
BRF:9
BRH:4
end_of_record
TN:
SF:src/common/time.ts
FN:1,milliTimestamp
FNF:1
FNH:1
FNDA:1,milliTimestamp
DA:1,3
DA:2,1
LF:2
LH:2
BRF:0
BRH:0
end_of_record
TN:
SF:src/common/url.ts
FN:5,generateURL
FN:46,parseURL
FNF:2
FNH:1
FNDA:0,generateURL
FNDA:1,parseURL
DA:3,3
DA:4,3
DA:5,3
DA:6,0
DA:7,0
DA:8,0
DA:9,0
DA:11,0
DA:12,0
DA:13,0
DA:14,0
DA:16,0
DA:18,0
DA:19,0
DA:21,0
DA:22,0
DA:24,0
DA:25,0
DA:26,0
DA:27,0
DA:28,0
DA:29,0
DA:30,0
DA:31,0
DA:32,0
DA:33,0
DA:34,0
DA:35,0
DA:36,0
DA:38,0
DA:39,0
DA:40,0
DA:41,0
DA:43,0
DA:46,3
DA:47,1
DA:48,1
DA:49,1
DA:50,1
DA:51,1
LF:40
LH:9
BRDA:7,0,0,0
BRDA:7,0,1,0
BRDA:11,1,0,0
BRDA:11,1,1,0
BRDA:12,2,0,0
BRDA:12,2,1,0
BRDA:18,3,0,0
BRDA:18,3,1,0
BRDA:27,4,0,0
BRDA:27,4,1,0
BRDA:29,5,0,0
BRDA:29,5,1,0
BRDA:34,6,0,0
BRDA:34,6,1,0
BRDA:38,7,0,0
BRDA:38,7,1,0
BRDA:39,8,0,0
BRDA:39,8,1,0
BRDA:48,9,0,0
BRDA:48,9,1,1
BRDA:54,10,0,0
BRDA:54,10,1,1
BRDA:54,11,0,1
BRDA:54,11,1,0
BRDA:55,12,0,0
BRDA:55,12,1,1
BRDA:56,13,0,0
BRDA:56,13,1,1
BRF:28
BRH:5
end_of_record
TN:
SF:src/common/util.ts
FN:1,(anonymous_15)
FN:3,setImmediateInterval
FN:12,bytesToBigInt
FN:20,writeBigUInt96BE
FNF:4
FNH:2
FNDA:0,(anonymous_15)
FNDA:0,setImmediateInterval
FNDA:18,bytesToBigInt
FNDA:2,writeBigUInt96BE
DA:1,4
DA:3,4
DA:4,0
DA:5,0
DA:8,4
DA:9,4
DA:10,4
DA:12,4
DA:13,18
DA:14,216
DA:15,216
DA:17,18
DA:20,4
DA:21,2
DA:22,24
DA:23,24
DA:24,24
LF:17
LH:15
BRDA:1,0,0,0
BRDA:1,0,1,0
BRDA:1,1,0,0
BRDA:1,1,1,0
BRF:4
BRH:0
end_of_record
TN:
SF:src/types/DBObject.ts
FN:6,(anonymous_15)
FN:12,DBObject
FN:20,(anonymous_17)
FN:23,(anonymous_18)
FN:26,(anonymous_19)
FN:27,(anonymous_20)
FN:30,(anonymous_21)
FN:31,(anonymous_22)
FN:33,(anonymous_23)
FN:36,(anonymous_24)
FN:39,(anonymous_25)
FN:45,(anonymous_26)
FN:48,(anonymous_27)
FN:48,(anonymous_28)
FN:51,(anonymous_30)
FN:62,(anonymous_31)
FN:67,(anonymous_32)
FN:75,(anonymous_33)
FN:76,(anonymous_34)
FN:76,(anonymous_35)
FN:78,(anonymous_37)
FN:81,(anonymous_38)
FN:90,(anonymous_39)
FN:91,(anonymous_40)
FN:91,(anonymous_41)
FN:94,(anonymous_43)
FN:103,(anonymous_44)
FNF:27
FNH:13
FNDA:3,(anonymous_15)
FNDA:54,DBObject
FNDA:17,(anonymous_17)
FNDA:17,(anonymous_18)
FNDA:10,(anonymous_19)
FNDA:30,(anonymous_20)
FNDA:0,(anonymous_21)
FNDA:0,(anonymous_22)
FNDA:10,(anonymous_23)
FNDA:7,(anonymous_24)
FNDA:10,(anonymous_25)
FNDA:8,(anonymous_26)
FNDA:10,(anonymous_27)
FNDA:10,(anonymous_28)
FNDA:9,(anonymous_30)
FNDA:0,(anonymous_31)
FNDA:0,(anonymous_32)
FNDA:0,(anonymous_33)
FNDA:0,(anonymous_34)
FNDA:0,(anonymous_35)
FNDA:0,(anonymous_37)
FNDA:0,(anonymous_38)
FNDA:0,(anonymous_39)
FNDA:0,(anonymous_40)
FNDA:0,(anonymous_41)
FNDA:0,(anonymous_43)
FNDA:0,(anonymous_44)
DA:1,3
DA:2,3
DA:3,3
DA:4,3
DA:6,3
DA:13,54
DA:14,54
DA:15,54
DA:16,107
DA:20,3
DA:21,17
DA:23,3
DA:24,17
DA:26,3
DA:27,30
DA:28,10
DA:30,3
DA:31,0
DA:33,3
DA:34,10
DA:36,3
DA:37,7
DA:39,10
DA:42,10
DA:44,10
DA:45,10
DA:46,8
DA:48,10
DA:49,10
DA:50,10
DA:51,10
DA:52,9
DA:53,0
DA:54,0
DA:55,9
DA:57,10
DA:60,10
DA:62,3
DA:66,0
DA:67,0
DA:69,0
DA:73,0
DA:75,3
DA:76,0
DA:78,0
DA:79,0
DA:80,0
DA:81,0
DA:82,0
DA:83,0
DA:84,0
DA:85,0
DA:87,0
DA:90,3
DA:91,0
DA:92,0
DA:93,0
DA:94,0
DA:95,0
DA:96,0
DA:97,0
DA:98,0
DA:100,0
DA:103,3
DA:104,0
DA:106,3
LF:66
LH:39
BRDA:13,0,0,54
BRDA:13,0,1,0
BRDA:39,1,0,0
BRDA:39,1,1,10
BRDA:44,2,0,10
BRDA:44,2,1,0
BRDA:52,3,0,0
BRDA:52,3,1,9
BRDA:62,4,0,0
BRDA:62,4,1,0
BRDA:66,5,0,0
BRDA:66,5,1,0
BRDA:78,6,0,0
BRDA:78,6,1,0
BRDA:82,7,0,0
BRDA:82,7,1,0
BRDA:95,8,0,0
BRDA:95,8,1,0
BRF:18
BRH:4
end_of_record
TN:
SF:src/types/Entity.ts
FN:1,(anonymous_0)
FN:7,entityName
FNF:2
FNH:1
FNDA:3,(anonymous_0)
FNDA:0,entityName
DA:1,3
DA:2,3
DA:3,3
DA:4,3
DA:7,3
DA:8,0
DA:9,0
DA:10,0
DA:11,0
LF:9
LH:5
BRDA:1,0,0,3
BRDA:1,0,1,3
BRDA:9,1,0,0
BRDA:9,1,1,0
BRDA:9,1,2,0
BRF:5
BRH:2
end_of_record
TN:
SF:src/types/FileFormat.ts
FN:1,(anonymous_0)
FN:8,formatToFileName
FN:18,fileNameToFormat
FNF:3
FNH:1
FNDA:3,(anonymous_0)
FNDA:0,formatToFileName
FNDA:0,fileNameToFormat
DA:1,3
DA:2,3
DA:3,3
DA:4,3
DA:5,3
DA:8,3
DA:9,0
DA:10,0
DA:11,0
DA:12,0
DA:13,0
DA:14,0
DA:18,3
DA:19,0
DA:20,0
DA:21,0
DA:22,0
DA:23,0
DA:24,0
LF:19
LH:7
BRDA:1,0,0,3
BRDA:1,0,1,3
BRDA:10,1,0,0
BRDA:10,1,1,0
BRDA:10,1,2,0
BRDA:10,1,3,0
BRDA:10,1,4,0
BRDA:20,2,0,0
BRDA:20,2,1,0
BRDA:20,2,2,0
BRDA:20,2,3,0
BRDA:20,2,4,0
BRF:12
BRH:2
end_of_record
TN:
SF:src/types/objects/Host.ts
FN:3,(anonymous_6)
FN:7,(anonymous_8)
FN:10,(anonymous_9)
FN:13,(anonymous_10)
FN:16,(anonymous_11)
FN:19,(anonymous_12)
FNF:6
FNH:6
FNDA:16,(anonymous_6)
FNDA:4,(anonymous_8)
FNDA:4,(anonymous_9)
FNDA:2,(anonymous_10)
FNDA:2,(anonymous_11)
FNDA:2,(anonymous_12)
DA:1,3
DA:3,3
DA:7,3
DA:8,4
DA:10,3
DA:11,4
DA:13,3
DA:14,2
DA:16,3
DA:17,2
DA:19,3
DA:20,2
DA:22,3
LF:13
LH:13
BRF:0
BRH:0
end_of_record
TN:
SF:src/types/objects/ResourceLink.ts
FN:4,(anonymous_6)
FN:9,ResourceLink
FN:16,(anonymous_8)
FN:19,(anonymous_9)
FN:22,(anonymous_10)
FN:25,(anonymous_11)
FN:28,(anonymous_12)
FN:31,(anonymous_13)
FNF:8
FNH:6
FNDA:1,(anonymous_6)
FNDA:1,ResourceLink
FNDA:0,(anonymous_8)
FNDA:0,(anonymous_9)
FNDA:1,(anonymous_10)
FNDA:1,(anonymous_11)
FNDA:1,(anonymous_12)
FNDA:1,(anonymous_13)
DA:1,1
DA:2,1
DA:4,1
DA:9,1
DA:10,1
DA:16,1
DA:17,0
DA:19,1
DA:20,0
DA:22,1
DA:23,1
DA:25,1
DA:26,1
DA:28,1
DA:29,1
DA:31,1
DA:32,1
DA:34,1
LF:18
LH:16
BRDA:10,0,0,1
BRDA:10,0,1,0
BRDA:10,1,0,1
BRDA:10,1,1,1
BRF:4
BRH:3
end_of_record
TN:
SF:src/types/objects/ResourceURL.ts
FN:12,(anonymous_6)
FN:19,ResourceURL
FN:35,(anonymous_8)
FN:64,(anonymous_9)
FN:67,(anonymous_10)
FN:70,(anonymous_11)
FN:73,(anonymous_12)
FN:76,(anonymous_13)
FN:79,(anonymous_14)
FN:82,(anonymous_15)
FNF:10
FNH:9
FNDA:3,(anonymous_6)
FNDA:13,ResourceURL
FNDA:15,(anonymous_8)
FNDA:4,(anonymous_9)
FNDA:4,(anonymous_10)
FNDA:2,(anonymous_11)
FNDA:2,(anonymous_12)
FNDA:2,(anonymous_13)
FNDA:2,(anonymous_14)
FNDA:0,(anonymous_15)
DA:1,3
DA:2,3
DA:3,3
DA:4,3
DA:5,3
DA:6,3
DA:9,3
DA:10,3
DA:12,3
DA:19,13
DA:20,13
DA:21,13
DA:22,13
DA:23,13
DA:31,0
DA:35,3
DA:36,15
DA:37,15
DA:38,15
DA:39,15
DA:40,4
DA:41,11
DA:42,0
DA:44,11
DA:45,15
DA:46,15
DA:47,15
DA:48,15
DA:49,15
DA:50,15
DA:51,15
DA:52,15
DA:53,15
DA:54,15
DA:55,15
DA:56,15
DA:57,15
DA:58,15
DA:59,15
DA:61,15
DA:64,3
DA:65,4
DA:67,3
DA:68,4
DA:70,3
DA:71,2
DA:73,3
DA:74,2
DA:76,3
DA:77,2
DA:79,3
DA:80,2
DA:82,3
DA:83,0
DA:85,3
LF:55
LH:52
BRDA:21,0,0,13
BRDA:21,0,1,0
BRDA:23,1,0,13
BRDA:23,1,1,13
BRDA:26,2,0,11
BRDA:26,2,1,2
BRDA:26,3,0,2
BRDA:26,3,1,0
BRDA:27,4,0,2
BRDA:27,4,1,11
BRDA:28,5,0,0
BRDA:28,5,1,13
BRDA:36,6,0,4
BRDA:36,6,1,11
BRDA:39,7,0,4
BRDA:39,7,1,11
BRDA:40,8,0,0
BRDA:40,8,1,4
BRDA:41,9,0,0
BRDA:41,9,1,11
BRDA:42,10,0,0
BRDA:42,10,1,0
BRDA:45,11,0,11
BRDA:45,11,1,4
BRDA:50,12,0,0
BRDA:50,12,1,15
BRDA:55,13,0,11
BRDA:55,13,1,4
BRDA:58,14,0,0
BRDA:58,14,1,15
BRF:30
BRH:21
end_of_record
TN:
SF:src/types/objects/ResourceURLPath.ts
FN:3,(anonymous_6)
FN:6,(anonymous_8)
FN:9,(anonymous_9)
FN:12,(anonymous_10)
FN:15,(anonymous_11)
FN:18,(anonymous_12)
FNF:6
FNH:6
FNDA:16,(anonymous_6)
FNDA:4,(anonymous_8)
FNDA:4,(anonymous_9)
FNDA:2,(anonymous_10)
FNDA:2,(anonymous_11)
FNDA:2,(anonymous_12)
DA:1,3
DA:3,3
DA:6,3
DA:7,4
DA:9,3
DA:10,4
DA:12,3
DA:13,2
DA:15,3
DA:16,2
DA:18,3
DA:19,2
DA:21,3
LF:13
LH:13
BRF:0
BRH:0
end_of_record
TN:
SF:src/types/objects/ResourceURLQuery.ts
FN:3,(anonymous_6)
FN:6,(anonymous_8)
FN:9,(anonymous_9)
FN:12,(anonymous_10)
FN:15,(anonymous_11)
FN:18,(anonymous_12)
FNF:6
FNH:6
FNDA:16,(anonymous_6)
FNDA:2,(anonymous_8)
FNDA:2,(anonymous_9)
FNDA:2,(anonymous_10)
FNDA:4,(anonymous_11)
FNDA:4,(anonymous_12)
DA:1,3
DA:3,3
DA:6,3
DA:7,2
DA:9,3
DA:10,2
DA:12,3
DA:13,2
DA:15,3
DA:16,4
DA:18,3
DA:19,4
DA:21,3
LF:13
LH:13
BRF:0
BRH:0
end_of_record
TN:
SF:src/types/objects/Word.ts
FN:3,(anonymous_6)
FN:6,Word
FN:10,(anonymous_8)
FN:13,(anonymous_9)
FN:16,(anonymous_10)
FN:19,(anonymous_11)
FN:22,(anonymous_12)
FN:25,(anonymous_13)
FNF:8
FNH:7
FNDA:1,(anonymous_6)
FNDA:1,Word
FNDA:1,(anonymous_8)
FNDA:1,(anonymous_9)
FNDA:1,(anonymous_10)
FNDA:1,(anonymous_11)
FNDA:1,(anonymous_12)
FNDA:0,(anonymous_13)
DA:1,1
DA:3,1
DA:6,1
DA:7,1
DA:10,1
DA:11,1
DA:13,1
DA:14,1
DA:16,1
DA:17,1
DA:19,1
DA:20,1
DA:22,1
DA:23,1
DA:25,1
DA:26,0
DA:28,1
LF:17
LH:16
BRDA:7,0,0,1
BRDA:7,0,1,0
BRDA:7,1,0,1
BRDA:7,1,1,1
BRF:4
BRH:3
end_of_record
