TN:
SF:src/data.ts
FN:9,genericSQLPromise
FN:10,(anonymous_2)
FN:11,(anonymous_3)
FN:24,processWikiCategories
FN:31,deleteLegacyWikiCategories
FN:35,processWikiPages
FN:38,(anonymous_7)
FN:42,selectPreSchedule
FN:47,(anonymous_9)
FN:48,(anonymous_10)
FN:50,schedule
FN:55,(anonymous_12)
FN:56,(anonymous_13)
FN:62,processResourceLinks
FN:68,getRedisKeys
FN:69,(anonymous_16)
FN:70,(anonymous_17)
FN:73,crawlAllowed
FN:74,(anonymous_19)
FN:75,(anonymous_20)
FN:80,throttle
FN:84,popURL
FN:85,(anonymous_23)
FN:86,(anonymous_24)
FNF:24
FNH:18
FNDA:1,genericSQLPromise
FNDA:1,(anonymous_2)
FNDA:1,(anonymous_3)
FNDA:0,processWikiCategories
FNDA:0,deleteLegacyWikiCategories
FNDA:0,processWikiPages
FNDA:0,(anonymous_7)
FNDA:1,selectPreSchedule
FNDA:1,(anonymous_9)
FNDA:0,(anonymous_10)
FNDA:2,schedule
FNDA:2,(anonymous_12)
FNDA:2,(anonymous_13)
FNDA:0,processResourceLinks
FNDA:2,getRedisKeys
FNDA:2,(anonymous_16)
FNDA:2,(anonymous_17)
FNDA:4,crawlAllowed
FNDA:4,(anonymous_19)
FNDA:4,(anonymous_20)
FNDA:2,throttle
FNDA:2,popURL
FNDA:2,(anonymous_23)
FNDA:2,(anonymous_24)
DA:1,3
DA:2,3
DA:3,3
DA:4,3
DA:5,3
DA:6,3
DA:7,3
DA:10,1
DA:11,1
DA:12,1
DA:13,0
DA:14,0
DA:16,1
DA:17,0
DA:20,1
DA:24,3
DA:25,0
DA:26,0
DA:27,0
DA:28,0
DA:31,3
DA:32,0
DA:33,0
DA:35,3
DA:36,0
DA:37,0
DA:38,0
DA:39,0
DA:42,3
DA:43,1
DA:44,1
DA:46,1
DA:47,1
DA:48,1
DA:50,3
DA:51,2
DA:52,2
DA:53,2
DA:54,2
DA:55,2
DA:56,2
DA:57,2
DA:60,2
DA:62,3
DA:63,0
DA:64,0
DA:67,3
DA:68,3
DA:69,2
DA:70,2
DA:73,3
DA:74,4
DA:75,4
DA:77,4
DA:80,3
DA:81,2
DA:84,3
DA:85,2
DA:86,2
DA:87,2
DA:88,2
DA:90,2
LF:62
LH:47
BRDA:12,0,0,0
BRDA:12,0,1,1
BRDA:16,1,0,1
BRDA:16,1,1,0
BRDA:25,2,0,0
BRDA:25,2,1,0
BRDA:36,3,0,0
BRDA:36,3,1,0
BRDA:54,4,0,2
BRDA:54,4,1,0
BRDA:57,5,0,0
BRDA:57,5,1,2
BRDA:70,6,0,0
BRDA:70,6,1,2
BRDA:75,7,0,0
BRDA:75,7,1,4
BRDA:87,8,0,0
BRDA:87,8,1,2
BRDA:87,9,0,2
BRDA:87,9,1,0
BRDA:87,10,0,2
BRDA:87,10,1,2
BRDA:88,11,0,2
BRDA:88,11,1,0
BRF:24
BRH:11
end_of_record
TN:
SF:src/file.ts
FN:15,entityIDs
FN:19,(anonymous_2)
FN:20,(anonymous_3)
FN:21,(anonymous_4)
FN:32,write
FN:40,(anonymous_6)
FN:54,(anonymous_7)
FN:55,(anonymous_8)
FN:56,(anonymous_9)
FN:64,(anonymous_10)
FN:64,(anonymous_11)
FN:73,getVersions
FN:80,(anonymous_13)
FN:82,(anonymous_14)
FN:83,(anonymous_15)
FN:87,(anonymous_16)
FN:88,(anonymous_17)
FN:89,(anonymous_18)
FN:90,(anonymous_19)
FN:93,(anonymous_20)
FN:94,(anonymous_21)
FN:98,read
FN:102,(anonymous_23)
FN:106,(anonymous_24)
FN:108,(anonymous_25)
FN:109,(anonymous_26)
FN:112,findLatestVersion
FN:114,(anonymous_28)
FN:121,readLatestVersion
FNF:29
FNH:21
FNDA:0,entityIDs
FNDA:0,(anonymous_2)
FNDA:0,(anonymous_3)
FNDA:0,(anonymous_4)
FNDA:8,write
FNDA:1413,(anonymous_6)
FNDA:2,(anonymous_7)
FNDA:0,(anonymous_8)
FNDA:2,(anonymous_9)
FNDA:9,(anonymous_10)
FNDA:6525,(anonymous_11)
FNDA:11,getVersions
FNDA:9,(anonymous_13)
FNDA:0,(anonymous_14)
FNDA:227,(anonymous_15)
FNDA:2367,(anonymous_16)
FNDA:2367,(anonymous_17)
FNDA:1420,(anonymous_18)
FNDA:1420,(anonymous_19)
FNDA:0,(anonymous_20)
FNDA:9,(anonymous_21)
FNDA:2,read
FNDA:2,(anonymous_23)
FNDA:2,(anonymous_24)
FNDA:0,(anonymous_25)
FNDA:2,(anonymous_26)
FNDA:2,findLatestVersion
FNDA:4,(anonymous_28)
FNDA:2,readLatestVersion
DA:1,8
DA:2,8
DA:3,8
DA:4,8
DA:5,8
DA:6,8
DA:7,8
DA:9,8
DA:10,8
DA:11,8
DA:12,8
DA:13,8
DA:15,8
DA:16,0
DA:17,0
DA:18,0
DA:19,0
DA:20,0
DA:21,0
DA:32,8
DA:39,8
DA:40,1413
DA:41,8
DA:42,6
DA:43,6
DA:44,6
DA:45,6
DA:46,6
DA:48,6
DA:49,4
DA:50,4
DA:52,4
DA:54,2
DA:55,2
DA:56,2
DA:57,2
DA:61,6
DA:64,9
DA:65,6525
DA:66,6525
DA:67,6525
DA:68,6525
DA:69,713
DA:70,713
DA:71,713
DA:73,8
DA:74,11
DA:75,11
DA:76,11
DA:77,9
DA:78,9
DA:79,9
DA:80,9
DA:81,9
DA:82,9
DA:83,9
DA:84,227
DA:87,2367
DA:88,2367
DA:89,1420
DA:90,1420
DA:91,1420
DA:93,9
DA:94,9
DA:98,8
DA:99,2
DA:100,2
DA:101,2
DA:102,2
DA:104,2
DA:105,2
DA:106,2
DA:107,2
DA:108,2
DA:109,2
DA:112,8
DA:113,2
DA:114,4
DA:115,2
DA:117,2
DA:118,2
DA:121,8
DA:122,2
DA:123,2
DA:124,2
LF:85
LH:79
BRDA:40,0,0,1413
BRDA:40,0,1,3
BRDA:41,1,0,2
BRDA:41,1,1,6
BRDA:48,2,0,4
BRDA:48,2,1,2
BRDA:48,3,0,6
BRDA:48,3,1,2
BRDA:68,4,0,5812
BRDA:68,4,1,713
BRDA:76,5,0,2
BRDA:76,5,1,9
BRDA:94,6,0,9
BRDA:94,6,1,0
BRDA:109,7,0,2
BRDA:109,7,1,0
BRDA:115,8,0,0
BRDA:115,8,1,2
BRDA:115,9,0,2
BRDA:115,9,1,2
BRDA:123,10,0,0
BRDA:123,10,1,2
BRF:22
BRH:18
end_of_record
TN:
SF:src/sql.ts
FNF:0
FNH:0
DA:1,3
LF:1
LH:1
BRF:0
BRH:0
end_of_record
TN:
SF:src/common/config.ts
FN:8,varDirPromise
FN:14,safetyFilePromise
FN:22,safeMkdir
FN:26,varDirChildPromise
FN:27,(anonymous_5)
FN:31,(anonymous_6)
FN:34,tmpDirPromise
FN:37,nullDirPromise
FN:40,blobDirPromise
FN:43,nullFilePromise
FN:48,myIP
FNF:11
FNH:9
FNDA:91,varDirPromise
FNDA:4,safetyFilePromise
FNDA:97,safeMkdir
FNDA:23,varDirChildPromise
FNDA:23,(anonymous_5)
FNDA:0,(anonymous_6)
FNDA:7,tmpDirPromise
FNDA:3,nullDirPromise
FNDA:13,blobDirPromise
FNDA:3,nullFilePromise
FNDA:0,myIP
DA:1,15
DA:3,15
DA:4,15
DA:6,15
DA:8,15
DA:9,91
DA:10,91
DA:12,91
DA:14,15
DA:15,4
DA:16,4
DA:17,4
DA:19,4
DA:22,15
DA:23,97
DA:26,15
DA:27,23
DA:28,23
DA:29,23
DA:30,23
DA:31,0
DA:34,15
DA:35,7
DA:37,15
DA:38,3
DA:40,15
DA:41,13
DA:43,15
DA:44,3
DA:45,3
DA:48,15
DA:49,0
LF:32
LH:30
BRDA:9,0,0,1
BRDA:9,0,1,90
BRDA:17,1,0,0
BRDA:17,1,1,4
BRDA:30,2,0,23
BRDA:30,2,1,0
BRDA:31,3,0,0
BRDA:31,3,1,0
BRF:8
BRH:4
end_of_record
TN:
SF:src/common/connections.ts
FN:77,getParams
FN:80,(anonymous_2)
FN:87,db
FN:103,renewRedis
FN:114,(anonymous_5)
FN:120,newRedis
FNF:6
FNH:6
FNDA:13,getParams
FNDA:13,(anonymous_2)
FNDA:15,db
FNDA:369,renewRedis
FNDA:1,(anonymous_5)
FNDA:29,newRedis
DA:1,15
DA:2,15
DA:3,15
DA:4,15
DA:5,15
DA:7,15
DA:8,15
DA:9,15
DA:10,15
DA:18,15
DA:60,120
DA:62,15
DA:64,15
DA:66,15
DA:76,15
DA:77,15
DA:78,13
DA:79,13
DA:80,13
DA:83,13
DA:86,15
DA:87,15
DA:88,15
DA:89,12
DA:90,12
DA:91,12
DA:92,12
DA:95,15
DA:102,15
DA:103,15
DA:104,369
DA:105,369
DA:106,369
DA:107,12
DA:108,12
DA:111,369
DA:114,15
DA:120,15
DA:121,29
DA:122,29
DA:123,1
DA:124,29
DA:126,29
LF:43
LH:43
BRDA:78,0,0,13
BRDA:78,0,1,0
BRDA:88,1,0,12
BRDA:88,1,1,3
BRDA:104,2,0,2
BRDA:104,2,1,367
BRDA:106,3,0,12
BRDA:106,3,1,357
BRDA:121,4,0,15
BRDA:121,4,1,14
BRDA:122,5,0,1
BRDA:122,5,1,28
BRDA:127,6,0,0
BRDA:127,6,1,29
BRDA:128,7,0,0
BRDA:128,7,1,29
BRF:16
BRH:13
end_of_record
TN:
SF:src/common/events.ts
FNF:0
FNH:0
DA:1,3
DA:2,3
DA:3,3
DA:4,3
DA:6,3
DA:7,3
DA:8,3
DA:9,3
DA:10,3
DA:11,3
DA:12,3
DA:13,3
LF:12
LH:12
BRF:0
BRH:0
end_of_record
TN:
SF:src/common/fs.ts
FN:5,deleteIfChecksumMatches
FNF:1
FNH:1
FNDA:1,deleteIfChecksumMatches
DA:1,1
DA:2,1
DA:3,1
DA:5,1
DA:6,1
DA:7,1
DA:8,1
DA:9,1
DA:10,1
DA:11,1
DA:13,0
LF:11
LH:10
BRDA:7,0,0,1
BRDA:7,0,1,0
BRDA:10,1,0,1
BRDA:10,1,1,0
BRF:4
BRH:2
end_of_record
TN:
SF:src/common/functional.ts
FN:1,(anonymous_0)
FN:1,(anonymous_1)
FN:2,(anonymous_2)
FNF:3
FNH:1
FNDA:0,(anonymous_0)
FNDA:0,(anonymous_1)
FNDA:2,(anonymous_2)
DA:1,3
DA:2,3
DA:3,2
LF:3
LH:3
BRDA:3,0,0,0
BRDA:3,0,1,2
BRF:2
BRH:1
end_of_record
TN:
SF:src/common/hashing.ts
FN:3,checksum
FN:7,defaultHash
FNF:2
FNH:2
FNDA:2,checksum
FNDA:1204,defaultHash
DA:1,8
DA:3,8
DA:4,2
DA:7,8
DA:8,1204
LF:5
LH:5
BRF:0
BRH:0
end_of_record
TN:
SF:src/common/logging.ts
FN:4,log
FNF:1
FNH:1
FNDA:64,log
DA:1,15
DA:2,15
DA:4,15
DA:5,64
DA:6,64
DA:7,64
DA:8,64
LF:7
LH:7
BRF:0
BRH:0
end_of_record
TN:
SF:src/common/processor.ts
FN:10,synchronised
FN:13,(anonymous_2)
FN:19,startProcessor
FN:33,(anonymous_4)
FN:40,(anonymous_5)
FN:45,(anonymous_6)
FNF:6
FNH:6
FNDA:3,synchronised
FNDA:3,(anonymous_2)
FNDA:3,startProcessor
FNDA:2,(anonymous_4)
FNDA:2,(anonymous_5)
FNDA:4,(anonymous_6)
DA:1,3
DA:2,3
DA:4,3
DA:5,3
DA:6,3
DA:7,3
DA:9,3
DA:11,3
DA:12,3
DA:13,3
DA:14,3
DA:15,3
DA:19,3
DA:29,3
DA:30,3
DA:31,3
DA:32,3
DA:33,2
DA:34,2
DA:37,3
DA:38,3
DA:39,3
DA:40,3
DA:41,2
DA:42,1
DA:44,0
DA:45,3
DA:46,4
DA:47,4
DA:48,0
DA:49,0
DA:50,0
DA:51,0
DA:52,0
DA:53,0
DA:56,3
LF:36
LH:29
BRDA:11,0,0,0
BRDA:11,0,1,3
BRDA:25,1,0,2
BRDA:32,2,0,2
BRDA:32,2,1,1
BRDA:32,3,0,3
BRDA:32,3,1,1
BRDA:34,4,0,2
BRDA:34,4,1,0
BRDA:37,5,0,3
BRDA:37,5,1,0
BRDA:37,6,0,3
BRDA:37,6,1,3
BRDA:41,7,0,1
BRDA:41,7,1,1
BRDA:47,8,0,0
BRDA:47,8,1,4
BRDA:51,9,0,0
BRDA:51,9,1,0
BRF:19
BRH:13
end_of_record
TN:
SF:src/common/time.ts
FN:1,milliTimestamp
FNF:1
FNH:1
FNDA:3,milliTimestamp
DA:1,3
DA:2,3
LF:2
LH:2
BRF:0
BRH:0
end_of_record
TN:
SF:src/common/util.ts
FN:1,(anonymous_0)
FN:3,setImmediateInterval
FN:13,bytesToBigInt
FN:22,writeBigUInt96BE
FNF:4
FNH:4
FNDA:3,(anonymous_0)
FNDA:5,setImmediateInterval
FNDA:1249,bytesToBigInt
FNDA:2,writeBigUInt96BE
DA:1,12
DA:3,12
DA:4,5
DA:5,5
DA:8,12
DA:9,12
DA:10,12
DA:11,12
DA:13,12
DA:14,1249
DA:15,1205
DA:16,1205
DA:17,14460
DA:19,1205
DA:22,12
DA:23,2
DA:24,24
DA:25,24
DA:26,24
LF:19
LH:19
BRDA:1,0,0,1
BRDA:1,0,1,2
BRDA:1,1,0,1
BRDA:1,1,1,1
BRDA:14,2,0,44
BRDA:14,2,1,1205
BRF:6
BRH:6
end_of_record
TN:
SF:src/services/compressor/functions.ts
FN:11,spawnSeq
FN:21,(anonymous_2)
FN:22,(anonymous_3)
FN:26,isEntityLocked
FN:27,(anonymous_5)
FN:28,(anonymous_6)
FN:32,compress
FN:38,(anonymous_8)
FN:46,(anonymous_9)
FN:54,(anonymous_10)
FNF:10
FNH:10
FNDA:9,spawnSeq
FNDA:7,(anonymous_2)
FNDA:7,(anonymous_3)
FNDA:3,isEntityLocked
FNDA:3,(anonymous_5)
FNDA:3,(anonymous_6)
FNDA:1,compress
FNDA:3,(anonymous_8)
FNDA:1,(anonymous_9)
FNDA:1,(anonymous_10)
DA:1,1
DA:2,1
DA:3,1
DA:4,1
DA:5,1
DA:6,1
DA:8,1
DA:9,1
DA:12,9
DA:14,7
DA:15,7
DA:16,7
DA:18,7
DA:19,5
DA:20,7
DA:21,7
DA:22,7
DA:26,1
DA:27,3
DA:28,3
DA:29,3
DA:32,1
DA:33,1
DA:34,1
DA:35,1
DA:36,1
DA:37,1
DA:38,3
DA:39,1
DA:40,3
DA:41,2
DA:42,2
DA:43,2
DA:44,2
DA:45,2
DA:46,1
DA:54,1
DA:62,1
LF:38
LH:38
BRDA:12,0,0,2
BRDA:12,0,1,7
BRDA:18,1,0,2
BRDA:18,1,1,5
BRDA:22,2,0,7
BRDA:22,2,1,0
BRDA:29,3,0,3
BRDA:29,3,1,3
BRDA:40,4,0,1
BRDA:40,4,1,2
BRDA:45,5,0,1
BRDA:45,5,1,1
BRF:12
BRH:11
end_of_record
TN:
SF:src/services/fetcher/functions.ts
FN:17,buildOnFetch
FN:18,(anonymous_2)
FN:25,(anonymous_3)
FN:27,(anonymous_4)
FN:40,(anonymous_5)
FN:51,fetchAndWrite
FN:55,pollAndFetch
FN:61,(anonymous_8)
FNF:8
FNH:8
FNDA:2,buildOnFetch
FNDA:2,(anonymous_2)
FNDA:2,(anonymous_3)
FNDA:42,(anonymous_4)
FNDA:2,(anonymous_5)
FNDA:2,fetchAndWrite
FNDA:1,pollAndFetch
FNDA:1,(anonymous_8)
DA:1,1
DA:2,1
DA:8,1
DA:9,1
DA:10,1
DA:11,1
DA:12,1
DA:13,1
DA:14,1
DA:15,1
DA:17,1
DA:18,2
DA:19,2
DA:21,2
DA:22,2
DA:23,2
DA:25,2
DA:26,2
DA:27,2
DA:28,42
DA:29,42
DA:30,42
DA:31,42
DA:32,42
DA:33,40
DA:34,42
DA:35,42
DA:38,2
DA:39,2
DA:41,2
DA:42,2
DA:43,2
DA:45,2
DA:47,2
DA:51,1
DA:52,2
DA:55,1
DA:57,1
DA:58,1
DA:59,2
DA:60,2
DA:61,2
DA:62,2
DA:63,2
DA:64,2
DA:65,2
DA:66,2
DA:67,1
DA:68,1
DA:69,1
DA:70,1
DA:71,1
DA:72,1
DA:73,1
DA:74,1
DA:75,1
DA:76,1
DA:77,1
DA:78,1
DA:85,1
LF:60
LH:60
BRDA:32,0,0,2
BRDA:32,0,1,40
BRDA:33,1,0,2
BRDA:33,1,1,38
BRDA:35,2,0,2
BRDA:35,2,1,40
BRDA:41,3,0,0
BRDA:41,3,1,2
BRDA:69,4,0,1
BRDA:69,4,1,0
BRDA:69,5,0,1
BRDA:69,5,1,1
BRDA:72,6,0,1
BRDA:72,6,1,0
BRDA:74,7,0,1
BRDA:74,7,1,0
BRF:16
BRH:12
end_of_record
TN:
SF:src/services/html-processor/extract-ahrefs.ts
FN:13,getLinks
FN:38,(anonymous_1)
FNF:2
FNH:1
FNDA:1,getLinks
FNDA:0,(anonymous_1)
DA:2,1
DA:3,1
DA:6,1
DA:7,1
DA:8,1
DA:10,1
DA:11,1
DA:13,1
DA:14,1
DA:15,1
DA:16,1
DA:17,1
DA:18,9
DA:19,9
DA:20,9
DA:21,9
DA:22,9
DA:24,9
DA:25,9
DA:26,8
DA:27,8
DA:28,7
DA:30,1
DA:35,1
DA:38,1
DA:39,0
DA:40,0
DA:41,0
DA:42,0
DA:44,0
LF:30
LH:25
BRDA:19,0,0,9
BRDA:19,0,1,0
BRDA:22,1,0,1
BRDA:22,1,1,8
BRDA:27,2,0,1
BRDA:27,2,1,7
BRF:6
BRH:5
end_of_record
TN:
SF:src/services/html-processor/extract-raw-text.ts
FN:17,toRawText
FN:32,(anonymous_1)
FNF:2
FNH:1
FNDA:1,toRawText
FNDA:0,(anonymous_1)
DA:2,1
DA:3,1
DA:4,1
DA:5,1
DA:8,1
DA:17,1
DA:18,1
DA:19,6
DA:20,6
DA:21,1
DA:22,1
DA:25,1
DA:29,1
DA:32,1
DA:33,0
DA:34,0
DA:35,0
DA:36,0
DA:38,0
LF:19
LH:14
BRF:0
BRH:0
end_of_record
TN:
SF:src/types/DBObject.ts
FN:11,(anonymous_0)
FN:19,(anonymous_1)
FN:23,(anonymous_2)
FN:26,(anonymous_3)
FN:27,(anonymous_4)
FN:30,(anonymous_5)
FN:33,(anonymous_6)
FN:36,(anonymous_7)
FN:40,(anonymous_8)
FN:43,(anonymous_9)
FN:46,(anonymous_10)
FN:57,(anonymous_11)
FN:62,(anonymous_12)
FN:63,(anonymous_13)
FN:65,(anonymous_14)
FN:75,(anonymous_15)
FN:87,(anonymous_16)
FN:88,(anonymous_17)
FN:90,(anonymous_18)
FN:94,(anonymous_19)
FN:95,(anonymous_20)
FN:97,(anonymous_21)
FN:100,(anonymous_22)
FN:109,(anonymous_23)
FN:111,(anonymous_24)
FN:114,(anonymous_25)
FN:123,(anonymous_26)
FN:126,(anonymous_27)
FN:129,(anonymous_28)
FN:132,(anonymous_29)
FNF:30
FNH:21
FNDA:488,(anonymous_0)
FNDA:1248,(anonymous_1)
FNDA:1248,(anonymous_2)
FNDA:10,(anonymous_3)
FNDA:30,(anonymous_4)
FNDA:10,(anonymous_5)
FNDA:219,(anonymous_6)
FNDA:10,(anonymous_7)
FNDA:8,(anonymous_8)
FNDA:10,(anonymous_9)
FNDA:10,(anonymous_10)
FNDA:0,(anonymous_11)
FNDA:0,(anonymous_12)
FNDA:0,(anonymous_13)
FNDA:676,(anonymous_14)
FNDA:338,(anonymous_15)
FNDA:338,(anonymous_16)
FNDA:294,(anonymous_17)
FNDA:44,(anonymous_18)
FNDA:0,(anonymous_19)
FNDA:0,(anonymous_20)
FNDA:0,(anonymous_21)
FNDA:0,(anonymous_22)
FNDA:2,(anonymous_23)
FNDA:1,(anonymous_24)
FNDA:1,(anonymous_25)
FNDA:1,(anonymous_26)
FNDA:44,(anonymous_27)
FNDA:0,(anonymous_28)
FNDA:0,(anonymous_29)
DA:1,7
DA:2,7
DA:3,7
DA:4,7
DA:7,7
DA:12,488
DA:13,486
DA:14,486
DA:15,884
DA:20,1248
DA:21,1248
DA:24,1248
DA:27,30
DA:28,10
DA:31,10
DA:34,219
DA:37,10
DA:39,10
DA:40,10
DA:41,8
DA:43,10
DA:44,10
DA:45,10
DA:46,10
DA:47,10
DA:48,0
DA:49,0
DA:50,10
DA:52,10
DA:55,10
DA:58,0
DA:59,0
DA:60,0
DA:61,0
DA:62,0
DA:63,0
DA:66,676
DA:67,338
DA:68,930
DA:69,930
DA:70,592
DA:71,338
DA:78,338
DA:80,338
DA:81,338
DA:82,294
DA:83,338
DA:84,338
DA:85,338
DA:86,338
DA:87,338
DA:89,294
DA:90,44
DA:92,338
DA:95,0
DA:97,0
DA:98,0
DA:99,0
DA:100,0
DA:101,0
DA:102,0
DA:103,0
DA:104,0
DA:106,0
DA:110,2
DA:111,1
DA:112,1
DA:113,1
DA:114,1
DA:115,1
DA:116,0
DA:117,0
DA:118,1
DA:120,1
DA:124,1
DA:127,44
DA:130,0
DA:133,0
DA:135,0
LF:79
LH:56
BRDA:12,0,0,486
BRDA:12,0,1,2
BRDA:21,1,0,1204
BRDA:21,1,1,44
BRDA:36,2,0,0
BRDA:39,3,0,10
BRDA:39,3,1,0
BRDA:47,4,0,0
BRDA:47,4,1,10
BRDA:63,5,0,0
BRDA:63,5,1,0
BRDA:66,6,0,338
BRDA:66,6,1,338
BRDA:69,7,0,592
BRDA:69,7,1,338
BRDA:75,8,0,0
BRDA:80,9,0,338
BRDA:80,9,1,0
BRDA:88,10,0,294
BRDA:88,10,1,44
BRDA:89,11,0,0
BRDA:89,11,1,294
BRDA:90,12,0,0
BRDA:90,12,1,44
BRDA:97,13,0,0
BRDA:97,13,1,0
BRDA:101,14,0,0
BRDA:101,14,1,0
BRDA:110,15,0,1
BRDA:110,15,1,1
BRDA:110,16,0,2
BRDA:110,16,1,2
BRDA:115,17,0,0
BRDA:115,17,1,1
BRF:34
BRH:20
end_of_record
TN:
SF:src/types/Entity.ts
FN:1,(anonymous_0)
FN:7,entityName
FNF:2
FNH:2
FNDA:8,(anonymous_0)
FNDA:19,entityName
DA:1,8
DA:2,8
DA:3,8
DA:4,8
DA:7,8
DA:8,19
DA:9,19
DA:10,0
DA:11,0
LF:9
LH:7
BRDA:1,0,0,8
BRDA:1,0,1,8
BRDA:9,1,0,19
BRDA:9,1,1,0
BRDA:9,1,2,0
BRF:5
BRH:3
end_of_record
TN:
SF:src/types/FileFormat.ts
FN:1,(anonymous_0)
FN:8,formatToFileName
FN:18,fileNameToFormat
FNF:3
FNH:3
FNDA:8,(anonymous_0)
FNDA:8,formatToFileName
FNDA:1420,fileNameToFormat
DA:1,8
DA:2,8
DA:3,8
DA:4,8
DA:5,8
DA:8,8
DA:9,8
DA:10,4
DA:11,4
DA:12,0
DA:13,0
DA:14,0
DA:18,8
DA:19,1420
DA:20,711
DA:21,709
DA:22,0
DA:23,0
DA:24,0
LF:19
LH:13
BRDA:1,0,0,8
BRDA:1,0,1,8
BRDA:10,1,0,4
BRDA:10,1,1,4
BRDA:10,1,2,0
BRDA:10,1,3,0
BRDA:10,1,4,0
BRDA:20,2,0,711
BRDA:20,2,1,709
BRDA:20,2,2,0
BRDA:20,2,3,0
BRDA:20,2,4,0
BRF:12
BRH:6
end_of_record
TN:
SF:src/types/objects/FetchedResource.ts
FN:10,(anonymous_0)
FN:22,(anonymous_1)
FN:25,(anonymous_2)
FN:28,(anonymous_3)
FN:31,(anonymous_4)
FNF:5
FNH:3
FNDA:2,(anonymous_0)
FNDA:0,(anonymous_1)
FNDA:2,(anonymous_2)
FNDA:2,(anonymous_3)
FNDA:0,(anonymous_4)
DA:1,1
DA:2,1
DA:3,1
DA:5,1
DA:11,2
DA:12,2
DA:19,0
DA:23,0
DA:26,2
DA:29,2
DA:32,0
LF:11
LH:8
BRDA:11,0,0,2
BRDA:11,0,1,0
BRF:2
BRH:1
end_of_record
TN:
SF:src/types/objects/HTTPHeader.ts
FN:9,(anonymous_0)
FN:18,(anonymous_1)
FN:21,(anonymous_2)
FN:24,(anonymous_3)
FN:27,(anonymous_4)
FN:30,(anonymous_5)
FN:33,(anonymous_6)
FNF:7
FNH:6
FNDA:42,(anonymous_0)
FNDA:0,(anonymous_1)
FNDA:42,(anonymous_2)
FNDA:168,(anonymous_3)
FNDA:168,(anonymous_4)
FNDA:42,(anonymous_5)
FNDA:42,(anonymous_6)
DA:1,1
DA:2,1
DA:3,1
DA:5,1
DA:10,42
DA:11,42
DA:15,0
DA:19,0
DA:22,42
DA:25,168
DA:28,168
DA:31,42
DA:34,42
LF:13
LH:11
BRDA:10,0,0,42
BRDA:10,0,1,0
BRDA:10,1,0,42
BRDA:10,1,1,42
BRF:4
BRH:3
end_of_record
TN:
SF:src/types/objects/HTTPHeaderName.ts
FN:6,(anonymous_0)
FN:9,(anonymous_1)
FN:12,(anonymous_2)
FN:15,(anonymous_3)
FN:18,(anonymous_4)
FNF:5
FNH:4
FNDA:168,(anonymous_0)
FNDA:168,(anonymous_1)
FNDA:0,(anonymous_2)
FNDA:42,(anonymous_3)
FNDA:42,(anonymous_4)
DA:1,1
DA:3,1
DA:7,168
DA:10,168
DA:13,0
DA:16,42
DA:19,42
LF:7
LH:6
BRF:0
BRH:0
end_of_record
TN:
SF:src/types/objects/HTTPHeaderValue.ts
FN:6,(anonymous_0)
FN:9,(anonymous_1)
FN:12,(anonymous_2)
FN:15,(anonymous_3)
FN:18,(anonymous_4)
FNF:5
FNH:4
FNDA:170,(anonymous_0)
FNDA:170,(anonymous_1)
FNDA:0,(anonymous_2)
FNDA:42,(anonymous_3)
FNDA:42,(anonymous_4)
DA:1,1
DA:3,1
DA:7,170
DA:10,170
DA:13,0
DA:16,42
DA:19,42
LF:7
LH:6
BRF:0
BRH:0
end_of_record
TN:
SF:src/types/objects/Host.ts
FN:7,(anonymous_0)
FN:10,(anonymous_1)
FN:13,(anonymous_2)
FN:16,(anonymous_3)
FN:19,(anonymous_4)
FNF:5
FNH:5
FNDA:175,(anonymous_0)
FNDA:175,(anonymous_1)
FNDA:2,(anonymous_2)
FNDA:44,(anonymous_3)
FNDA:45,(anonymous_4)
DA:1,7
DA:3,7
DA:8,175
DA:11,175
DA:14,2
DA:17,44
DA:20,45
LF:7
LH:7
BRDA:17,0,0,0
BRDA:17,0,1,44
BRF:2
BRH:1
end_of_record
TN:
SF:src/types/objects/ResourceHash.ts
FN:6,(anonymous_0)
FN:10,(anonymous_1)
FN:13,(anonymous_2)
FN:16,(anonymous_3)
FN:19,(anonymous_4)
FN:22,(anonymous_5)
FNF:6
FNH:1
FNDA:1,(anonymous_0)
FNDA:0,(anonymous_1)
FNDA:0,(anonymous_2)
FNDA:0,(anonymous_3)
FNDA:0,(anonymous_4)
FNDA:0,(anonymous_5)
DA:1,1
DA:3,1
DA:7,1
DA:11,0
DA:14,0
DA:17,0
DA:20,0
DA:23,0
LF:8
LH:3
BRDA:7,0,0,1
BRDA:7,0,1,0
BRF:2
BRH:1
end_of_record
TN:
SF:src/types/objects/ResourceHeader.ts
FN:9,(anonymous_0)
FN:17,(anonymous_1)
FN:20,(anonymous_2)
FN:23,(anonymous_3)
FN:26,(anonymous_4)
FNF:5
FNH:4
FNDA:42,(anonymous_0)
FNDA:0,(anonymous_1)
FNDA:42,(anonymous_2)
FNDA:42,(anonymous_3)
FNDA:42,(anonymous_4)
DA:1,1
DA:2,1
DA:3,1
DA:5,1
DA:10,42
DA:11,42
DA:18,0
DA:21,42
DA:24,42
DA:27,42
LF:10
LH:9
BRDA:10,0,0,0
BRDA:10,0,1,42
BRF:2
BRH:1
end_of_record
TN:
SF:src/types/objects/ResourceLink.ts
FN:8,(anonymous_0)
FN:20,(anonymous_1)
FN:23,(anonymous_2)
FN:26,(anonymous_3)
FN:29,(anonymous_4)
FN:32,(anonymous_5)
FNF:6
FNH:6
FNDA:9,(anonymous_0)
FNDA:1,(anonymous_1)
FNDA:1,(anonymous_2)
FNDA:1,(anonymous_3)
FNDA:1,(anonymous_4)
FNDA:8,(anonymous_5)
DA:1,2
DA:2,2
DA:4,2
DA:12,9
DA:13,9
DA:17,8
DA:21,1
DA:24,1
DA:27,1
DA:30,1
DA:33,8
LF:11
LH:11
BRDA:12,0,0,0
BRDA:12,0,1,9
BRDA:13,1,0,1
BRDA:13,1,1,8
BRF:4
BRH:3
end_of_record
TN:
SF:src/types/objects/ResourceLinkHash.ts
FN:9,(anonymous_0)
FN:24,(anonymous_1)
FN:27,(anonymous_2)
FN:30,(anonymous_3)
FN:33,(anonymous_4)
FN:36,(anonymous_5)
FNF:6
FNH:2
FNDA:1,(anonymous_0)
FNDA:0,(anonymous_1)
FNDA:0,(anonymous_2)
FNDA:0,(anonymous_3)
FNDA:0,(anonymous_4)
FNDA:1,(anonymous_5)
DA:1,1
DA:2,1
DA:3,1
DA:5,1
DA:15,1
DA:16,1
DA:17,0
DA:21,1
DA:25,0
DA:28,0
DA:31,0
DA:34,0
DA:37,1
LF:13
LH:8
BRDA:15,0,0,0
BRDA:15,0,1,1
BRDA:16,1,0,0
BRDA:16,1,1,1
BRF:4
BRH:2
end_of_record
TN:
SF:src/types/objects/ResourceURL.ts
FN:22,(anonymous_0)
FN:49,(anonymous_1)
FN:78,(anonymous_2)
FN:81,(anonymous_3)
FN:84,(anonymous_4)
FN:87,(anonymous_5)
FN:90,(anonymous_6)
FN:93,(anonymous_7)
FN:96,(anonymous_8)
FN:104,(anonymous_9)
FN:105,(anonymous_10)
FN:106,(anonymous_11)
FN:109,(anonymous_12)
FNF:13
FNH:13
FNDA:76,(anonymous_0)
FNDA:211,(anonymous_1)
FNDA:178,(anonymous_2)
FNDA:178,(anonymous_3)
FNDA:2,(anonymous_4)
FNDA:44,(anonymous_5)
FNDA:44,(anonymous_6)
FNDA:44,(anonymous_7)
FNDA:4,(anonymous_8)
FNDA:2,(anonymous_9)
FNDA:2,(anonymous_10)
FNDA:2,(anonymous_11)
FNDA:2,(anonymous_12)
DA:1,7
DA:2,7
DA:3,7
DA:4,7
DA:5,7
DA:6,7
DA:7,7
DA:8,7
DA:9,7
DA:10,7
DA:12,7
DA:13,7
DA:15,7
DA:23,76
DA:24,76
DA:25,76
DA:26,76
DA:27,75
DA:28,75
DA:36,1
DA:39,0
DA:50,211
DA:51,211
DA:52,211
DA:53,211
DA:54,182
DA:55,29
DA:56,16
DA:58,13
DA:59,211
DA:60,211
DA:61,211
DA:62,211
DA:63,211
DA:64,211
DA:65,211
DA:66,211
DA:67,211
DA:68,211
DA:69,211
DA:70,211
DA:71,211
DA:72,211
DA:73,211
DA:75,211
DA:79,178
DA:82,178
DA:85,2
DA:88,44
DA:91,44
DA:94,44
DA:97,4
DA:99,4
DA:100,4
DA:102,4
DA:105,2
DA:106,2
DA:107,2
DA:110,2
LF:59
LH:58
BRDA:23,0,0,0
BRDA:23,0,1,76
BRDA:24,1,0,76
BRDA:24,1,1,0
BRDA:26,2,0,75
BRDA:26,2,1,1
BRDA:31,3,0,13
BRDA:31,3,1,62
BRDA:31,4,0,53
BRDA:31,4,1,9
BRDA:32,5,0,60
BRDA:32,5,1,15
BRDA:33,6,0,0
BRDA:33,6,1,75
BRDA:50,7,0,182
BRDA:50,7,1,29
BRDA:53,8,0,182
BRDA:53,8,1,29
BRDA:54,9,0,0
BRDA:54,9,1,182
BRDA:55,10,0,16
BRDA:55,10,1,13
BRDA:56,11,0,0
BRDA:56,11,1,16
BRDA:59,12,0,13
BRDA:59,12,1,198
BRDA:64,13,0,0
BRDA:64,13,1,211
BRDA:69,14,0,13
BRDA:69,14,1,198
BRDA:72,15,0,0
BRDA:72,15,1,211
BRDA:107,16,0,0
BRDA:107,16,1,2
BRF:34
BRH:26
end_of_record
TN:
SF:src/types/objects/ResourceURLPath.ts
FN:6,(anonymous_0)
FN:9,(anonymous_1)
FN:12,(anonymous_2)
FN:15,(anonymous_3)
FN:18,(anonymous_4)
FNF:5
FNH:5
FNDA:172,(anonymous_0)
FNDA:172,(anonymous_1)
FNDA:2,(anonymous_2)
FNDA:44,(anonymous_3)
FNDA:44,(anonymous_4)
DA:1,7
DA:3,7
DA:7,172
DA:10,172
DA:13,2
DA:16,44
DA:19,44
LF:7
LH:7
BRF:0
BRH:0
end_of_record
TN:
SF:src/types/objects/ResourceURLQuery.ts
FN:6,(anonymous_0)
FN:9,(anonymous_1)
FN:14,(anonymous_2)
FN:17,(anonymous_3)
FN:20,(anonymous_4)
FNF:5
FNH:5
FNDA:2,(anonymous_0)
FNDA:44,(anonymous_1)
FNDA:44,(anonymous_2)
FNDA:172,(anonymous_3)
FNDA:172,(anonymous_4)
DA:1,7
DA:3,7
DA:7,2
DA:10,44
DA:12,44
DA:15,44
DA:18,172
DA:21,172
LF:8
LH:8
BRF:0
BRH:0
end_of_record
TN:
SF:src/types/objects/Word.ts
FN:6,(anonymous_0)
FN:10,(anonymous_1)
FN:13,(anonymous_2)
FN:16,(anonymous_3)
FN:19,(anonymous_4)
FN:22,(anonymous_5)
FN:25,(anonymous_6)
FNF:7
FNH:6
FNDA:1,(anonymous_0)
FNDA:1,(anonymous_1)
FNDA:1,(anonymous_2)
FNDA:1,(anonymous_3)
FNDA:1,(anonymous_4)
FNDA:1,(anonymous_5)
FNDA:0,(anonymous_6)
DA:1,1
DA:3,1
DA:7,1
DA:11,1
DA:14,1
DA:17,1
DA:20,1
DA:23,1
DA:26,0
LF:9
LH:8
BRDA:7,0,0,1
BRDA:7,0,1,0
BRF:2
BRH:1
end_of_record
TN:
SF:test/setup.ts
FN:4,(anonymous_0)
FN:8,(anonymous_1)
FNF:2
FNH:2
FNDA:14,(anonymous_0)
FNDA:14,(anonymous_1)
DA:1,14
DA:2,14
DA:4,14
DA:5,14
DA:8,14
DA:9,14
DA:10,12
DA:11,12
LF:8
LH:8
BRF:0
BRH:0
end_of_record
